

Microchip Technology PIC18 LITE Macro Assembler V1.44 build -154322312 
                                                                                               Tue Jan  9 06:08:51 2018

Microchip Technology Omniscient Code Generator v1.44 (Free mode) build 201709140600
     1                           	processor	18F4550
     2                           	fnconf	rparam,??,?,0
     3                           	opt	pw 120
     4                           	opt	lm
     5                           	psect	cinit,global,reloc=2,class=CODE,delta=1
     6                           	psect	cstackCOMRAM,global,class=COMRAM,space=1,delta=1,noexec
     7                           	psect	text0,global,reloc=2,class=CODE,delta=1
     8                           	psect	intsave_regs,global,class=BIGRAM,space=1,delta=1,noexec
     9                           	psect	rparam,global,class=COMRAM,space=1,delta=1,noexec
    10  0000                     
    11                           ; Version 1.44
    12                           ; Generated 14/09/2017 GMT
    13                           ; 
    14                           ; Copyright © 2017, Microchip Technology Inc. and its subsidiaries ("Microchip")
    15                           ; All rights reserved.
    16                           ; 
    17                           ; This software is developed by Microchip Technology Inc. and its subsidiaries ("Microch
      +                          ip").
    18                           ; 
    19                           ; Redistribution and use in source and binary forms, with or without modification, are
    20                           ; permitted provided that the following conditions are met:
    21                           ; 
    22                           ;     1. Redistributions of source code must retain the above copyright notice, this lis
      +                          t of
    23                           ;        conditions and the following disclaimer.
    24                           ; 
    25                           ;     2. Redistributions in binary form must reproduce the above copyright notice, this 
      +                          list
    26                           ;        of conditions and the following disclaimer in the documentation and/or other
    27                           ;        materials provided with the distribution.
    28                           ; 
    29                           ;     3. Microchip's name may not be used to endorse or promote products derived from th
      +                          is
    30                           ;        software without specific prior written permission.
    31                           ; 
    32                           ; THIS SOFTWARE IS PROVIDED BY MICROCHIP "AS IS" AND ANY EXPRESS OR IMPLIED WARRANTIES,
    33                           ; INCLUDING, BUT NOT LIMITED TO, THE IMPLIED WARRANTIES OF MERCHANTABILITY AND FITNESS F
      +                          OR
    34                           ; PURPOSE ARE DISCLAIMED.  IN NO EVENT SHALL MICROCHIP BE LIABLE FOR ANY DIRECT, INDIREC
      +                          T,
    35                           ; INCIDENTAL, SPECIAL, EXEMPLARY, OR CONSEQUENTIAL DAMAGES (INCLUDING BUT NOT LIMITED TO
    36                           ; PROCUREMENT OF SUBSTITUTE GOODS OR SERVICES; LOSS OF USE, DATA OR PROFITS; OR BUSINESS
    37                           ; INTERRUPTION) HOWSOEVER CAUSED AND ON ANY THEORY OF LIABILITY, WHETHER IN CONTRACT, ST
      +                          RICT
    38                           ; LIABILITY, OR TORT (INCLUDING NEGLIGENCE OR OTHERWISE) ARISING IN ANY WAY OUT OF THE U
      +                          SE OF
    39                           ; THIS SOFTWARE, EVEN IF ADVISED OF THE POSSIBILITY OF SUCH DAMAGE.
    40                           ; 
    41                           ; 
    42                           ; Code-generator required, PIC18F4550 Definitions
    43                           ; 
    44                           ; SFR Addresses
    45  0000                     _PORTDbits	set	3971
    46  0000                     _LATDbits	set	3980
    47  0000                     _LATBbits	set	3978
    48  0000                     _INTCON2bits	set	4081
    49  0000                     _PORTEbits	set	3972
    50  0000                     _TRISB	set	3987
    51  0000                     _TRISD	set	3989
    52  0000                     _LATB	set	3978
    53  0000                     _LATD	set	3980
    54                           
    55                           ; #config settings
    56  0000                     
    57                           	psect	cinit
    58  007FBC                     __pcinit:
    59                           	opt stack 0
    60  007FBC                     start_initialization:
    61                           	opt stack 0
    62  007FBC                     __initialization:
    63                           	opt stack 0
    64  007FBC                     end_of_initialization:
    65                           	opt stack 0
    66  007FBC                     __end_of__initialization:
    67                           	opt stack 0
    68  007FBC  0100               	movlb	0
    69  007FBE  EFE1  F03F         	goto	_main	;jump to C main() function
    70                           
    71                           	psect	cstackCOMRAM
    72  000000                     __pcstackCOMRAM:
    73                           	opt stack 0
    74  000000                     
    75                           ; 1 bytes @ 0x0
    76 ;;
    77 ;;Main: autosize = 0, tempsize = 0, incstack = 0, save=0
    78 ;;
    79 ;; *************** function _main *****************
    80 ;; Defined at:
    81 ;;		line 36 in file "Hola_5.c"
    82 ;; Parameters:    Size  Location     Type
    83 ;;		None
    84 ;; Auto vars:     Size  Location     Type
    85 ;;		None
    86 ;; Return value:  Size  Location     Type
    87 ;;                  1    wreg      void 
    88 ;; Registers used:
    89 ;;		wreg, status,2
    90 ;; Tracked objects:
    91 ;;		On entry : 0/0
    92 ;;		On exit  : 0/0
    93 ;;		Unchanged: 0/0
    94 ;; Data sizes:     COMRAM   BANK0   BANK1   BANK2   BANK3   BANK4   BANK5   BANK6   BANK7
    95 ;;      Params:         0       0       0       0       0       0       0       0       0
    96 ;;      Locals:         0       0       0       0       0       0       0       0       0
    97 ;;      Temps:          0       0       0       0       0       0       0       0       0
    98 ;;      Totals:         0       0       0       0       0       0       0       0       0
    99 ;;Total ram usage:        0 bytes
   100 ;; This function calls:
   101 ;;		Nothing
   102 ;; This function is called by:
   103 ;;		Startup code after reset
   104 ;; This function uses a non-reentrant model
   105 ;;
   106                           
   107                           	psect	text0
   108  007FC2                     __ptext0:
   109                           	opt stack 0
   110  007FC2                     _main:
   111                           	opt stack 31
   112                           
   113                           ;Hola_5.c: 39: LATD = 0x0;
   114                           
   115                           ;incstack = 0
   116  007FC2  0E00               	movlw	0
   117  007FC4  6E8C               	movwf	3980,c	;volatile
   118                           
   119                           ;Hola_5.c: 40: LATB = 0x0;
   120  007FC6  0E00               	movlw	0
   121  007FC8  6E8A               	movwf	3978,c	;volatile
   122                           
   123                           ;Hola_5.c: 42: TRISD = 0x7F;
   124  007FCA  0E7F               	movlw	127
   125  007FCC  6E95               	movwf	3989,c	;volatile
   126                           
   127                           ;Hola_5.c: 43: TRISB = 0xFE;
   128  007FCE  0EFE               	movlw	254
   129  007FD0  6E93               	movwf	3987,c	;volatile
   130                           
   131                           ;Hola_5.c: 47: PORTEbits.RDPU = 1;
   132  007FD2  8E84               	bsf	3972,7,c	;volatile
   133                           
   134                           ;Hola_5.c: 50: INTCON2bits.RBPU = 0;
   135  007FD4  9EF1               	bcf	intcon2,7,c	;volatile
   136                           
   137                           ;Hola_5.c: 54: LATBbits.LATB0 = 0;
   138  007FD6  908A               	bcf	3978,0,c	;volatile
   139                           
   140                           ;Hola_5.c: 55: LATDbits.LATD7 = 0;
   141  007FD8  9E8C               	bcf	3980,7,c	;volatile
   142  007FDA                     
   143                           ;Hola_5.c: 57: {
   144                           ;Hola_5.c: 58: if(PORTDbits.RD2 && PORTDbits.RD3 )
   145  007FDA  B483               	btfsc	3971,2,c	;volatile
   146  007FDC  A683               	btfss	3971,3,c	;volatile
   147  007FDE  D002               	goto	l24
   148                           
   149                           ;Hola_5.c: 59: {
   150                           ;Hola_5.c: 60: LATDbits.LATD7 = 0;
   151  007FE0  9E8C               	bcf	3980,7,c	;volatile
   152  007FE2  D009               	goto	L1
   153  007FE4                     l24:
   154                           
   155                           ;Hola_5.c: 63: else if((PORTDbits.RD2) && !(PORTDbits.RD3))
   156  007FE4  B483               	btfsc	3971,2,c	;volatile
   157  007FE6  B683               	btfsc	3971,3,c	;volatile
   158  007FE8  D002               	goto	l26
   159                           
   160                           ;Hola_5.c: 64: {
   161                           ;Hola_5.c: 65: LATDbits.LATD7 = 1;
   162  007FEA  8E8C               	bsf	3980,7,c	;volatile
   163  007FEC  D007               	goto	L2
   164  007FEE                     l26:
   165                           
   166                           ;Hola_5.c: 68: else if(!(PORTDbits.RD2) && (PORTDbits.RD3))
   167  007FEE  A483               	btfss	3971,2,c	;volatile
   168  007FF0  A683               	btfss	3971,3,c	;volatile
   169  007FF2  D003               	goto	l28
   170                           
   171                           ;Hola_5.c: 69: {
   172                           ;Hola_5.c: 70: LATDbits.LATD7 = 1;
   173  007FF4  8E8C               	bsf	3980,7,c	;volatile
   174  007FF6                     L1:
   175                           
   176                           ;Hola_5.c: 71: LATBbits.LATB0 = 1;
   177  007FF6  808A               	bsf	3978,0,c	;volatile
   178                           
   179                           ;Hola_5.c: 72: }
   180  007FF8  D7F0               	goto	l23
   181  007FFA                     l28:
   182                           
   183                           ;Hola_5.c: 73: else
   184                           ;Hola_5.c: 74: {
   185                           ;Hola_5.c: 75: LATDbits.LATD7 = 0;
   186  007FFA  9E8C               	bcf	3980,7,c	;volatile
   187  007FFC                     L2:
   188                           
   189                           ;Hola_5.c: 76: LATBbits.LATB0 = 0;
   190  007FFC  908A               	bcf	3978,0,c	;volatile
   191  007FFE  D7ED               	goto	l23
   192  008000                     __end_of_main:
   193                           	opt stack 0
   194  0000                     intcon2	equ	0xFF1
   195                           intcon2	equ	0xFF1
   196                           
   197                           	psect	rparam
   198  0000                     intcon2	equ	0xFF1


Data Sizes:
    Strings     0
    Constant    0
    Data        0
    BSS         0
    Persistent  0
    Stack       0

Auto Spaces:
    Space          Size  Autos    Used
    COMRAM           95      0       0
    BANK0           160      0       0
    BANK1           256      0       0
    BANK2           256      0       0
    BANK3           256      0       0
    BANK4           256      0       0
    BANK5           256      0       0
    BANK6           256      0       0
    BANK7           256      0       0

Pointer List with Targets:

    None.

Critical Paths under _main in COMRAM

    None.

Critical Paths under _main in BANK0

    None.

Critical Paths under _main in BANK1

    None.

Critical Paths under _main in BANK2

    None.

Critical Paths under _main in BANK3

    None.

Critical Paths under _main in BANK4

    None.

Critical Paths under _main in BANK5

    None.

Critical Paths under _main in BANK6

    None.

Critical Paths under _main in BANK7

    None.

Call Graph Tables:

 ---------------------------------------------------------------------------------
 (Depth) Function   	        Calls       Base Space   Used Autos Params    Refs
 ---------------------------------------------------------------------------------
 (0) _main                                                 0     0      0       0
 ---------------------------------------------------------------------------------
 Estimated maximum stack depth 0
 ---------------------------------------------------------------------------------

 Call Graph Graphs:

 _main (ROOT)

 Address spaces:
Name               Size   Autos  Total    Cost      Usage
BITCOMRAM           5F      0       0       0        0.0%
EEDATA             100      0       0       0        0.0%
NULL                 0      0       0       0        0.0%
CODE                 0      0       0       0        0.0%
COMRAM              5F      0       0       1        0.0%
STACK                0      0       0       2        0.0%
DATA                 0      0       0       3        0.0%
BITBANK0            A0      0       0       4        0.0%
BANK0               A0      0       0       5        0.0%
BITBANK1           100      0       0       6        0.0%
BANK1              100      0       0       7        0.0%
BITBANK2           100      0       0       8        0.0%
BANK2              100      0       0       9        0.0%
BITBANK3           100      0       0      10        0.0%
BANK3              100      0       0      11        0.0%
BITBANK4           100      0       0      12        0.0%
BANK4              100      0       0      13        0.0%
BITBANK5           100      0       0      14        0.0%
BANK5              100      0       0      15        0.0%
BITBANK6           100      0       0      16        0.0%
BANK6              100      0       0      17        0.0%
BITBANK7           100      0       0      18        0.0%
BANK7              100      0       0      19        0.0%
ABS                  0      0       0      20        0.0%
BIGRAM             7FF      0       0      21        0.0%
BITSFR               0      0       0     200        0.0%
SFR                  0      0       0     200        0.0%


Microchip Technology PIC18 Macro Assembler V1.44 build -154322312 
Symbol Table                                                                                   Tue Jan  9 06:08:51 2018

                     l23 7FDA                       l24 7FE4                       l26 7FEE  
                     l28 7FFA              __CFG_BORV$3 000000             __CFG_CP0$OFF 000000  
           __CFG_CP1$OFF 000000             __CFG_CP2$OFF 000000             __CFG_CP3$OFF 000000  
           __CFG_CPB$OFF 000000             __CFG_CPD$OFF 000000             __CFG_BOR$OFF 000000  
           __CFG_FOSC$HS 000000             __CFG_LVP$OFF 000000             __CFG_WDT$OFF 000000  
                   _LATB 000F8A                     _LATD 000F8C             __CFG_PWRT$ON 000000  
                   _main 7FC2                     start 0000            __CFG_IESO$OFF 000000  
          __CFG_MCLRE$ON 000000             ___param_bank 000000            __CFG_PLLDIV$2 000000  
                  ?_main 0000            __CFG_USBDIV$1 000000                    _TRISB 000F93  
                  _TRISD 000F95            __CFG_WRT0$OFF 000000            __CFG_WRT1$OFF 000000  
          __CFG_WRT2$OFF 000000            __CFG_WRT3$OFF 000000           __CFG_EBTR0$OFF 000000  
         __CFG_FCMEN$OFF 000000           __CFG_EBTR1$OFF 000000           __CFG_EBTR2$OFF 000000  
         __CFG_EBTR3$OFF 000000            __CFG_WRTB$OFF 000000            __CFG_WRTC$OFF 000000  
          __CFG_WRTD$OFF 000000           __CFG_EBTRB$OFF 000000           __CFG_ICPRT$OFF 000000  
        __initialization 7FBC             __end_of_main 8000                   ??_main 0000  
          __activetblptr 000000          __CFG_CCP2MX$OFF 000000           __CFG_XINST$OFF 000000  
         __CFG_STVREN$ON 000000               __accesstop 0060  __end_of__initialization 7FBC  
        __CFG_PBADEN$OFF 000000            ___rparam_used 000001           __pcstackCOMRAM 0000  
        __CFG_VREGEN$OFF 000000                  __Hparam 0000                  __Lparam 0000  
                __pcinit 7FBC                  __ramtop 0800                  __ptext0 7FC2  
   end_of_initialization 7FBC                _PORTDbits 000F83                _PORTEbits 000F84  
    start_initialization 7FBC         __CFG_LPT1OSC$OFF 000000                 _LATBbits 000F8A  
               _LATDbits 000F8C         __CFG_WDTPS$32768 000000              _INTCON2bits 000FF1  
               __Hrparam 0000                 __Lrparam 0000            __size_of_main 003E  
  __CFG_CPUDIV$OSC1_PLL2 000000  
