

Microchip Technology PIC18 LITE Macro Assembler V1.44 build -154322312 
                                                                                               Tue Jan  9 17:49:26 2018

Microchip Technology Omniscient Code Generator v1.44 (Free mode) build 201709140600
     1                           	processor	18F4550
     2                           	fnconf	rparam,??,?,0
     3                           	opt	pw 120
     4                           	opt	lm
     5                           	psect	cinit,global,reloc=2,class=CODE,delta=1
     6                           	psect	cstackCOMRAM,global,class=COMRAM,space=1,delta=1,noexec
     7                           	psect	text0,global,reloc=2,class=CODE,delta=1
     8                           	psect	intsave_regs,global,class=BIGRAM,space=1,delta=1,noexec
     9                           	psect	rparam,global,class=COMRAM,space=1,delta=1,noexec
    10  0000                     
    11                           ; Version 1.44
    12                           ; Generated 14/09/2017 GMT
    13                           ; 
    14                           ; Copyright © 2017, Microchip Technology Inc. and its subsidiaries ("Microchip")
    15                           ; All rights reserved.
    16                           ; 
    17                           ; This software is developed by Microchip Technology Inc. and its subsidiaries ("Microch
      +                          ip").
    18                           ; 
    19                           ; Redistribution and use in source and binary forms, with or without modification, are
    20                           ; permitted provided that the following conditions are met:
    21                           ; 
    22                           ;     1. Redistributions of source code must retain the above copyright notice, this lis
      +                          t of
    23                           ;        conditions and the following disclaimer.
    24                           ; 
    25                           ;     2. Redistributions in binary form must reproduce the above copyright notice, this 
      +                          list
    26                           ;        of conditions and the following disclaimer in the documentation and/or other
    27                           ;        materials provided with the distribution.
    28                           ; 
    29                           ;     3. Microchip's name may not be used to endorse or promote products derived from th
      +                          is
    30                           ;        software without specific prior written permission.
    31                           ; 
    32                           ; THIS SOFTWARE IS PROVIDED BY MICROCHIP "AS IS" AND ANY EXPRESS OR IMPLIED WARRANTIES,
    33                           ; INCLUDING, BUT NOT LIMITED TO, THE IMPLIED WARRANTIES OF MERCHANTABILITY AND FITNESS F
      +                          OR
    34                           ; PURPOSE ARE DISCLAIMED.  IN NO EVENT SHALL MICROCHIP BE LIABLE FOR ANY DIRECT, INDIREC
      +                          T,
    35                           ; INCIDENTAL, SPECIAL, EXEMPLARY, OR CONSEQUENTIAL DAMAGES (INCLUDING BUT NOT LIMITED TO
    36                           ; PROCUREMENT OF SUBSTITUTE GOODS OR SERVICES; LOSS OF USE, DATA OR PROFITS; OR BUSINESS
    37                           ; INTERRUPTION) HOWSOEVER CAUSED AND ON ANY THEORY OF LIABILITY, WHETHER IN CONTRACT, ST
      +                          RICT
    38                           ; LIABILITY, OR TORT (INCLUDING NEGLIGENCE OR OTHERWISE) ARISING IN ANY WAY OUT OF THE U
      +                          SE OF
    39                           ; THIS SOFTWARE, EVEN IF ADVISED OF THE POSSIBILITY OF SUCH DAMAGE.
    40                           ; 
    41                           ; 
    42                           ; Code-generator required, PIC18F4550 Definitions
    43                           ; 
    44                           ; SFR Addresses
    45  0000                     _PORTDbits	set	3971
    46  0000                     _LATBbits	set	3978
    47  0000                     _INTCON2bits	set	4081
    48  0000                     _PORTEbits	set	3972
    49  0000                     _TRISB	set	3987
    50  0000                     _TRISD	set	3989
    51  0000                     _LATB	set	3978
    52  0000                     _LATD	set	3980
    53  0000                     _LATDbits	set	3980
    54                           
    55                           ; #config settings
    56  0000                     
    57                           	psect	cinit
    58  007F68                     __pcinit:
    59                           	opt stack 0
    60  007F68                     start_initialization:
    61                           	opt stack 0
    62  007F68                     __initialization:
    63                           	opt stack 0
    64  007F68                     end_of_initialization:
    65                           	opt stack 0
    66  007F68                     __end_of__initialization:
    67                           	opt stack 0
    68  007F68  0100               	movlb	0
    69  007F6A  EFB7  F03F         	goto	_main	;jump to C main() function
    70                           
    71                           	psect	cstackCOMRAM
    72  000001                     __pcstackCOMRAM:
    73                           	opt stack 0
    74  000001                     ??_main:
    75                           
    76                           ; 1 bytes @ 0x0
    77  000001                     	ds	1
    78                           
    79 ;;
    80 ;;Main: autosize = 0, tempsize = 1, incstack = 0, save=0
    81 ;;
    82 ;; *************** function _main *****************
    83 ;; Defined at:
    84 ;;		line 44 in file "Hola_6.c"
    85 ;; Parameters:    Size  Location     Type
    86 ;;		None
    87 ;; Auto vars:     Size  Location     Type
    88 ;;		None
    89 ;; Return value:  Size  Location     Type
    90 ;;                  1    wreg      void 
    91 ;; Registers used:
    92 ;;		wreg, status,2
    93 ;; Tracked objects:
    94 ;;		On entry : 0/0
    95 ;;		On exit  : 0/0
    96 ;;		Unchanged: 0/0
    97 ;; Data sizes:     COMRAM   BANK0   BANK1   BANK2   BANK3   BANK4   BANK5   BANK6   BANK7
    98 ;;      Params:         0       0       0       0       0       0       0       0       0
    99 ;;      Locals:         0       0       0       0       0       0       0       0       0
   100 ;;      Temps:          1       0       0       0       0       0       0       0       0
   101 ;;      Totals:         1       0       0       0       0       0       0       0       0
   102 ;;Total ram usage:        1 bytes
   103 ;; This function calls:
   104 ;;		Nothing
   105 ;; This function is called by:
   106 ;;		Startup code after reset
   107 ;; This function uses a non-reentrant model
   108 ;;
   109                           
   110                           	psect	text0
   111  007F6E                     __ptext0:
   112                           	opt stack 0
   113  007F6E                     _main:
   114                           	opt stack 31
   115                           
   116                           ;Hola_6.c: 46: LATDbits.LATD0 = 1;
   117                           
   118                           ;incstack = 0
   119  007F6E  808C               	bsf	3980,0,c	;volatile
   120                           
   121                           ;Hola_6.c: 48: LATD = 0x0;
   122  007F70  0E00               	movlw	0
   123  007F72  6E8C               	movwf	3980,c	;volatile
   124                           
   125                           ;Hola_6.c: 49: LATB = 0x0;
   126  007F74  0E00               	movlw	0
   127  007F76  6E8A               	movwf	3978,c	;volatile
   128                           
   129                           ;Hola_6.c: 51: TRISD = 0x7F;
   130  007F78  0E7F               	movlw	127
   131  007F7A  6E95               	movwf	3989,c	;volatile
   132                           
   133                           ;Hola_6.c: 52: TRISB = 0xFE;
   134  007F7C  0EFE               	movlw	254
   135  007F7E  6E93               	movwf	3987,c	;volatile
   136                           
   137                           ;Hola_6.c: 57: PORTEbits.RDPU = 1;
   138  007F80  8E84               	bsf	3972,7,c	;volatile
   139                           
   140                           ;Hola_6.c: 60: INTCON2bits.RBPU = 0;
   141  007F82  9EF1               	bcf	intcon2,7,c	;volatile
   142                           
   143                           ;Hola_6.c: 63: LATBbits.LATB0 = 0;
   144  007F84  908A               	bcf	3978,0,c	;volatile
   145                           
   146                           ;Hola_6.c: 64: LATDbits.LATD7 = 0;
   147  007F86  9E8C               	bcf	3980,7,c	;volatile
   148  007F88                     
   149                           ;Hola_6.c: 67: if ((PORTDbits.RD2) && !(PORTDbits.RD3))
   150  007F88  B483               	btfsc	3971,2,c	;volatile
   151  007F8A  B683               	btfsc	3971,3,c	;volatile
   152  007F8C  D010               	goto	l26
   153                           
   154                           ;Hola_6.c: 68: {
   155                           ;Hola_6.c: 69: _delay((unsigned long)((20)*(20000000/4000.0)));
   156  007F8E  0E82               	movlw	130
   157  007F90  6E01               	movwf	??_main& (0+255),c
   158  007F92  0EDE               	movlw	222
   159  007F94                     u197:
   160  007F94  2EE8               	decfsz	wreg,f,c
   161  007F96  D7FE               	bra	u197
   162  007F98  2E01               	decfsz	??_main& (0+255),f,c
   163  007F9A  D7FC               	bra	u197
   164                           
   165                           ;Hola_6.c: 70: if ((PORTDbits.RD2) && !(PORTDbits.RD3))
   166  007F9C  B483               	btfsc	3971,2,c	;volatile
   167  007F9E  B683               	btfsc	3971,3,c	;volatile
   168  007FA0  D7F3               	goto	l25
   169                           
   170                           ;Hola_6.c: 71: {
   171                           ;Hola_6.c: 72: LATDbits.LATD7 = 1;
   172  007FA2  8E8C               	bsf	3980,7,c	;volatile
   173                           
   174                           ;Hola_6.c: 73: LATBbits.LATB0 = 0;
   175  007FA4  908A               	bcf	3978,0,c	;volatile
   176  007FA6  B483               	btfsc	3971,2,c	;volatile
   177  007FA8  B683               	btfsc	3971,3,c	;volatile
   178  007FAA  D7EE               	goto	l25
   179  007FAC  D7FC               	goto	l29
   180  007FAE                     l26:
   181                           
   182                           ;Hola_6.c: 78: else if (!(PORTDbits.RD2) && (PORTDbits.RD3))
   183  007FAE  A483               	btfss	3971,2,c	;volatile
   184  007FB0  A683               	btfss	3971,3,c	;volatile
   185  007FB2  D010               	goto	l34
   186                           
   187                           ;Hola_6.c: 79: {
   188                           ;Hola_6.c: 80: _delay((unsigned long)((20)*(20000000/4000.0)));
   189  007FB4  0E82               	movlw	130
   190  007FB6  6E01               	movwf	??_main& (0+255),c
   191  007FB8  0EDE               	movlw	222
   192  007FBA                     u207:
   193  007FBA  2EE8               	decfsz	wreg,f,c
   194  007FBC  D7FE               	bra	u207
   195  007FBE  2E01               	decfsz	??_main& (0+255),f,c
   196  007FC0  D7FC               	bra	u207
   197                           
   198                           ;Hola_6.c: 81: if (!(PORTDbits.RD2) && (PORTDbits.RD3))
   199  007FC2  A483               	btfss	3971,2,c	;volatile
   200  007FC4  A683               	btfss	3971,3,c	;volatile
   201  007FC6  D7E0               	goto	l25
   202                           
   203                           ;Hola_6.c: 82: {
   204                           ;Hola_6.c: 83: LATDbits.LATD7 = 1;
   205  007FC8  8E8C               	bsf	3980,7,c	;volatile
   206                           
   207                           ;Hola_6.c: 84: LATBbits.LATB0 = 1;
   208  007FCA  808A               	bsf	3978,0,c	;volatile
   209  007FCC  A483               	btfss	3971,2,c	;volatile
   210  007FCE  A683               	btfss	3971,3,c	;volatile
   211  007FD0  D7DB               	goto	l25
   212  007FD2  D7FC               	goto	l37
   213  007FD4                     l34:
   214                           
   215                           ;Hola_6.c: 88: else if (!(PORTDbits.RD2) && !(PORTDbits.RD3))
   216  007FD4  A483               	btfss	3971,2,c	;volatile
   217  007FD6  B683               	btfsc	3971,3,c	;volatile
   218  007FD8  D010               	goto	l42
   219                           
   220                           ;Hola_6.c: 89: {
   221                           ;Hola_6.c: 90: _delay((unsigned long)((20)*(20000000/4000.0)));
   222  007FDA  0E82               	movlw	130
   223  007FDC  6E01               	movwf	??_main& (0+255),c
   224  007FDE  0EDE               	movlw	222
   225  007FE0                     u217:
   226  007FE0  2EE8               	decfsz	wreg,f,c
   227  007FE2  D7FE               	bra	u217
   228  007FE4  2E01               	decfsz	??_main& (0+255),f,c
   229  007FE6  D7FC               	bra	u217
   230                           
   231                           ;Hola_6.c: 91: if (!(PORTDbits.RD2) && !(PORTDbits.RD3))
   232  007FE8  A483               	btfss	3971,2,c	;volatile
   233  007FEA  B683               	btfsc	3971,3,c	;volatile
   234  007FEC  D7CD               	goto	l25
   235                           
   236                           ;Hola_6.c: 92: {
   237                           ;Hola_6.c: 93: LATDbits.LATD7 = 0;
   238  007FEE  9E8C               	bcf	3980,7,c	;volatile
   239                           
   240                           ;Hola_6.c: 94: LATBbits.LATB0 = 0;
   241  007FF0  908A               	bcf	3978,0,c	;volatile
   242  007FF2  A483               	btfss	3971,2,c	;volatile
   243  007FF4  B683               	btfsc	3971,3,c	;volatile
   244  007FF6  D7C8               	goto	l25
   245  007FF8  D7FC               	goto	l45
   246  007FFA                     l42:
   247                           
   248                           ;Hola_6.c: 99: else
   249                           ;Hola_6.c: 100: {
   250                           ;Hola_6.c: 101: LATDbits.LATD7 = 0;
   251  007FFA  9E8C               	bcf	3980,7,c	;volatile
   252                           
   253                           ;Hola_6.c: 102: LATBbits.LATB0 = 1;
   254  007FFC  808A               	bsf	3978,0,c	;volatile
   255  007FFE  D7C4               	goto	l25
   256  008000                     __end_of_main:
   257                           	opt stack 0
   258  0000                     intcon2	equ	0xFF1
   259                           wreg	equ	0xFE8
   260                           intcon2	equ	0xFF1
   261                           wreg	equ	0xFE8
   262                           
   263                           	psect	rparam
   264  0000                     intcon2	equ	0xFF1
   265                           wreg	equ	0xFE8


Data Sizes:
    Strings     0
    Constant    0
    Data        0
    BSS         0
    Persistent  0
    Stack       0

Auto Spaces:
    Space          Size  Autos    Used
    COMRAM           95      1       1
    BANK0           160      0       0
    BANK1           256      0       0
    BANK2           256      0       0
    BANK3           256      0       0
    BANK4           256      0       0
    BANK5           256      0       0
    BANK6           256      0       0
    BANK7           256      0       0

Pointer List with Targets:

    None.

Critical Paths under _main in COMRAM

    None.

Critical Paths under _main in BANK0

    None.

Critical Paths under _main in BANK1

    None.

Critical Paths under _main in BANK2

    None.

Critical Paths under _main in BANK3

    None.

Critical Paths under _main in BANK4

    None.

Critical Paths under _main in BANK5

    None.

Critical Paths under _main in BANK6

    None.

Critical Paths under _main in BANK7

    None.

Call Graph Tables:

 ---------------------------------------------------------------------------------
 (Depth) Function   	        Calls       Base Space   Used Autos Params    Refs
 ---------------------------------------------------------------------------------
 (0) _main                                                 1     1      0       0
                                              0 COMRAM     1     1      0
 ---------------------------------------------------------------------------------
 Estimated maximum stack depth 0
 ---------------------------------------------------------------------------------

 Call Graph Graphs:

 _main (ROOT)

 Address spaces:
Name               Size   Autos  Total    Cost      Usage
BITCOMRAM           5F      0       0       0        0.0%
EEDATA             100      0       0       0        0.0%
NULL                 0      0       0       0        0.0%
CODE                 0      0       0       0        0.0%
COMRAM              5F      1       1       1        1.1%
STACK                0      0       0       2        0.0%
DATA                 0      0       0       3        0.0%
BITBANK0            A0      0       0       4        0.0%
BANK0               A0      0       0       5        0.0%
BITBANK1           100      0       0       6        0.0%
BANK1              100      0       0       7        0.0%
BITBANK2           100      0       0       8        0.0%
BANK2              100      0       0       9        0.0%
BITBANK3           100      0       0      10        0.0%
BANK3              100      0       0      11        0.0%
BITBANK4           100      0       0      12        0.0%
BANK4              100      0       0      13        0.0%
BITBANK5           100      0       0      14        0.0%
BANK5              100      0       0      15        0.0%
BITBANK6           100      0       0      16        0.0%
BANK6              100      0       0      17        0.0%
BITBANK7           100      0       0      18        0.0%
BANK7              100      0       0      19        0.0%
ABS                  0      0       0      20        0.0%
BIGRAM             7FF      0       0      21        0.0%
BITSFR               0      0       0     200        0.0%
SFR                  0      0       0     200        0.0%


Microchip Technology PIC18 Macro Assembler V1.44 build -154322312 
Symbol Table                                                                                   Tue Jan  9 17:49:26 2018

                     l25 7F88                       l42 7FFA                       l34 7FD4  
                     l26 7FAE                       l45 7FF2                       l37 7FCC  
                     l29 7FA6              __CFG_BORV$3 000000             __CFG_CP0$OFF 000000  
           __CFG_CP1$OFF 000000             __CFG_CP2$OFF 000000             __CFG_CP3$OFF 000000  
           __CFG_CPB$OFF 000000                      u207 7FBA                      u217 7FE0  
           __CFG_CPD$OFF 000000                      u197 7F94             __CFG_BOR$OFF 000000  
                    wreg 000FE8             __CFG_FOSC$HS 000000             __CFG_LVP$OFF 000000  
           __CFG_WDT$OFF 000000                     _LATB 000F8A                     _LATD 000F8C  
           __CFG_PWRT$ON 000000                     _main 7F6E                     start 0000  
          __CFG_IESO$OFF 000000            __CFG_MCLRE$ON 000000             ___param_bank 000000  
          __CFG_PLLDIV$2 000000                    ?_main 0001            __CFG_USBDIV$1 000000  
                  _TRISB 000F93                    _TRISD 000F95            __CFG_WRT0$OFF 000000  
          __CFG_WRT1$OFF 000000            __CFG_WRT2$OFF 000000            __CFG_WRT3$OFF 000000  
         __CFG_EBTR0$OFF 000000           __CFG_FCMEN$OFF 000000           __CFG_EBTR1$OFF 000000  
         __CFG_EBTR2$OFF 000000           __CFG_EBTR3$OFF 000000            __CFG_WRTB$OFF 000000  
          __CFG_WRTC$OFF 000000            __CFG_WRTD$OFF 000000           __CFG_EBTRB$OFF 000000  
         __CFG_ICPRT$OFF 000000          __initialization 7F68             __end_of_main 8000  
                 ??_main 0001            __activetblptr 000000          __CFG_CCP2MX$OFF 000000  
         __CFG_XINST$OFF 000000           __CFG_STVREN$ON 000000               __accesstop 0060  
__end_of__initialization 7F68          __CFG_PBADEN$OFF 000000            ___rparam_used 000001  
         __pcstackCOMRAM 0001          __CFG_VREGEN$OFF 000000                  __Hparam 0000  
                __Lparam 0000                  __pcinit 7F68                  __ramtop 0800  
                __ptext0 7F6E     end_of_initialization 7F68                _PORTDbits 000F83  
              _PORTEbits 000F84      start_initialization 7F68         __CFG_LPT1OSC$OFF 000000  
               _LATBbits 000F8A                 _LATDbits 000F8C         __CFG_WDTPS$32768 000000  
            _INTCON2bits 000FF1                 __Hrparam 0000                 __Lrparam 0000  
          __size_of_main 0092    __CFG_CPUDIV$OSC1_PLL2 000000  
