

Microchip Technology PIC18 LITE Macro Assembler V1.44 build -154322312 
                                                                                               Tue Jan  9 21:53:23 2018

Microchip Technology Omniscient Code Generator v1.44 (Free mode) build 201709140600
     1                           	processor	18F452
     2                           	fnconf	rparam,??,?,0
     3                           	opt	pw 120
     4                           	opt	lm
     5                           	psect	cinit,global,reloc=2,class=CODE,delta=1
     6                           	psect	cstackCOMRAM,global,class=COMRAM,space=1,delta=1,noexec
     7                           	psect	text0,global,reloc=2,class=CODE,delta=1
     8                           	psect	intsave_regs,global,class=BIGRAM,space=1,delta=1,noexec
     9                           	psect	rparam,global,class=COMRAM,space=1,delta=1,noexec
    10  0000                     
    11                           ; Version 1.44
    12                           ; Generated 14/09/2017 GMT
    13                           ; 
    14                           ; Copyright © 2017, Microchip Technology Inc. and its subsidiaries ("Microchip")
    15                           ; All rights reserved.
    16                           ; 
    17                           ; This software is developed by Microchip Technology Inc. and its subsidiaries ("Microch
      +                          ip").
    18                           ; 
    19                           ; Redistribution and use in source and binary forms, with or without modification, are
    20                           ; permitted provided that the following conditions are met:
    21                           ; 
    22                           ;     1. Redistributions of source code must retain the above copyright notice, this lis
      +                          t of
    23                           ;        conditions and the following disclaimer.
    24                           ; 
    25                           ;     2. Redistributions in binary form must reproduce the above copyright notice, this 
      +                          list
    26                           ;        of conditions and the following disclaimer in the documentation and/or other
    27                           ;        materials provided with the distribution.
    28                           ; 
    29                           ;     3. Microchip's name may not be used to endorse or promote products derived from th
      +                          is
    30                           ;        software without specific prior written permission.
    31                           ; 
    32                           ; THIS SOFTWARE IS PROVIDED BY MICROCHIP "AS IS" AND ANY EXPRESS OR IMPLIED WARRANTIES,
    33                           ; INCLUDING, BUT NOT LIMITED TO, THE IMPLIED WARRANTIES OF MERCHANTABILITY AND FITNESS F
      +                          OR
    34                           ; PURPOSE ARE DISCLAIMED.  IN NO EVENT SHALL MICROCHIP BE LIABLE FOR ANY DIRECT, INDIREC
      +                          T,
    35                           ; INCIDENTAL, SPECIAL, EXEMPLARY, OR CONSEQUENTIAL DAMAGES (INCLUDING BUT NOT LIMITED TO
    36                           ; PROCUREMENT OF SUBSTITUTE GOODS OR SERVICES; LOSS OF USE, DATA OR PROFITS; OR BUSINESS
    37                           ; INTERRUPTION) HOWSOEVER CAUSED AND ON ANY THEORY OF LIABILITY, WHETHER IN CONTRACT, ST
      +                          RICT
    38                           ; LIABILITY, OR TORT (INCLUDING NEGLIGENCE OR OTHERWISE) ARISING IN ANY WAY OUT OF THE U
      +                          SE OF
    39                           ; THIS SOFTWARE, EVEN IF ADVISED OF THE POSSIBILITY OF SUCH DAMAGE.
    40                           ; 
    41                           ; 
    42                           ; Code-generator required, PIC18F452 Definitions
    43                           ; 
    44                           ; SFR Addresses
    45  0000                     _PORTDbits	set	3971
    46  0000                     _LATDbits	set	3980
    47  0000                     _LATBbits	set	3978
    48  0000                     _INTCON2bits	set	4081
    49  0000                     _TRISB	set	3987
    50  0000                     _TRISD	set	3989
    51  0000                     _LATB	set	3978
    52  0000                     _LATD	set	3980
    53                           
    54                           ; #config settings
    55  0000                     
    56                           	psect	cinit
    57  003F4E                     __pcinit:
    58                           	opt stack 0
    59  003F4E                     start_initialization:
    60                           	opt stack 0
    61  003F4E                     __initialization:
    62                           	opt stack 0
    63  003F4E                     end_of_initialization:
    64                           	opt stack 0
    65  003F4E                     __end_of__initialization:
    66                           	opt stack 0
    67  003F4E  0100               	movlb	0
    68  003F50  EFAA  F01F         	goto	_main	;jump to C main() function
    69                           
    70                           	psect	cstackCOMRAM
    71  000001                     __pcstackCOMRAM:
    72                           	opt stack 0
    73  000001                     ??_main:
    74                           
    75                           ; 1 bytes @ 0x0
    76  000001                     	ds	1
    77                           
    78 ;;
    79 ;;Main: autosize = 0, tempsize = 1, incstack = 0, save=0
    80 ;;
    81 ;; *************** function _main *****************
    82 ;; Defined at:
    83 ;;		line 44 in file "Hola_6.c"
    84 ;; Parameters:    Size  Location     Type
    85 ;;		None
    86 ;; Auto vars:     Size  Location     Type
    87 ;;		None
    88 ;; Return value:  Size  Location     Type
    89 ;;                  1    wreg      void 
    90 ;; Registers used:
    91 ;;		wreg, status,2
    92 ;; Tracked objects:
    93 ;;		On entry : 0/0
    94 ;;		On exit  : 0/0
    95 ;;		Unchanged: 0/0
    96 ;; Data sizes:     COMRAM   BANK0   BANK1   BANK2   BANK3   BANK4   BANK5
    97 ;;      Params:         0       0       0       0       0       0       0
    98 ;;      Locals:         0       0       0       0       0       0       0
    99 ;;      Temps:          1       0       0       0       0       0       0
   100 ;;      Totals:         1       0       0       0       0       0       0
   101 ;;Total ram usage:        1 bytes
   102 ;; This function calls:
   103 ;;		Nothing
   104 ;; This function is called by:
   105 ;;		Startup code after reset
   106 ;; This function uses a non-reentrant model
   107 ;;
   108                           
   109                           	psect	text0
   110  003F54                     __ptext0:
   111                           	opt stack 0
   112  003F54                     _main:
   113                           	opt stack 0
   114  003F54  FFFF               	dw	65535	; assembler added errata NOP
   115                           
   116                           ;Hola_6.c: 48: LATD = 0x0;
   117                           
   118                           ;incstack = 0
   119  003F56  0E00               	movlw	0
   120  003F58  6E8C               	movwf	3980,c	;volatile
   121                           
   122                           ;Hola_6.c: 49: LATB = 0x0;
   123  003F5A  0E00               	movlw	0
   124  003F5C  6E8A               	movwf	3978,c	;volatile
   125                           
   126                           ;Hola_6.c: 51: TRISD = 0x7F;
   127  003F5E  0E7F               	movlw	127
   128  003F60  6E95               	movwf	3989,c	;volatile
   129                           
   130                           ;Hola_6.c: 52: TRISB = 0xFE;
   131  003F62  0EFE               	movlw	254
   132  003F64  6E93               	movwf	3987,c	;volatile
   133                           
   134                           ;Hola_6.c: 60: INTCON2bits.RBPU = 0;
   135  003F66  9EF1               	bcf	intcon2,7,c	;volatile
   136                           
   137                           ;Hola_6.c: 63: LATBbits.LATB0 = 0;
   138  003F68  908A               	bcf	3978,0,c	;volatile
   139                           
   140                           ;Hola_6.c: 64: LATDbits.LATD7 = 0;
   141  003F6A  9E8C               	bcf	3980,7,c	;volatile
   142  003F6C  FFFF               	dw	65535	; assembler added errata NOP
   143                           
   144                           ;Hola_6.c: 67: if ((PORTDbits.RD2) && !(PORTDbits.RD3))
   145  003F6E  B483               	btfsc	3971,2,c	;volatile
   146  003F70  B683               	btfsc	3971,3,c	;volatile
   147  003F72  D013               	goto	l24
   148                           
   149                           ;Hola_6.c: 68: {
   150                           ;Hola_6.c: 69: _delay((unsigned long)((20)*(20000000/4000.0)));
   151  003F74  0E62               	movlw	98
   152  003F76  6E01               	movwf	??_main& (0+255),c
   153  003F78  0E76               	movlw	118
   154  003F7A                     u197:
   155  003F7A  FFFF               	dw	65535	; errata NOP
   156  003F7C  2EE8               	decfsz	wreg,f,c
   157  003F7E  D7FD               	bra	u197
   158  003F80  2E01               	decfsz	??_main& (0+255),f,c
   159  003F82  D7FB               	bra	u197
   160  003F84  D000               	nop2	
   161                           
   162                           ;Hola_6.c: 70: if ((PORTDbits.RD2) && !(PORTDbits.RD3))
   163  003F86  B483               	btfsc	3971,2,c	;volatile
   164  003F88  B683               	btfsc	3971,3,c	;volatile
   165  003F8A  D7F0               	goto	l23
   166                           
   167                           ;Hola_6.c: 71: {
   168                           ;Hola_6.c: 72: LATDbits.LATD7 = 1;
   169  003F8C  8E8C               	bsf	3980,7,c	;volatile
   170                           
   171                           ;Hola_6.c: 73: LATBbits.LATB0 = 0;
   172  003F8E  908A               	bcf	3978,0,c	;volatile
   173  003F90  FFFF               	dw	65535	; assembler added errata NOP
   174  003F92  B483               	btfsc	3971,2,c	;volatile
   175  003F94  B683               	btfsc	3971,3,c	;volatile
   176  003F96  D7EA               	goto	l23
   177  003F98  D7FB               	goto	l27
   178  003F9A                     l24:
   179  003F9A  FFFF               	dw	65535	; assembler added errata NOP
   180                           
   181                           ;Hola_6.c: 78: else if (!(PORTDbits.RD2) && (PORTDbits.RD3))
   182  003F9C  A483               	btfss	3971,2,c	;volatile
   183  003F9E  A683               	btfss	3971,3,c	;volatile
   184  003FA0  D013               	goto	l32
   185                           
   186                           ;Hola_6.c: 79: {
   187                           ;Hola_6.c: 80: _delay((unsigned long)((20)*(20000000/4000.0)));
   188  003FA2  0E62               	movlw	98
   189  003FA4  6E01               	movwf	??_main& (0+255),c
   190  003FA6  0E76               	movlw	118
   191  003FA8                     u207:
   192  003FA8  FFFF               	dw	65535	; errata NOP
   193  003FAA  2EE8               	decfsz	wreg,f,c
   194  003FAC  D7FD               	bra	u207
   195  003FAE  2E01               	decfsz	??_main& (0+255),f,c
   196  003FB0  D7FB               	bra	u207
   197  003FB2  D000               	nop2	
   198                           
   199                           ;Hola_6.c: 81: if (!(PORTDbits.RD2) && (PORTDbits.RD3))
   200  003FB4  A483               	btfss	3971,2,c	;volatile
   201  003FB6  A683               	btfss	3971,3,c	;volatile
   202  003FB8  D7D9               	goto	l23
   203                           
   204                           ;Hola_6.c: 82: {
   205                           ;Hola_6.c: 83: LATDbits.LATD7 = 1;
   206  003FBA  8E8C               	bsf	3980,7,c	;volatile
   207                           
   208                           ;Hola_6.c: 84: LATBbits.LATB0 = 1;
   209  003FBC  808A               	bsf	3978,0,c	;volatile
   210  003FBE  FFFF               	dw	65535	; assembler added errata NOP
   211  003FC0  A483               	btfss	3971,2,c	;volatile
   212  003FC2  A683               	btfss	3971,3,c	;volatile
   213  003FC4  D7D3               	goto	l23
   214  003FC6  D7FB               	goto	l35
   215  003FC8                     l32:
   216  003FC8  FFFF               	dw	65535	; assembler added errata NOP
   217                           
   218                           ;Hola_6.c: 88: else if (!(PORTDbits.RD2) && !(PORTDbits.RD3))
   219  003FCA  A483               	btfss	3971,2,c	;volatile
   220  003FCC  B683               	btfsc	3971,3,c	;volatile
   221  003FCE  D013               	goto	l40
   222                           
   223                           ;Hola_6.c: 89: {
   224                           ;Hola_6.c: 90: _delay((unsigned long)((20)*(20000000/4000.0)));
   225  003FD0  0E62               	movlw	98
   226  003FD2  6E01               	movwf	??_main& (0+255),c
   227  003FD4  0E76               	movlw	118
   228  003FD6                     u217:
   229  003FD6  FFFF               	dw	65535	; errata NOP
   230  003FD8  2EE8               	decfsz	wreg,f,c
   231  003FDA  D7FD               	bra	u217
   232  003FDC  2E01               	decfsz	??_main& (0+255),f,c
   233  003FDE  D7FB               	bra	u217
   234  003FE0  D000               	nop2	
   235                           
   236                           ;Hola_6.c: 91: if (!(PORTDbits.RD2) && !(PORTDbits.RD3))
   237  003FE2  A483               	btfss	3971,2,c	;volatile
   238  003FE4  B683               	btfsc	3971,3,c	;volatile
   239  003FE6  D7C2               	goto	l23
   240                           
   241                           ;Hola_6.c: 92: {
   242                           ;Hola_6.c: 93: LATDbits.LATD7 = 0;
   243  003FE8  9E8C               	bcf	3980,7,c	;volatile
   244                           
   245                           ;Hola_6.c: 94: LATBbits.LATB0 = 0;
   246  003FEA  908A               	bcf	3978,0,c	;volatile
   247  003FEC  FFFF               	dw	65535	; assembler added errata NOP
   248  003FEE  A483               	btfss	3971,2,c	;volatile
   249  003FF0  B683               	btfsc	3971,3,c	;volatile
   250  003FF2  D7BC               	goto	l23
   251  003FF4  D7FB               	goto	l43
   252  003FF6                     l40:
   253  003FF6  FFFF               	dw	65535	; assembler added errata NOP
   254                           
   255                           ;Hola_6.c: 99: else
   256                           ;Hola_6.c: 100: {
   257                           ;Hola_6.c: 101: LATDbits.LATD7 = 0;
   258  003FF8  9E8C               	bcf	3980,7,c	;volatile
   259                           
   260                           ;Hola_6.c: 102: LATBbits.LATB0 = 1;
   261  003FFA  808A               	bsf	3978,0,c	;volatile
   262  003FFC  D7B7               	goto	l23
   263  003FFE                     __end_of_main:
   264                           	opt stack 0
   265  003FFE  FFFF               	dw	65535	; assembler added errata NOP
   266                           intcon2	equ	0xFF1
   267                           wreg	equ	0xFE8
   268                           intcon2	equ	0xFF1
   269                           wreg	equ	0xFE8
   270                           
   271                           	psect	rparam
   272  0000                     intcon2	equ	0xFF1
   273                           wreg	equ	0xFE8


Data Sizes:
    Strings     0
    Constant    0
    Data        0
    BSS         0
    Persistent  0
    Stack       0

Auto Spaces:
    Space          Size  Autos    Used
    COMRAM          127      1       1
    BANK0           128      0       0
    BANK1           256      0       0
    BANK2           256      0       0
    BANK3           256      0       0
    BANK4           256      0       0
    BANK5           256      0       0

Pointer List with Targets:

    None.

Critical Paths under _main in COMRAM

    None.

Critical Paths under _main in BANK0

    None.

Critical Paths under _main in BANK1

    None.

Critical Paths under _main in BANK2

    None.

Critical Paths under _main in BANK3

    None.

Critical Paths under _main in BANK4

    None.

Critical Paths under _main in BANK5

    None.

Call Graph Tables:

 ---------------------------------------------------------------------------------
 (Depth) Function   	        Calls       Base Space   Used Autos Params    Refs
 ---------------------------------------------------------------------------------
 (0) _main                                                 1     1      0       0
                                              0 COMRAM     1     1      0
 ---------------------------------------------------------------------------------
 Estimated maximum stack depth 0
 ---------------------------------------------------------------------------------

 Call Graph Graphs:

 _main (ROOT)

 Address spaces:
Name               Size   Autos  Total    Cost      Usage
BITCOMRAM           7F      0       0       0        0.0%
EEDATA             100      0       0       0        0.0%
NULL                 0      0       0       0        0.0%
CODE                 0      0       0       0        0.0%
COMRAM              7F      1       1       1        0.8%
STACK                0      0       0       2        0.0%
DATA                 0      0       0       3        0.0%
BITBANK0            80      0       0       4        0.0%
BANK0               80      0       0       5        0.0%
BITBANK1           100      0       0       6        0.0%
BANK1              100      0       0       7        0.0%
BITBANK2           100      0       0       8        0.0%
BANK2              100      0       0       9        0.0%
BITBANK3           100      0       0      10        0.0%
BANK3              100      0       0      11        0.0%
BITBANK4           100      0       0      12        0.0%
BANK4              100      0       0      13        0.0%
BANK5              100      0       0      14        0.0%
ABS                  0      0       0      15        0.0%
BITBANK5           100      0       0      16        0.0%
BIGRAM             5FF      0       0      17        0.0%
BITSFR               0      0       0     200        0.0%
SFR                  0      0       0     200        0.0%


Microchip Technology PIC18 Macro Assembler V1.44 build -154322312 
Symbol Table                                                                                   Tue Jan  9 21:53:23 2018

                                                             l23 3F6C  
                                                             l40 3FF6  
                                                             l32 3FC8  
                                                             l24 3F9A  
                                                             l43 3FEC  
                                                             l35 3FBE  
                                                             l27 3F90  
                                                   __CFG_CP0$OFF 000000  
                                                   __CFG_CP1$OFF 000000  
                                                   __CFG_CP2$OFF 000000  
                                                   __CFG_CP3$OFF 000000  
                                                    __CFG_OSC$HS 000000  
                                                   __CFG_CPB$OFF 000000  
                                                            u207 3FA8  
                                                            u217 3FD6  
                                                   __CFG_CPD$OFF 000000  
                                                            u197 3F7A  
                                                   __CFG_BOR$OFF 000000  
                                                   __CFG_BORV$20 000000  
                                                            wreg 000FE8  
                                                   __CFG_LVP$OFF 000000  
                                                   __CFG_WDT$OFF 000000  
                                                           _LATB 000F8A  
                                                           _LATD 000F8C  
                                                   __CFG_PWRT$ON 000000  
                                                           _main 3F54  
                                                           start 0002  
                                                   ___param_bank 000000  
                                                  __CFG_OSCS$OFF 000000  
                                                          ?_main 0001  
                                                          _TRISB 000F93  
                                                          _TRISD 000F95  
                                                  __CFG_WRT0$OFF 000000  
                                                  __CFG_WRT1$OFF 000000  
                                                  __CFG_WRT2$OFF 000000  
                                                  __CFG_WRT3$OFF 000000  
                                                 __CFG_EBTR0$OFF 000000  
                                                 __CFG_EBTR1$OFF 000000  
                                                 __CFG_EBTR2$OFF 000000  
                                                 __CFG_EBTR3$OFF 000000  
                                                  __CFG_STVR$OFF 000000  
                                                  __CFG_WRTB$OFF 000000  
                                                  __CFG_WRTC$OFF 000000  
                                                  __CFG_WRTD$OFF 000000  
                                                 __CFG_EBTRB$OFF 000000  
                                                __initialization 3F4E  
                                                   __end_of_main 3FFE  
                                                         ??_main 0001  
                                                  __activetblptr 000000  
                                                 __CFG_WDTPS$128 000000  
                                                     __accesstop 0080  
                                        __end_of__initialization 3F4E  
                                                  ___rparam_used 000001  
                                                 __pcstackCOMRAM 0001  
                                               __CFG_CCP2MUX$OFF 000000  
                                                        __Hparam 0000  
                                                        __Lparam 0000  
                                                        __pcinit 3F4E  
                                                        __ramtop 0600  
                                                        __ptext0 3F54  
                                           end_of_initialization 3F4E  
                                                      _PORTDbits 000F83  
                                            start_initialization 3F4E  
                                                       _LATBbits 000F8A  
                                                       _LATDbits 000F8C  
                                                    _INTCON2bits 000FF1  
                                                       __Hrparam 0000  
                                                       __Lrparam 0000  
                                                  __size_of_main 00AA  
