

Microchip Technology PIC18 LITE Macro Assembler V1.44 build -154322312 
                                                                                               Tue Jan  9 05:41:04 2018

Microchip Technology Omniscient Code Generator v1.44 (Free mode) build 201709140600
     1                           	processor	18F452
     2                           	fnconf	rparam,??,?,0
     3                           	opt	pw 120
     4                           	opt	lm
     5                           	psect	cinit,global,reloc=2,class=CODE,delta=1
     6                           	psect	cstackCOMRAM,global,class=COMRAM,space=1,delta=1,noexec
     7                           	psect	text0,global,reloc=2,class=CODE,delta=1
     8                           	psect	intsave_regs,global,class=BIGRAM,space=1,delta=1,noexec
     9                           	psect	rparam,global,class=COMRAM,space=1,delta=1,noexec
    10  0000                     
    11                           ; Version 1.44
    12                           ; Generated 14/09/2017 GMT
    13                           ; 
    14                           ; Copyright © 2017, Microchip Technology Inc. and its subsidiaries ("Microchip")
    15                           ; All rights reserved.
    16                           ; 
    17                           ; This software is developed by Microchip Technology Inc. and its subsidiaries ("Microch
      +                          ip").
    18                           ; 
    19                           ; Redistribution and use in source and binary forms, with or without modification, are
    20                           ; permitted provided that the following conditions are met:
    21                           ; 
    22                           ;     1. Redistributions of source code must retain the above copyright notice, this lis
      +                          t of
    23                           ;        conditions and the following disclaimer.
    24                           ; 
    25                           ;     2. Redistributions in binary form must reproduce the above copyright notice, this 
      +                          list
    26                           ;        of conditions and the following disclaimer in the documentation and/or other
    27                           ;        materials provided with the distribution.
    28                           ; 
    29                           ;     3. Microchip's name may not be used to endorse or promote products derived from th
      +                          is
    30                           ;        software without specific prior written permission.
    31                           ; 
    32                           ; THIS SOFTWARE IS PROVIDED BY MICROCHIP "AS IS" AND ANY EXPRESS OR IMPLIED WARRANTIES,
    33                           ; INCLUDING, BUT NOT LIMITED TO, THE IMPLIED WARRANTIES OF MERCHANTABILITY AND FITNESS F
      +                          OR
    34                           ; PURPOSE ARE DISCLAIMED.  IN NO EVENT SHALL MICROCHIP BE LIABLE FOR ANY DIRECT, INDIREC
      +                          T,
    35                           ; INCIDENTAL, SPECIAL, EXEMPLARY, OR CONSEQUENTIAL DAMAGES (INCLUDING BUT NOT LIMITED TO
    36                           ; PROCUREMENT OF SUBSTITUTE GOODS OR SERVICES; LOSS OF USE, DATA OR PROFITS; OR BUSINESS
    37                           ; INTERRUPTION) HOWSOEVER CAUSED AND ON ANY THEORY OF LIABILITY, WHETHER IN CONTRACT, ST
      +                          RICT
    38                           ; LIABILITY, OR TORT (INCLUDING NEGLIGENCE OR OTHERWISE) ARISING IN ANY WAY OUT OF THE U
      +                          SE OF
    39                           ; THIS SOFTWARE, EVEN IF ADVISED OF THE POSSIBILITY OF SUCH DAMAGE.
    40                           ; 
    41                           ; 
    42                           ; Code-generator required, PIC18F452 Definitions
    43                           ; 
    44                           ; SFR Addresses
    45  0000                     _LATBbits	set	3978
    46  0000                     _LATDbits	set	3980
    47  0000                     _INTCON2bits	set	4081
    48  0000                     _TRISBbits	set	3987
    49  0000                     _TRISDbits	set	3989
    50                           
    51                           ; #config settings
    52  0000                     
    53                           	psect	cinit
    54  003F68                     __pcinit:
    55                           	opt stack 0
    56  003F68                     start_initialization:
    57                           	opt stack 0
    58  003F68                     __initialization:
    59                           	opt stack 0
    60  003F68                     end_of_initialization:
    61                           	opt stack 0
    62  003F68                     __end_of__initialization:
    63                           	opt stack 0
    64  003F68  0100               	movlb	0
    65  003F6A  EFB7  F01F         	goto	_main	;jump to C main() function
    66                           
    67                           	psect	cstackCOMRAM
    68  000001                     __pcstackCOMRAM:
    69                           	opt stack 0
    70  000001                     ??_main:
    71                           
    72                           ; 1 bytes @ 0x0
    73  000001                     	ds	2
    74                           
    75 ;;
    76 ;;Main: autosize = 0, tempsize = 2, incstack = 0, save=0
    77 ;;
    78 ;; *************** function _main *****************
    79 ;; Defined at:
    80 ;;		line 21 in file "Hola_4.c"
    81 ;; Parameters:    Size  Location     Type
    82 ;;		None
    83 ;; Auto vars:     Size  Location     Type
    84 ;;		None
    85 ;; Return value:  Size  Location     Type
    86 ;;                  1    wreg      void 
    87 ;; Registers used:
    88 ;;		wreg
    89 ;; Tracked objects:
    90 ;;		On entry : 0/0
    91 ;;		On exit  : 0/0
    92 ;;		Unchanged: 0/0
    93 ;; Data sizes:     COMRAM   BANK0   BANK1   BANK2   BANK3   BANK4   BANK5
    94 ;;      Params:         0       0       0       0       0       0       0
    95 ;;      Locals:         0       0       0       0       0       0       0
    96 ;;      Temps:          2       0       0       0       0       0       0
    97 ;;      Totals:         2       0       0       0       0       0       0
    98 ;;Total ram usage:        2 bytes
    99 ;; This function calls:
   100 ;;		Nothing
   101 ;; This function is called by:
   102 ;;		Startup code after reset
   103 ;; This function uses a non-reentrant model
   104 ;;
   105                           
   106                           	psect	text0
   107  003F6E                     __ptext0:
   108                           	opt stack 0
   109  003F6E                     _main:
   110                           	opt stack 0
   111  003F6E  FFFF               	dw	65535	; assembler added errata NOP
   112                           
   113                           ;incstack = 0
   114  003F70  0E00               	movlw	0	;# 
   115  003F72  6E8C               	movwf	3980,c	;# 
   116  003F74  0E00               	movlw	0	;# 
   117  003F76  6E8A               	movwf	3978,c	;# 
   118                           
   119                           ;Hola_4.c: 29: TRISDbits.TRISD7 = 0;
   120  003F78  9E95               	bcf	3989,7,c	;volatile
   121                           
   122                           ;Hola_4.c: 30: TRISBbits.TRISB0 = 0;
   123  003F7A  9093               	bcf	3987,0,c	;volatile
   124                           
   125                           ;Hola_4.c: 37: INTCON2bits.RBPU = 0;
   126  003F7C  9EF1               	bcf	intcon2,7,c	;volatile
   127                           
   128                           ;Hola_4.c: 39: LATDbits.LATD7 = 0;
   129  003F7E  9E8C               	bcf	3980,7,c	;volatile
   130                           
   131                           ;Hola_4.c: 40: LATBbits.LATB0 = 0;
   132  003F80  908A               	bcf	3978,0,c	;volatile
   133  003F82                     l17:
   134  003F82  FFFF               	dw	65535	; assembler added errata NOP
   135                           
   136                           ;Hola_4.c: 42: {
   137                           ;Hola_4.c: 43: LATDbits.LATD7 = 0;
   138  003F84  9E8C               	bcf	3980,7,c	;volatile
   139                           
   140                           ;Hola_4.c: 44: LATBbits.LATB0 = 0;
   141  003F86  908A               	bcf	3978,0,c	;volatile
   142                           
   143                           ;Hola_4.c: 45: _delay((unsigned long)((500)*(20000000/4000.0)));
   144  003F88  0E0A               	movlw	10
   145  003F8A  6E02               	movwf	(??_main+1)& (0+255),c
   146  003F8C  0E85               	movlw	133
   147  003F8E  6E01               	movwf	??_main& (0+255),c
   148  003F90  0E9F               	movlw	159
   149  003F92                     u17:
   150  003F92  FFFF               	dw	65535	; errata NOP
   151  003F94  2EE8               	decfsz	wreg,f,c
   152  003F96  D7FD               	bra	u17
   153  003F98  2E01               	decfsz	??_main& (0+255),f,c
   154  003F9A  D7FB               	bra	u17
   155  003F9C  2E02               	decfsz	(??_main+1)& (0+255),f,c
   156  003F9E  D7F9               	bra	u17
   157  003FA0  D000               	nop2	
   158                           
   159                           ;Hola_4.c: 47: LATDbits.LATD7 = 1;
   160  003FA2  8E8C               	bsf	3980,7,c	;volatile
   161                           
   162                           ;Hola_4.c: 48: LATBbits.LATB0 = 0;
   163  003FA4  908A               	bcf	3978,0,c	;volatile
   164                           
   165                           ;Hola_4.c: 49: _delay((unsigned long)((500)*(20000000/4000.0)));
   166  003FA6  0E0A               	movlw	10
   167  003FA8  6E02               	movwf	(??_main+1)& (0+255),c
   168  003FAA  0E85               	movlw	133
   169  003FAC  6E01               	movwf	??_main& (0+255),c
   170  003FAE  0E9F               	movlw	159
   171  003FB0                     u27:
   172  003FB0  FFFF               	dw	65535	; errata NOP
   173  003FB2  2EE8               	decfsz	wreg,f,c
   174  003FB4  D7FD               	bra	u27
   175  003FB6  2E01               	decfsz	??_main& (0+255),f,c
   176  003FB8  D7FB               	bra	u27
   177  003FBA  2E02               	decfsz	(??_main+1)& (0+255),f,c
   178  003FBC  D7F9               	bra	u27
   179  003FBE  D000               	nop2	
   180                           
   181                           ;Hola_4.c: 51: LATDbits.LATD7 = 0;
   182  003FC0  9E8C               	bcf	3980,7,c	;volatile
   183                           
   184                           ;Hola_4.c: 52: LATBbits.LATB0 = 1;
   185  003FC2  808A               	bsf	3978,0,c	;volatile
   186                           
   187                           ;Hola_4.c: 53: _delay((unsigned long)((500)*(20000000/4000.0)));
   188  003FC4  0E0A               	movlw	10
   189  003FC6  6E02               	movwf	(??_main+1)& (0+255),c
   190  003FC8  0E85               	movlw	133
   191  003FCA  6E01               	movwf	??_main& (0+255),c
   192  003FCC  0E9F               	movlw	159
   193  003FCE                     u37:
   194  003FCE  FFFF               	dw	65535	; errata NOP
   195  003FD0  2EE8               	decfsz	wreg,f,c
   196  003FD2  D7FD               	bra	u37
   197  003FD4  2E01               	decfsz	??_main& (0+255),f,c
   198  003FD6  D7FB               	bra	u37
   199  003FD8  2E02               	decfsz	(??_main+1)& (0+255),f,c
   200  003FDA  D7F9               	bra	u37
   201  003FDC  D000               	nop2	
   202                           
   203                           ;Hola_4.c: 55: LATDbits.LATD7 = 1;
   204  003FDE  8E8C               	bsf	3980,7,c	;volatile
   205                           
   206                           ;Hola_4.c: 56: LATBbits.LATB0 = 1;
   207  003FE0  808A               	bsf	3978,0,c	;volatile
   208                           
   209                           ;Hola_4.c: 57: _delay((unsigned long)((500)*(20000000/4000.0)));
   210  003FE2  0E0A               	movlw	10
   211  003FE4  6E02               	movwf	(??_main+1)& (0+255),c
   212  003FE6  0E85               	movlw	133
   213  003FE8  6E01               	movwf	??_main& (0+255),c
   214  003FEA  0E9F               	movlw	159
   215  003FEC                     u47:
   216  003FEC  FFFF               	dw	65535	; errata NOP
   217  003FEE  2EE8               	decfsz	wreg,f,c
   218  003FF0  D7FD               	bra	u47
   219  003FF2  2E01               	decfsz	??_main& (0+255),f,c
   220  003FF4  D7FB               	bra	u47
   221  003FF6  2E02               	decfsz	(??_main+1)& (0+255),f,c
   222  003FF8  D7F9               	bra	u47
   223  003FFA  D000               	nop2	
   224  003FFC  D7C2               	goto	l17
   225  003FFE                     __end_of_main:
   226                           	opt stack 0
   227  003FFE  FFFF               	dw	65535	; assembler added errata NOP
   228                           intcon2	equ	0xFF1
   229                           wreg	equ	0xFE8
   230                           intcon2	equ	0xFF1
   231                           wreg	equ	0xFE8
   232                           
   233                           	psect	rparam
   234  0000                     intcon2	equ	0xFF1
   235                           wreg	equ	0xFE8


Data Sizes:
    Strings     0
    Constant    0
    Data        0
    BSS         0
    Persistent  0
    Stack       0

Auto Spaces:
    Space          Size  Autos    Used
    COMRAM          127      2       2
    BANK0           128      0       0
    BANK1           256      0       0
    BANK2           256      0       0
    BANK3           256      0       0
    BANK4           256      0       0
    BANK5           256      0       0

Pointer List with Targets:

    None.

Critical Paths under _main in COMRAM

    None.

Critical Paths under _main in BANK0

    None.

Critical Paths under _main in BANK1

    None.

Critical Paths under _main in BANK2

    None.

Critical Paths under _main in BANK3

    None.

Critical Paths under _main in BANK4

    None.

Critical Paths under _main in BANK5

    None.

Call Graph Tables:

 ---------------------------------------------------------------------------------
 (Depth) Function   	        Calls       Base Space   Used Autos Params    Refs
 ---------------------------------------------------------------------------------
 (0) _main                                                 2     2      0       0
                                              0 COMRAM     2     2      0
 ---------------------------------------------------------------------------------
 Estimated maximum stack depth 0
 ---------------------------------------------------------------------------------

 Call Graph Graphs:

 _main (ROOT)

 Address spaces:
Name               Size   Autos  Total    Cost      Usage
BITCOMRAM           7F      0       0       0        0.0%
EEDATA             100      0       0       0        0.0%
NULL                 0      0       0       0        0.0%
CODE                 0      0       0       0        0.0%
COMRAM              7F      2       2       1        1.6%
STACK                0      0       0       2        0.0%
DATA                 0      0       0       3        0.0%
BITBANK0            80      0       0       4        0.0%
BANK0               80      0       0       5        0.0%
BITBANK1           100      0       0       6        0.0%
BANK1              100      0       0       7        0.0%
BITBANK2           100      0       0       8        0.0%
BANK2              100      0       0       9        0.0%
BITBANK3           100      0       0      10        0.0%
BANK3              100      0       0      11        0.0%
BITBANK4           100      0       0      12        0.0%
BANK4              100      0       0      13        0.0%
BANK5              100      0       0      14        0.0%
ABS                  0      0       0      15        0.0%
BITBANK5           100      0       0      16        0.0%
BIGRAM             5FF      0       0      17        0.0%
BITSFR               0      0       0     200        0.0%
SFR                  0      0       0     200        0.0%


Microchip Technology PIC18 Macro Assembler V1.44 build -154322312 
Symbol Table                                                                                   Tue Jan  9 05:41:04 2018

                                                             l17 3F82  
                                                             u17 3F92  
                                                             u27 3FB0  
                                                             u37 3FCE  
                                                             u47 3FEC  
                                                   __CFG_CP0$OFF 000000  
                                                   __CFG_CP1$OFF 000000  
                                                   __CFG_CP2$OFF 000000  
                                                   __CFG_CP3$OFF 000000  
                                                    __CFG_OSC$HS 000000  
                                                            LATB 000F8A  
                                                            LATD 000F8C  
                                                   __CFG_CPB$OFF 000000  
                                                   __CFG_CPD$OFF 000000  
                                                   __CFG_BOR$OFF 000000  
                                                   __CFG_BORV$20 000000  
                                                            wreg 000FE8  
                                                   __CFG_LVP$OFF 000000  
                                                   __CFG_WDT$OFF 000000  
                                                   __CFG_PWRT$ON 000000  
                                                           _main 3F6E  
                                                           start 0002  
                                                   ___param_bank 000000  
                                                  __CFG_OSCS$OFF 000000  
                                                          ?_main 0001  
                                                  __CFG_WRT0$OFF 000000  
                                                  __CFG_WRT1$OFF 000000  
                                                  __CFG_WRT2$OFF 000000  
                                                  __CFG_WRT3$OFF 000000  
                                                 __CFG_EBTR0$OFF 000000  
                                                 __CFG_EBTR1$OFF 000000  
                                                 __CFG_EBTR2$OFF 000000  
                                                 __CFG_EBTR3$OFF 000000  
                                                  __CFG_STVR$OFF 000000  
                                                  __CFG_WRTB$OFF 000000  
                                                  __CFG_WRTC$OFF 000000  
                                                  __CFG_WRTD$OFF 000000  
                                                 __CFG_EBTRB$OFF 000000  
                                                __initialization 3F68  
                                                   __end_of_main 3FFE  
                                                         ??_main 0001  
                                                  __activetblptr 000000  
                                                 __CFG_WDTPS$128 000000  
                                                     __accesstop 0080  
                                        __end_of__initialization 3F68  
                                                  ___rparam_used 000001  
                                                 __pcstackCOMRAM 0001  
                                               __CFG_CCP2MUX$OFF 000000  
                                                        __Hparam 0000  
                                                        __Lparam 0000  
                                                        __pcinit 3F68  
                                                        __ramtop 0600  
                                                        __ptext0 3F6E  
                                           end_of_initialization 3F68  
                                                      _TRISBbits 000F93  
                                                      _TRISDbits 000F95  
                                            start_initialization 3F68  
                                                       _LATBbits 000F8A  
                                                       _LATDbits 000F8C  
                                                    _INTCON2bits 000FF1  
                                                       __Hrparam 0000  
                                                       __Lrparam 0000  
                                                  __size_of_main 0090  
