

Microchip Technology PIC18 LITE Macro Assembler V1.44 build -154322312 
                                                                                               Thu Mar 29 01:39:32 2018

Microchip Technology Omniscient Code Generator v1.44 (Free mode) build 201709140600
     1                           	processor	18F4520
     2                           	fnconf	rparam,??,?,0
     3                           	opt	pw 120
     4                           	opt	lm
     5                           	psect	cinit,global,reloc=2,class=CODE,delta=1
     6                           	psect	cstackCOMRAM,global,class=COMRAM,space=1,delta=1,noexec
     7                           	psect	text0,global,reloc=2,class=CODE,delta=1
     8                           	psect	text1,global,reloc=2,class=CODE,delta=1
     9                           	psect	intsave_regs,global,class=BIGRAM,space=1,delta=1,noexec
    10                           	psect	rparam,global,class=COMRAM,space=1,delta=1,noexec
    11  0000                     
    12                           ; Version 1.44
    13                           ; Generated 14/09/2017 GMT
    14                           ; 
    15                           ; Copyright © 2017, Microchip Technology Inc. and its subsidiaries ("Microchip")
    16                           ; All rights reserved.
    17                           ; 
    18                           ; This software is developed by Microchip Technology Inc. and its subsidiaries ("Microch
      +                          ip").
    19                           ; 
    20                           ; Redistribution and use in source and binary forms, with or without modification, are
    21                           ; permitted provided that the following conditions are met:
    22                           ; 
    23                           ;     1. Redistributions of source code must retain the above copyright notice, this lis
      +                          t of
    24                           ;        conditions and the following disclaimer.
    25                           ; 
    26                           ;     2. Redistributions in binary form must reproduce the above copyright notice, this 
      +                          list
    27                           ;        of conditions and the following disclaimer in the documentation and/or other
    28                           ;        materials provided with the distribution.
    29                           ; 
    30                           ;     3. Microchip's name may not be used to endorse or promote products derived from th
      +                          is
    31                           ;        software without specific prior written permission.
    32                           ; 
    33                           ; THIS SOFTWARE IS PROVIDED BY MICROCHIP "AS IS" AND ANY EXPRESS OR IMPLIED WARRANTIES,
    34                           ; INCLUDING, BUT NOT LIMITED TO, THE IMPLIED WARRANTIES OF MERCHANTABILITY AND FITNESS F
      +                          OR
    35                           ; PURPOSE ARE DISCLAIMED.  IN NO EVENT SHALL MICROCHIP BE LIABLE FOR ANY DIRECT, INDIREC
      +                          T,
    36                           ; INCIDENTAL, SPECIAL, EXEMPLARY, OR CONSEQUENTIAL DAMAGES (INCLUDING BUT NOT LIMITED TO
    37                           ; PROCUREMENT OF SUBSTITUTE GOODS OR SERVICES; LOSS OF USE, DATA OR PROFITS; OR BUSINESS
    38                           ; INTERRUPTION) HOWSOEVER CAUSED AND ON ANY THEORY OF LIABILITY, WHETHER IN CONTRACT, ST
      +                          RICT
    39                           ; LIABILITY, OR TORT (INCLUDING NEGLIGENCE OR OTHERWISE) ARISING IN ANY WAY OUT OF THE U
      +                          SE OF
    40                           ; THIS SOFTWARE, EVEN IF ADVISED OF THE POSSIBILITY OF SUCH DAMAGE.
    41                           ; 
    42                           ; 
    43                           ; Code-generator required, PIC18F4520 Definitions
    44                           ; 
    45                           ; SFR Addresses
    46  0000                     _TMR0	set	4054
    47  0000                     _PORTC	set	3970
    48  0000                     _T0PS0	set	32424
    49  0000                     _T0PS1	set	32425
    50  0000                     _T0PS2	set	32426
    51  0000                     _PSA	set	32427
    52  0000                     _T0CS	set	32429
    53  0000                     _T0IF	set	32658
    54                           
    55                           ; #config settings
    56  0000                     
    57                           	psect	cinit
    58  007FD0                     __pcinit:
    59                           	opt stack 0
    60  007FD0                     start_initialization:
    61                           	opt stack 0
    62  007FD0                     __initialization:
    63                           	opt stack 0
    64  007FD0                     end_of_initialization:
    65                           	opt stack 0
    66  007FD0                     __end_of__initialization:
    67                           	opt stack 0
    68  007FD0  0100               	movlb	0
    69  007FD2  EFF3  F03F         	goto	_main	;jump to C main() function
    70                           
    71                           	psect	cstackCOMRAM
    72  000000                     __pcstackCOMRAM:
    73                           	opt stack 0
    74  000000                     
    75                           ; 1 bytes @ 0x0
    76 ;;
    77 ;;Main: autosize = 0, tempsize = 0, incstack = 0, save=0
    78 ;;
    79 ;; *************** function _main *****************
    80 ;; Defined at:
    81 ;;		line 24 in file "tmrlt2.c"
    82 ;; Parameters:    Size  Location     Type
    83 ;;		None
    84 ;; Auto vars:     Size  Location     Type
    85 ;;		None
    86 ;; Return value:  Size  Location     Type
    87 ;;                  1    wreg      void 
    88 ;; Registers used:
    89 ;;		wreg, status,2, status,0, cstack
    90 ;; Tracked objects:
    91 ;;		On entry : 0/0
    92 ;;		On exit  : 0/0
    93 ;;		Unchanged: 0/0
    94 ;; Data sizes:     COMRAM   BANK0   BANK1   BANK2   BANK3   BANK4   BANK5
    95 ;;      Params:         0       0       0       0       0       0       0
    96 ;;      Locals:         0       0       0       0       0       0       0
    97 ;;      Temps:          0       0       0       0       0       0       0
    98 ;;      Totals:         0       0       0       0       0       0       0
    99 ;;Total ram usage:        0 bytes
   100 ;; Hardware stack levels required when called:    1
   101 ;; This function calls:
   102 ;;		_pausa_10ms
   103 ;; This function is called by:
   104 ;;		Startup code after reset
   105 ;; This function uses a non-reentrant model
   106 ;;
   107                           
   108                           	psect	text0
   109  007FE6                     __ptext0:
   110                           	opt stack 0
   111  007FE6                     _main:
   112                           	opt stack 30
   113                           
   114                           ;tmrlt2.c: 25: (*(&(*(&PORTC + 0x12))) &=~ (1<<(2)));
   115                           
   116                           ;incstack = 0
   117  007FE6  9494               	bcf	3988,2,c	;volatile
   118                           
   119                           ;tmrlt2.c: 26: T0CS=0; PSA=0;
   120  007FE8  9AD5               	bcf	4053,5,c	;volatile
   121  007FEA  96D5               	bcf	4053,3,c	;volatile
   122                           
   123                           ;tmrlt2.c: 27: T0PS2=1; T0PS1=0; T0PS0=1;
   124  007FEC  84D5               	bsf	4053,2,c	;volatile
   125  007FEE  92D5               	bcf	4053,1,c	;volatile
   126  007FF0  80D5               	bsf	4053,0,c	;volatile
   127  007FF2                     
   128                           ;tmrlt2.c: 29: pausa_10ms();
   129  007FF2  ECEB  F03F         	call	_pausa_10ms	;wreg free
   130                           
   131                           ;tmrlt2.c: 30: (*(&(*(&PORTC + 0x09))) ^= (1<<(2)));
   132  007FF6  0E04               	movlw	4
   133  007FF8  1A8B               	xorwf	3979,f,c	;volatile
   134                           
   135                           ;tmrlt2.c: 31: pausa_10ms();
   136  007FFA  ECEB  F03F         	call	_pausa_10ms	;wreg free
   137  007FFE  D7F9               	goto	l27
   138  008000                     __end_of_main:
   139                           	opt stack 0
   140                           
   141 ;; *************** function _pausa_10ms *****************
   142 ;; Defined at:
   143 ;;		line 17 in file "tmrlt2.c"
   144 ;; Parameters:    Size  Location     Type
   145 ;;		None
   146 ;; Auto vars:     Size  Location     Type
   147 ;;		None
   148 ;; Return value:  Size  Location     Type
   149 ;;                  1    wreg      void 
   150 ;; Registers used:
   151 ;;		wreg, status,2
   152 ;; Tracked objects:
   153 ;;		On entry : 0/0
   154 ;;		On exit  : 0/0
   155 ;;		Unchanged: 0/0
   156 ;; Data sizes:     COMRAM   BANK0   BANK1   BANK2   BANK3   BANK4   BANK5
   157 ;;      Params:         0       0       0       0       0       0       0
   158 ;;      Locals:         0       0       0       0       0       0       0
   159 ;;      Temps:          0       0       0       0       0       0       0
   160 ;;      Totals:         0       0       0       0       0       0       0
   161 ;;Total ram usage:        0 bytes
   162 ;; Hardware stack levels used:    1
   163 ;; This function calls:
   164 ;;		Nothing
   165 ;; This function is called by:
   166 ;;		_main
   167 ;; This function uses a non-reentrant model
   168 ;;
   169                           
   170                           	psect	text1
   171  007FD6                     __ptext1:
   172                           	opt stack 0
   173  007FD6                     _pausa_10ms:
   174                           	opt stack 30
   175                           
   176                           ;tmrlt2.c: 19: TMR0 = 100;
   177                           
   178                           ;incstack = 0
   179  007FD6  0E00               	movlw	0
   180  007FD8  6ED7               	movwf	4055,c	;volatile
   181  007FDA  0E64               	movlw	100
   182  007FDC  6ED6               	movwf	4054,c	;volatile
   183                           
   184                           ;tmrlt2.c: 20: T0IF = 0;
   185  007FDE  94F2               	bcf	intcon,2,c	;volatile
   186  007FE0  B4F2               	btfsc	intcon,2,c	;volatile
   187  007FE2  0012               	return	
   188  007FE4  D7FD               	goto	l20
   189  007FE6                     __end_of_pausa_10ms:
   190                           	opt stack 0
   191  0000                     intcon	equ	0xFF2
   192                           intcon	equ	0xFF2
   193                           
   194                           	psect	rparam
   195  0000                     intcon	equ	0xFF2


Data Sizes:
    Strings     0
    Constant    0
    Data        0
    BSS         0
    Persistent  0
    Stack       0

Auto Spaces:
    Space          Size  Autos    Used
    COMRAM          127      0       0
    BANK0           128      0       0
    BANK1           256      0       0
    BANK2           256      0       0
    BANK3           256      0       0
    BANK4           256      0       0
    BANK5           256      0       0

Pointer List with Targets:

    None.

Critical Paths under _main in COMRAM

    None.

Critical Paths under _main in BANK0

    None.

Critical Paths under _main in BANK1

    None.

Critical Paths under _main in BANK2

    None.

Critical Paths under _main in BANK3

    None.

Critical Paths under _main in BANK4

    None.

Critical Paths under _main in BANK5

    None.

Call Graph Tables:

 ---------------------------------------------------------------------------------
 (Depth) Function   	        Calls       Base Space   Used Autos Params    Refs
 ---------------------------------------------------------------------------------
 (0) _main                                                 0     0      0       0
                         _pausa_10ms
 ---------------------------------------------------------------------------------
 (1) _pausa_10ms                                           0     0      0       0
 ---------------------------------------------------------------------------------
 Estimated maximum stack depth 1
 ---------------------------------------------------------------------------------

 Call Graph Graphs:

 _main (ROOT)
   _pausa_10ms

 Address spaces:
Name               Size   Autos  Total    Cost      Usage
BITCOMRAM           7F      0       0       0        0.0%
EEDATA             100      0       0       0        0.0%
NULL                 0      0       0       0        0.0%
CODE                 0      0       0       0        0.0%
COMRAM              7F      0       0       1        0.0%
STACK                0      0       0       2        0.0%
DATA                 0      0       0       3        0.0%
BITBANK0            80      0       0       4        0.0%
BANK0               80      0       0       5        0.0%
BITBANK1           100      0       0       6        0.0%
BANK1              100      0       0       7        0.0%
BITBANK2           100      0       0       8        0.0%
BANK2              100      0       0       9        0.0%
BITBANK3           100      0       0      10        0.0%
BANK3              100      0       0      11        0.0%
BITBANK4           100      0       0      12        0.0%
BANK4              100      0       0      13        0.0%
BANK5              100      0       0      14        0.0%
ABS                  0      0       0      15        0.0%
BITBANK5           100      0       0      16        0.0%
BIGRAM             5FF      0       0      17        0.0%
BITSFR               0      0       0     200        0.0%
SFR                  0      0       0     200        0.0%


Microchip Technology PIC18 Macro Assembler V1.44 build -154322312 
Symbol Table                                                                                   Thu Mar 29 01:39:32 2018

                     l20 7FE0                       l27 7FF2              __CFG_BORV$3 000000  
           __CFG_CP0$OFF 000000             __CFG_CP1$OFF 000000             __CFG_CP2$OFF 000000  
           __CFG_CP3$OFF 000000              __CFG_OSC$XT 000000             __CFG_CPB$OFF 000000  
           __CFG_CPD$OFF 000000                      _PSA 007EAB             __CFG_LVP$OFF 000000  
           __CFG_WDT$OFF 000000                     _T0IF 007F92                     _T0CS 007EAD  
                   _TMR0 000FD6             __CFG_PWRT$ON 000000                     _main 7FE6  
                   start 0000            __CFG_IESO$OFF 000000            __CFG_MCLRE$ON 000000  
           ___param_bank 000000                    ?_main 0000                    _T0PS0 007EA8  
                  _T0PS1 007EA9                    _T0PS2 007EAA                    _PORTC 000F82  
          __CFG_WRT0$OFF 000000            __CFG_WRT1$OFF 000000            __CFG_WRT2$OFF 000000  
          __CFG_WRT3$OFF 000000           __CFG_EBTR0$OFF 000000           __CFG_FCMEN$OFF 000000  
         __CFG_EBTR1$OFF 000000           __CFG_EBTR2$OFF 000000           __CFG_EBTR3$OFF 000000  
          __CFG_WRTB$OFF 000000            __CFG_WRTC$OFF 000000            __CFG_WRTD$OFF 000000  
         __CFG_EBTRB$OFF 000000           __CFG_BOREN$OFF 000000          __initialization 7FD0  
           __end_of_main 8000                   ??_main 0000            __activetblptr 000000  
         __CFG_XINST$OFF 000000           __CFG_STVREN$ON 000000               __accesstop 0080  
__end_of__initialization 7FD0          __CFG_PBADEN$OFF 000000            ___rparam_used 000001  
         __pcstackCOMRAM 0000       __CFG_CCP2MX$PORTBE 000000                  __Hparam 0000  
                __Lparam 0000                  __pcinit 7FD0                  __ramtop 0600  
                __ptext0 7FE6                  __ptext1 7FD6               _pausa_10ms 7FD6  
   end_of_initialization 7FD0              ?_pausa_10ms 0000      start_initialization 7FD0  
       __CFG_LPT1OSC$OFF 000000      __size_of_pausa_10ms 0010         __CFG_WDTPS$32768 000000  
               __Hrparam 0000                 __Lrparam 0000             ??_pausa_10ms 0000  
          __size_of_main 001A       __end_of_pausa_10ms 7FE6  
