

Microchip Technology PIC18 LITE Macro Assembler V1.44 build -154322312 
                                                                                               Tue Jan  9 01:44:44 2018

Microchip Technology Omniscient Code Generator v1.44 (Free mode) build 201709140600
     1                           	processor	18F4550
     2                           	fnconf	rparam,??,?,0
     3                           	opt	pw 120
     4                           	opt	lm
     5                           	psect	cinit,global,reloc=2,class=CODE,delta=1
     6                           	psect	cstackCOMRAM,global,class=COMRAM,space=1,delta=1,noexec
     7                           	psect	text0,global,reloc=2,class=CODE,delta=1
     8                           	psect	intsave_regs,global,class=BIGRAM,space=1,delta=1,noexec
     9                           	psect	rparam,global,class=COMRAM,space=1,delta=1,noexec
    10  0000                     
    11                           ; Version 1.44
    12                           ; Generated 14/09/2017 GMT
    13                           ; 
    14                           ; Copyright © 2017, Microchip Technology Inc. and its subsidiaries ("Microchip")
    15                           ; All rights reserved.
    16                           ; 
    17                           ; This software is developed by Microchip Technology Inc. and its subsidiaries ("Microch
      +                          ip").
    18                           ; 
    19                           ; Redistribution and use in source and binary forms, with or without modification, are
    20                           ; permitted provided that the following conditions are met:
    21                           ; 
    22                           ;     1. Redistributions of source code must retain the above copyright notice, this lis
      +                          t of
    23                           ;        conditions and the following disclaimer.
    24                           ; 
    25                           ;     2. Redistributions in binary form must reproduce the above copyright notice, this 
      +                          list
    26                           ;        of conditions and the following disclaimer in the documentation and/or other
    27                           ;        materials provided with the distribution.
    28                           ; 
    29                           ;     3. Microchip's name may not be used to endorse or promote products derived from th
      +                          is
    30                           ;        software without specific prior written permission.
    31                           ; 
    32                           ; THIS SOFTWARE IS PROVIDED BY MICROCHIP "AS IS" AND ANY EXPRESS OR IMPLIED WARRANTIES,
    33                           ; INCLUDING, BUT NOT LIMITED TO, THE IMPLIED WARRANTIES OF MERCHANTABILITY AND FITNESS F
      +                          OR
    34                           ; PURPOSE ARE DISCLAIMED.  IN NO EVENT SHALL MICROCHIP BE LIABLE FOR ANY DIRECT, INDIREC
      +                          T,
    35                           ; INCIDENTAL, SPECIAL, EXEMPLARY, OR CONSEQUENTIAL DAMAGES (INCLUDING BUT NOT LIMITED TO
    36                           ; PROCUREMENT OF SUBSTITUTE GOODS OR SERVICES; LOSS OF USE, DATA OR PROFITS; OR BUSINESS
    37                           ; INTERRUPTION) HOWSOEVER CAUSED AND ON ANY THEORY OF LIABILITY, WHETHER IN CONTRACT, ST
      +                          RICT
    38                           ; LIABILITY, OR TORT (INCLUDING NEGLIGENCE OR OTHERWISE) ARISING IN ANY WAY OUT OF THE U
      +                          SE OF
    39                           ; THIS SOFTWARE, EVEN IF ADVISED OF THE POSSIBILITY OF SUCH DAMAGE.
    40                           ; 
    41                           ; 
    42                           ; Code-generator required, PIC18F4550 Definitions
    43                           ; 
    44                           ; SFR Addresses
    45  0000                     _LATBbits	set	3978
    46  0000                     _LATDbits	set	3980
    47  0000                     _INTCON2bits	set	4081
    48  0000                     _PORTEbits	set	3972
    49  0000                     _TRISBbits	set	3987
    50  0000                     _TRISDbits	set	3989
    51                           
    52                           ; #config settings
    53  0000                     
    54                           	psect	cinit
    55  007F74                     __pcinit:
    56                           	opt stack 0
    57  007F74                     start_initialization:
    58                           	opt stack 0
    59  007F74                     __initialization:
    60                           	opt stack 0
    61  007F74                     end_of_initialization:
    62                           	opt stack 0
    63  007F74                     __end_of__initialization:
    64                           	opt stack 0
    65  007F74  0100               	movlb	0
    66  007F76  EFBD  F03F         	goto	_main	;jump to C main() function
    67                           
    68                           	psect	cstackCOMRAM
    69  000001                     __pcstackCOMRAM:
    70                           	opt stack 0
    71  000001                     ??_main:
    72                           
    73                           ; 1 bytes @ 0x0
    74  000001                     	ds	2
    75                           
    76 ;;
    77 ;;Main: autosize = 0, tempsize = 2, incstack = 0, save=0
    78 ;;
    79 ;; *************** function _main *****************
    80 ;; Defined at:
    81 ;;		line 14 in file "Hola_4.c"
    82 ;; Parameters:    Size  Location     Type
    83 ;;		None
    84 ;; Auto vars:     Size  Location     Type
    85 ;;		None
    86 ;; Return value:  Size  Location     Type
    87 ;;                  1    wreg      void 
    88 ;; Registers used:
    89 ;;		wreg
    90 ;; Tracked objects:
    91 ;;		On entry : 0/0
    92 ;;		On exit  : 0/0
    93 ;;		Unchanged: 0/0
    94 ;; Data sizes:     COMRAM   BANK0   BANK1   BANK2   BANK3   BANK4   BANK5   BANK6   BANK7
    95 ;;      Params:         0       0       0       0       0       0       0       0       0
    96 ;;      Locals:         0       0       0       0       0       0       0       0       0
    97 ;;      Temps:          2       0       0       0       0       0       0       0       0
    98 ;;      Totals:         2       0       0       0       0       0       0       0       0
    99 ;;Total ram usage:        2 bytes
   100 ;; This function calls:
   101 ;;		Nothing
   102 ;; This function is called by:
   103 ;;		Startup code after reset
   104 ;; This function uses a non-reentrant model
   105 ;;
   106                           
   107                           	psect	text0
   108  007F7A                     __ptext0:
   109                           	opt stack 0
   110  007F7A                     _main:
   111                           	opt stack 31
   112                           
   113                           ;incstack = 0
   114  007F7A  0E00               	movlw	0	;# 
   115  007F7C  6E8C               	movwf	3980,c	;# 
   116  007F7E  0E00               	movlw	0	;# 
   117  007F80  6E8A               	movwf	3978,c	;# 
   118                           
   119                           ;Hola_4.c: 22: TRISDbits.TRISD7 = 0;
   120  007F82  9E95               	bcf	3989,7,c	;volatile
   121                           
   122                           ;Hola_4.c: 23: TRISBbits.TRISB0 = 0;
   123  007F84  9093               	bcf	3987,0,c	;volatile
   124                           
   125                           ;Hola_4.c: 26: PORTEbits.RDPU = 1;
   126  007F86  8E84               	bsf	3972,7,c	;volatile
   127                           
   128                           ;Hola_4.c: 28: INTCON2bits.RBPU = 0;
   129  007F88  9EF1               	bcf	intcon2,7,c	;volatile
   130                           
   131                           ;Hola_4.c: 30: LATDbits.LATD7 = 0;
   132  007F8A  9E8C               	bcf	3980,7,c	;volatile
   133                           
   134                           ;Hola_4.c: 31: LATBbits.LATB0 = 0;
   135  007F8C  908A               	bcf	3978,0,c	;volatile
   136  007F8E                     l19:
   137                           
   138                           ;Hola_4.c: 33: {
   139                           ;Hola_4.c: 34: LATDbits.LATD7 = 0;
   140  007F8E  9E8C               	bcf	3980,7,c	;volatile
   141                           
   142                           ;Hola_4.c: 35: LATBbits.LATB0 = 0;
   143  007F90  908A               	bcf	3978,0,c	;volatile
   144                           
   145                           ;Hola_4.c: 36: _delay((unsigned long)((500)*(20000000/4000.0)));
   146  007F92  0E0D               	movlw	13
   147  007F94  6E02               	movwf	(??_main+1)& (0+255),c
   148  007F96  0EAF               	movlw	175
   149  007F98  6E01               	movwf	??_main& (0+255),c
   150  007F9A  0EB6               	movlw	182
   151  007F9C                     u17:
   152  007F9C  2EE8               	decfsz	wreg,f,c
   153  007F9E  D7FE               	bra	u17
   154  007FA0  2E01               	decfsz	??_main& (0+255),f,c
   155  007FA2  D7FC               	bra	u17
   156  007FA4  2E02               	decfsz	(??_main+1)& (0+255),f,c
   157  007FA6  D7FA               	bra	u17
   158  007FA8  D000               	nop2	
   159                           
   160                           ;Hola_4.c: 38: LATDbits.LATD7 = 1;
   161  007FAA  8E8C               	bsf	3980,7,c	;volatile
   162                           
   163                           ;Hola_4.c: 39: LATBbits.LATB0 = 0;
   164  007FAC  908A               	bcf	3978,0,c	;volatile
   165                           
   166                           ;Hola_4.c: 40: _delay((unsigned long)((500)*(20000000/4000.0)));
   167  007FAE  0E0D               	movlw	13
   168  007FB0  6E02               	movwf	(??_main+1)& (0+255),c
   169  007FB2  0EAF               	movlw	175
   170  007FB4  6E01               	movwf	??_main& (0+255),c
   171  007FB6  0EB6               	movlw	182
   172  007FB8                     u27:
   173  007FB8  2EE8               	decfsz	wreg,f,c
   174  007FBA  D7FE               	bra	u27
   175  007FBC  2E01               	decfsz	??_main& (0+255),f,c
   176  007FBE  D7FC               	bra	u27
   177  007FC0  2E02               	decfsz	(??_main+1)& (0+255),f,c
   178  007FC2  D7FA               	bra	u27
   179  007FC4  D000               	nop2	
   180                           
   181                           ;Hola_4.c: 42: LATDbits.LATD7 = 0;
   182  007FC6  9E8C               	bcf	3980,7,c	;volatile
   183                           
   184                           ;Hola_4.c: 43: LATBbits.LATB0 = 1;
   185  007FC8  808A               	bsf	3978,0,c	;volatile
   186                           
   187                           ;Hola_4.c: 44: _delay((unsigned long)((500)*(20000000/4000.0)));
   188  007FCA  0E0D               	movlw	13
   189  007FCC  6E02               	movwf	(??_main+1)& (0+255),c
   190  007FCE  0EAF               	movlw	175
   191  007FD0  6E01               	movwf	??_main& (0+255),c
   192  007FD2  0EB6               	movlw	182
   193  007FD4                     u37:
   194  007FD4  2EE8               	decfsz	wreg,f,c
   195  007FD6  D7FE               	bra	u37
   196  007FD8  2E01               	decfsz	??_main& (0+255),f,c
   197  007FDA  D7FC               	bra	u37
   198  007FDC  2E02               	decfsz	(??_main+1)& (0+255),f,c
   199  007FDE  D7FA               	bra	u37
   200  007FE0  D000               	nop2	
   201                           
   202                           ;Hola_4.c: 46: LATDbits.LATD7 = 1;
   203  007FE2  8E8C               	bsf	3980,7,c	;volatile
   204                           
   205                           ;Hola_4.c: 47: LATBbits.LATB0 = 1;
   206  007FE4  808A               	bsf	3978,0,c	;volatile
   207                           
   208                           ;Hola_4.c: 48: _delay((unsigned long)((500)*(20000000/4000.0)));
   209  007FE6  0E0D               	movlw	13
   210  007FE8  6E02               	movwf	(??_main+1)& (0+255),c
   211  007FEA  0EAF               	movlw	175
   212  007FEC  6E01               	movwf	??_main& (0+255),c
   213  007FEE  0EB6               	movlw	182
   214  007FF0                     u47:
   215  007FF0  2EE8               	decfsz	wreg,f,c
   216  007FF2  D7FE               	bra	u47
   217  007FF4  2E01               	decfsz	??_main& (0+255),f,c
   218  007FF6  D7FC               	bra	u47
   219  007FF8  2E02               	decfsz	(??_main+1)& (0+255),f,c
   220  007FFA  D7FA               	bra	u47
   221  007FFC  D000               	nop2	
   222  007FFE  D7C7               	goto	l19
   223  008000                     __end_of_main:
   224                           	opt stack 0
   225  0000                     intcon2	equ	0xFF1
   226                           wreg	equ	0xFE8
   227                           intcon2	equ	0xFF1
   228                           wreg	equ	0xFE8
   229                           
   230                           	psect	rparam
   231  0000                     intcon2	equ	0xFF1
   232                           wreg	equ	0xFE8


Data Sizes:
    Strings     0
    Constant    0
    Data        0
    BSS         0
    Persistent  0
    Stack       0

Auto Spaces:
    Space          Size  Autos    Used
    COMRAM           95      2       2
    BANK0           160      0       0
    BANK1           256      0       0
    BANK2           256      0       0
    BANK3           256      0       0
    BANK4           256      0       0
    BANK5           256      0       0
    BANK6           256      0       0
    BANK7           256      0       0

Pointer List with Targets:

    None.

Critical Paths under _main in COMRAM

    None.

Critical Paths under _main in BANK0

    None.

Critical Paths under _main in BANK1

    None.

Critical Paths under _main in BANK2

    None.

Critical Paths under _main in BANK3

    None.

Critical Paths under _main in BANK4

    None.

Critical Paths under _main in BANK5

    None.

Critical Paths under _main in BANK6

    None.

Critical Paths under _main in BANK7

    None.

Call Graph Tables:

 ---------------------------------------------------------------------------------
 (Depth) Function   	        Calls       Base Space   Used Autos Params    Refs
 ---------------------------------------------------------------------------------
 (0) _main                                                 2     2      0       0
                                              0 COMRAM     2     2      0
 ---------------------------------------------------------------------------------
 Estimated maximum stack depth 0
 ---------------------------------------------------------------------------------

 Call Graph Graphs:

 _main (ROOT)

 Address spaces:
Name               Size   Autos  Total    Cost      Usage
BITCOMRAM           5F      0       0       0        0.0%
EEDATA             100      0       0       0        0.0%
NULL                 0      0       0       0        0.0%
CODE                 0      0       0       0        0.0%
COMRAM              5F      2       2       1        2.1%
STACK                0      0       0       2        0.0%
DATA                 0      0       0       3        0.0%
BITBANK0            A0      0       0       4        0.0%
BANK0               A0      0       0       5        0.0%
BITBANK1           100      0       0       6        0.0%
BANK1              100      0       0       7        0.0%
BITBANK2           100      0       0       8        0.0%
BANK2              100      0       0       9        0.0%
BITBANK3           100      0       0      10        0.0%
BANK3              100      0       0      11        0.0%
BITBANK4           100      0       0      12        0.0%
BANK4              100      0       0      13        0.0%
BITBANK5           100      0       0      14        0.0%
BANK5              100      0       0      15        0.0%
BITBANK6           100      0       0      16        0.0%
BANK6              100      0       0      17        0.0%
BITBANK7           100      0       0      18        0.0%
BANK7              100      0       0      19        0.0%
ABS                  0      0       0      20        0.0%
BIGRAM             7FF      0       0      21        0.0%
BITSFR               0      0       0     200        0.0%
SFR                  0      0       0     200        0.0%


Microchip Technology PIC18 Macro Assembler V1.44 build -154322312 
Symbol Table                                                                                   Tue Jan  9 01:44:44 2018

                     l19 7F8E                       u17 7F9C                       u27 7FB8  
                     u37 7FD4                       u47 7FF0              __CFG_BORV$3 000000  
           __CFG_CP0$OFF 000000             __CFG_CP1$OFF 000000             __CFG_CP2$OFF 000000  
           __CFG_CP3$OFF 000000                      LATB 000F8A                      LATD 000F8C  
           __CFG_CPB$OFF 000000             __CFG_CPD$OFF 000000             __CFG_BOR$OFF 000000  
                    wreg 000FE8             __CFG_FOSC$HS 000000             __CFG_LVP$OFF 000000  
           __CFG_WDT$OFF 000000             __CFG_PWRT$ON 000000                     _main 7F7A  
                   start 0000            __CFG_IESO$OFF 000000            __CFG_MCLRE$ON 000000  
           ___param_bank 000000            __CFG_PLLDIV$2 000000                    ?_main 0001  
          __CFG_USBDIV$1 000000            __CFG_WRT0$OFF 000000            __CFG_WRT1$OFF 000000  
          __CFG_WRT2$OFF 000000            __CFG_WRT3$OFF 000000           __CFG_EBTR0$OFF 000000  
         __CFG_FCMEN$OFF 000000           __CFG_EBTR1$OFF 000000           __CFG_EBTR2$OFF 000000  
         __CFG_EBTR3$OFF 000000            __CFG_WRTB$OFF 000000            __CFG_WRTC$OFF 000000  
          __CFG_WRTD$OFF 000000           __CFG_EBTRB$OFF 000000           __CFG_ICPRT$OFF 000000  
        __initialization 7F74             __end_of_main 8000                   ??_main 0001  
          __activetblptr 000000          __CFG_CCP2MX$OFF 000000           __CFG_XINST$OFF 000000  
         __CFG_STVREN$ON 000000               __accesstop 0060  __end_of__initialization 7F74  
        __CFG_PBADEN$OFF 000000            ___rparam_used 000001           __pcstackCOMRAM 0001  
        __CFG_VREGEN$OFF 000000                  __Hparam 0000                  __Lparam 0000  
                __pcinit 7F74                  __ramtop 0800                  __ptext0 7F7A  
   end_of_initialization 7F74                _PORTEbits 000F84                _TRISBbits 000F93  
              _TRISDbits 000F95      start_initialization 7F74         __CFG_LPT1OSC$OFF 000000  
               _LATBbits 000F8A                 _LATDbits 000F8C         __CFG_WDTPS$32768 000000  
            _INTCON2bits 000FF1                 __Hrparam 0000                 __Lrparam 0000  
          __size_of_main 0086    __CFG_CPUDIV$OSC1_PLL2 000000  
