

Microchip Technology PIC18 LITE Macro Assembler V1.44 build -154322312 
                                                                                               Wed Jan 10 01:39:12 2018

Microchip Technology Omniscient Code Generator v1.44 (Free mode) build 201709140600
     1                           	processor	18F4550
     2                           	fnconf	rparam,??,?,0
     3                           	opt	pw 120
     4                           	opt	lm
     5                           	psect	cinit,global,reloc=2,class=CODE,delta=1
     6                           	psect	cstackCOMRAM,global,class=COMRAM,space=1,delta=1,noexec
     7                           	psect	text0,global,reloc=2,class=CODE,delta=1
     8                           	psect	intsave_regs,global,class=BIGRAM,space=1,delta=1,noexec
     9                           	psect	rparam,global,class=COMRAM,space=1,delta=1,noexec
    10  0000                     
    11                           ; Version 1.44
    12                           ; Generated 14/09/2017 GMT
    13                           ; 
    14                           ; Copyright © 2017, Microchip Technology Inc. and its subsidiaries ("Microchip")
    15                           ; All rights reserved.
    16                           ; 
    17                           ; This software is developed by Microchip Technology Inc. and its subsidiaries ("Microch
      +                          ip").
    18                           ; 
    19                           ; Redistribution and use in source and binary forms, with or without modification, are
    20                           ; permitted provided that the following conditions are met:
    21                           ; 
    22                           ;     1. Redistributions of source code must retain the above copyright notice, this lis
      +                          t of
    23                           ;        conditions and the following disclaimer.
    24                           ; 
    25                           ;     2. Redistributions in binary form must reproduce the above copyright notice, this 
      +                          list
    26                           ;        of conditions and the following disclaimer in the documentation and/or other
    27                           ;        materials provided with the distribution.
    28                           ; 
    29                           ;     3. Microchip's name may not be used to endorse or promote products derived from th
      +                          is
    30                           ;        software without specific prior written permission.
    31                           ; 
    32                           ; THIS SOFTWARE IS PROVIDED BY MICROCHIP "AS IS" AND ANY EXPRESS OR IMPLIED WARRANTIES,
    33                           ; INCLUDING, BUT NOT LIMITED TO, THE IMPLIED WARRANTIES OF MERCHANTABILITY AND FITNESS F
      +                          OR
    34                           ; PURPOSE ARE DISCLAIMED.  IN NO EVENT SHALL MICROCHIP BE LIABLE FOR ANY DIRECT, INDIREC
      +                          T,
    35                           ; INCIDENTAL, SPECIAL, EXEMPLARY, OR CONSEQUENTIAL DAMAGES (INCLUDING BUT NOT LIMITED TO
    36                           ; PROCUREMENT OF SUBSTITUTE GOODS OR SERVICES; LOSS OF USE, DATA OR PROFITS; OR BUSINESS
    37                           ; INTERRUPTION) HOWSOEVER CAUSED AND ON ANY THEORY OF LIABILITY, WHETHER IN CONTRACT, ST
      +                          RICT
    38                           ; LIABILITY, OR TORT (INCLUDING NEGLIGENCE OR OTHERWISE) ARISING IN ANY WAY OUT OF THE U
      +                          SE OF
    39                           ; THIS SOFTWARE, EVEN IF ADVISED OF THE POSSIBILITY OF SUCH DAMAGE.
    40                           ; 
    41                           ; 
    42                           ; Code-generator required, PIC18F4550 Definitions
    43                           ; 
    44                           ; SFR Addresses
    45  0000                     _LATD	set	3980
    46  0000                     _LATB	set	3978
    47  0000                     _INTCON2bits	set	4081
    48  0000                     _PORTEbits	set	3972
    49  0000                     _PORTD	set	3971
    50                           
    51                           ; #config settings
    52  0000                     
    53                           	psect	cinit
    54  007F76                     __pcinit:
    55                           	opt stack 0
    56  007F76                     start_initialization:
    57                           	opt stack 0
    58  007F76                     __initialization:
    59                           	opt stack 0
    60  007F76                     end_of_initialization:
    61                           	opt stack 0
    62  007F76                     __end_of__initialization:
    63                           	opt stack 0
    64  007F76  0100               	movlb	0
    65  007F78  EFBE  F03F         	goto	_main	;jump to C main() function
    66                           
    67                           	psect	cstackCOMRAM
    68  000001                     __pcstackCOMRAM:
    69                           	opt stack 0
    70  000001                     ??_main:
    71                           
    72                           ; 1 bytes @ 0x0
    73  000001                     	ds	2
    74                           
    75 ;;
    76 ;;Main: autosize = 0, tempsize = 2, incstack = 0, save=0
    77 ;;
    78 ;; *************** function _main *****************
    79 ;; Defined at:
    80 ;;		line 18 in file "Hola_3.c"
    81 ;; Parameters:    Size  Location     Type
    82 ;;		None
    83 ;; Auto vars:     Size  Location     Type
    84 ;;		None
    85 ;; Return value:  Size  Location     Type
    86 ;;                  1    wreg      void 
    87 ;; Registers used:
    88 ;;		wreg, status,2, status,0
    89 ;; Tracked objects:
    90 ;;		On entry : 0/0
    91 ;;		On exit  : 0/0
    92 ;;		Unchanged: 0/0
    93 ;; Data sizes:     COMRAM   BANK0   BANK1   BANK2   BANK3   BANK4   BANK5   BANK6   BANK7
    94 ;;      Params:         0       0       0       0       0       0       0       0       0
    95 ;;      Locals:         0       0       0       0       0       0       0       0       0
    96 ;;      Temps:          2       0       0       0       0       0       0       0       0
    97 ;;      Totals:         2       0       0       0       0       0       0       0       0
    98 ;;Total ram usage:        2 bytes
    99 ;; This function calls:
   100 ;;		Nothing
   101 ;; This function is called by:
   102 ;;		Startup code after reset
   103 ;; This function uses a non-reentrant model
   104 ;;
   105                           
   106                           	psect	text0
   107  007F7C                     __ptext0:
   108                           	opt stack 0
   109  007F7C                     _main:
   110                           	opt stack 31
   111                           
   112                           ;Hola_3.c: 22: (*(&PORTD + 0x12)) = 0x00;
   113                           
   114                           ;incstack = 0
   115  007F7C  0E00               	movlw	0
   116  007F7E  6E95               	movwf	3989,c	;volatile
   117                           
   118                           ;Hola_3.c: 23: (*(&(*(&PORTD + 0x09))) &=~ (1<<(3)));
   119  007F80  968C               	bcf	3980,3,c	;volatile
   120                           
   121                           ;Hola_3.c: 25: PORTEbits.RDPU = 1;
   122  007F82  8E84               	bsf	3972,7,c	;volatile
   123                           
   124                           ;Hola_3.c: 27: INTCON2bits.RBPU = 0;
   125  007F84  9EF1               	bcf	intcon2,7,c	;volatile
   126                           
   127                           ;Hola_3.c: 28: LATB = 0x00;
   128  007F86  0E00               	movlw	0
   129  007F88  6E8A               	movwf	3978,c	;volatile
   130                           
   131                           ;Hola_3.c: 29: LATD = 0x00;
   132  007F8A  0E00               	movlw	0
   133  007F8C  6E8C               	movwf	3980,c	;volatile
   134  007F8E                     
   135                           ;Hola_3.c: 31: {
   136                           ;Hola_3.c: 32: LATB |= (1 << 0);
   137  007F8E  808A               	bsf	3978,0,c	;volatile
   138                           
   139                           ;Hola_3.c: 33: LATD &= ~(1 << 7);
   140  007F90  9E8C               	bcf	3980,7,c	;volatile
   141                           
   142                           ;Hola_3.c: 34: _delay((unsigned long)((500)*(20000000/4000.0)));
   143  007F92  0E0D               	movlw	13
   144  007F94  6E02               	movwf	(??_main+1)& (0+255),c
   145  007F96  0EAF               	movlw	175
   146  007F98  6E01               	movwf	??_main& (0+255),c
   147  007F9A  0EB6               	movlw	182
   148  007F9C                     u17:
   149  007F9C  2EE8               	decfsz	wreg,f,c
   150  007F9E  D7FE               	bra	u17
   151  007FA0  2E01               	decfsz	??_main& (0+255),f,c
   152  007FA2  D7FC               	bra	u17
   153  007FA4  2E02               	decfsz	(??_main+1)& (0+255),f,c
   154  007FA6  D7FA               	bra	u17
   155  007FA8  D000               	nop2	
   156                           
   157                           ;Hola_3.c: 35: LATB &= ~(1 << 0);
   158  007FAA  908A               	bcf	3978,0,c	;volatile
   159                           
   160                           ;Hola_3.c: 36: LATD |= (1 << 7);
   161  007FAC  8E8C               	bsf	3980,7,c	;volatile
   162                           
   163                           ;Hola_3.c: 37: _delay((unsigned long)((500)*(20000000/4000.0)));
   164  007FAE  0E0D               	movlw	13
   165  007FB0  6E02               	movwf	(??_main+1)& (0+255),c
   166  007FB2  0EAF               	movlw	175
   167  007FB4  6E01               	movwf	??_main& (0+255),c
   168  007FB6  0EB6               	movlw	182
   169  007FB8                     u27:
   170  007FB8  2EE8               	decfsz	wreg,f,c
   171  007FBA  D7FE               	bra	u27
   172  007FBC  2E01               	decfsz	??_main& (0+255),f,c
   173  007FBE  D7FC               	bra	u27
   174  007FC0  2E02               	decfsz	(??_main+1)& (0+255),f,c
   175  007FC2  D7FA               	bra	u27
   176  007FC4  D000               	nop2	
   177                           
   178                           ;Hola_3.c: 38: LATB |= (1 << 0);
   179  007FC6  808A               	bsf	3978,0,c	;volatile
   180                           
   181                           ;Hola_3.c: 39: LATD |= (1 << 7);
   182  007FC8  8E8C               	bsf	3980,7,c	;volatile
   183                           
   184                           ;Hola_3.c: 40: _delay((unsigned long)((500)*(20000000/4000.0)));
   185  007FCA  0E0D               	movlw	13
   186  007FCC  6E02               	movwf	(??_main+1)& (0+255),c
   187  007FCE  0EAF               	movlw	175
   188  007FD0  6E01               	movwf	??_main& (0+255),c
   189  007FD2  0EB6               	movlw	182
   190  007FD4                     u37:
   191  007FD4  2EE8               	decfsz	wreg,f,c
   192  007FD6  D7FE               	bra	u37
   193  007FD8  2E01               	decfsz	??_main& (0+255),f,c
   194  007FDA  D7FC               	bra	u37
   195  007FDC  2E02               	decfsz	(??_main+1)& (0+255),f,c
   196  007FDE  D7FA               	bra	u37
   197  007FE0  D000               	nop2	
   198                           
   199                           ;Hola_3.c: 41: LATB &= ~(1 << 0);
   200  007FE2  908A               	bcf	3978,0,c	;volatile
   201                           
   202                           ;Hola_3.c: 42: LATD &= ~(1 << 7);
   203  007FE4  9E8C               	bcf	3980,7,c	;volatile
   204                           
   205                           ;Hola_3.c: 43: _delay((unsigned long)((500)*(20000000/4000.0)));
   206  007FE6  0E0D               	movlw	13
   207  007FE8  6E02               	movwf	(??_main+1)& (0+255),c
   208  007FEA  0EAF               	movlw	175
   209  007FEC  6E01               	movwf	??_main& (0+255),c
   210  007FEE  0EB6               	movlw	182
   211  007FF0                     u47:
   212  007FF0  2EE8               	decfsz	wreg,f,c
   213  007FF2  D7FE               	bra	u47
   214  007FF4  2E01               	decfsz	??_main& (0+255),f,c
   215  007FF6  D7FC               	bra	u47
   216  007FF8  2E02               	decfsz	(??_main+1)& (0+255),f,c
   217  007FFA  D7FA               	bra	u47
   218  007FFC  D000               	nop2	
   219  007FFE  D7C7               	goto	l17
   220  008000                     __end_of_main:
   221                           	opt stack 0
   222  0000                     intcon2	equ	0xFF1
   223                           wreg	equ	0xFE8
   224                           intcon2	equ	0xFF1
   225                           wreg	equ	0xFE8
   226                           
   227                           	psect	rparam
   228  0000                     intcon2	equ	0xFF1
   229                           wreg	equ	0xFE8


Data Sizes:
    Strings     0
    Constant    0
    Data        0
    BSS         0
    Persistent  0
    Stack       0

Auto Spaces:
    Space          Size  Autos    Used
    COMRAM           95      2       2
    BANK0           160      0       0
    BANK1           256      0       0
    BANK2           256      0       0
    BANK3           256      0       0
    BANK4           256      0       0
    BANK5           256      0       0
    BANK6           256      0       0
    BANK7           256      0       0

Pointer List with Targets:

    None.

Critical Paths under _main in COMRAM

    None.

Critical Paths under _main in BANK0

    None.

Critical Paths under _main in BANK1

    None.

Critical Paths under _main in BANK2

    None.

Critical Paths under _main in BANK3

    None.

Critical Paths under _main in BANK4

    None.

Critical Paths under _main in BANK5

    None.

Critical Paths under _main in BANK6

    None.

Critical Paths under _main in BANK7

    None.

Call Graph Tables:

 ---------------------------------------------------------------------------------
 (Depth) Function   	        Calls       Base Space   Used Autos Params    Refs
 ---------------------------------------------------------------------------------
 (0) _main                                                 2     2      0       0
                                              0 COMRAM     2     2      0
 ---------------------------------------------------------------------------------
 Estimated maximum stack depth 0
 ---------------------------------------------------------------------------------

 Call Graph Graphs:

 _main (ROOT)

 Address spaces:
Name               Size   Autos  Total    Cost      Usage
BITCOMRAM           5F      0       0       0        0.0%
EEDATA             100      0       0       0        0.0%
NULL                 0      0       0       0        0.0%
CODE                 0      0       0       0        0.0%
COMRAM              5F      2       2       1        2.1%
STACK                0      0       0       2        0.0%
DATA                 0      0       0       3        0.0%
BITBANK0            A0      0       0       4        0.0%
BANK0               A0      0       0       5        0.0%
BITBANK1           100      0       0       6        0.0%
BANK1              100      0       0       7        0.0%
BITBANK2           100      0       0       8        0.0%
BANK2              100      0       0       9        0.0%
BITBANK3           100      0       0      10        0.0%
BANK3              100      0       0      11        0.0%
BITBANK4           100      0       0      12        0.0%
BANK4              100      0       0      13        0.0%
BITBANK5           100      0       0      14        0.0%
BANK5              100      0       0      15        0.0%
BITBANK6           100      0       0      16        0.0%
BANK6              100      0       0      17        0.0%
BITBANK7           100      0       0      18        0.0%
BANK7              100      0       0      19        0.0%
ABS                  0      0       0      20        0.0%
BIGRAM             7FF      0       0      21        0.0%
BITSFR               0      0       0     200        0.0%
SFR                  0      0       0     200        0.0%


Microchip Technology PIC18 Macro Assembler V1.44 build -154322312 
Symbol Table                                                                                   Wed Jan 10 01:39:12 2018

                     l17 7F8E                       u17 7F9C                       u27 7FB8  
                     u37 7FD4                       u47 7FF0              __CFG_BORV$3 000000  
           __CFG_CP0$OFF 000000             __CFG_CP1$OFF 000000             __CFG_CP2$OFF 000000  
           __CFG_CP3$OFF 000000             __CFG_CPB$OFF 000000             __CFG_CPD$OFF 000000  
           __CFG_BOR$OFF 000000                      wreg 000FE8             __CFG_FOSC$HS 000000  
           __CFG_LVP$OFF 000000             __CFG_WDT$OFF 000000                     _LATB 000F8A  
                   _LATD 000F8C             __CFG_PWRT$ON 000000                     _main 7F7C  
                   start 0000            __CFG_IESO$OFF 000000            __CFG_MCLRE$ON 000000  
           ___param_bank 000000            __CFG_PLLDIV$2 000000                    ?_main 0001  
                  _PORTD 000F83            __CFG_USBDIV$1 000000            __CFG_WRT0$OFF 000000  
          __CFG_WRT1$OFF 000000            __CFG_WRT2$OFF 000000            __CFG_WRT3$OFF 000000  
         __CFG_EBTR0$OFF 000000           __CFG_FCMEN$OFF 000000           __CFG_EBTR1$OFF 000000  
         __CFG_EBTR2$OFF 000000           __CFG_EBTR3$OFF 000000            __CFG_WRTB$OFF 000000  
          __CFG_WRTC$OFF 000000            __CFG_WRTD$OFF 000000           __CFG_EBTRB$OFF 000000  
         __CFG_ICPRT$OFF 000000          __initialization 7F76             __end_of_main 8000  
                 ??_main 0001            __activetblptr 000000          __CFG_CCP2MX$OFF 000000  
         __CFG_XINST$OFF 000000           __CFG_STVREN$ON 000000               __accesstop 0060  
__end_of__initialization 7F76          __CFG_PBADEN$OFF 000000            ___rparam_used 000001  
         __pcstackCOMRAM 0001          __CFG_VREGEN$OFF 000000                  __Hparam 0000  
                __Lparam 0000                  __pcinit 7F76                  __ramtop 0800  
                __ptext0 7F7C     end_of_initialization 7F76                _PORTEbits 000F84  
    start_initialization 7F76         __CFG_LPT1OSC$OFF 000000         __CFG_WDTPS$32768 000000  
            _INTCON2bits 000FF1                 __Hrparam 0000                 __Lrparam 0000  
          __size_of_main 0084    __CFG_CPUDIV$OSC1_PLL2 000000  
