

Microchip Technology PIC18 LITE Macro Assembler V1.44 build -154322312 
                                                                                               Fri Feb  9 18:35:21 2018

Microchip Technology Omniscient Code Generator v1.44 (Free mode) build 201709140600
     1                           	processor	18F4550
     2                           	fnconf	rparam,??,?,0
     3                           	opt	pw 120
     4                           	opt	lm
     5                           	psect	cinit,global,reloc=2,class=CODE,delta=1
     6                           	psect	cstackCOMRAM,global,class=COMRAM,space=1,delta=1,noexec
     7                           	psect	text0,global,reloc=2,class=CODE,delta=1
     8                           	psect	intsave_regs,global,class=BIGRAM,space=1,delta=1,noexec
     9                           	psect	rparam,global,class=COMRAM,space=1,delta=1,noexec
    10  0000                     
    11                           ; Version 1.44
    12                           ; Generated 14/09/2017 GMT
    13                           ; 
    14                           ; Copyright © 2017, Microchip Technology Inc. and its subsidiaries ("Microchip")
    15                           ; All rights reserved.
    16                           ; 
    17                           ; This software is developed by Microchip Technology Inc. and its subsidiaries ("Microch
      +                          ip").
    18                           ; 
    19                           ; Redistribution and use in source and binary forms, with or without modification, are
    20                           ; permitted provided that the following conditions are met:
    21                           ; 
    22                           ;     1. Redistributions of source code must retain the above copyright notice, this lis
      +                          t of
    23                           ;        conditions and the following disclaimer.
    24                           ; 
    25                           ;     2. Redistributions in binary form must reproduce the above copyright notice, this 
      +                          list
    26                           ;        of conditions and the following disclaimer in the documentation and/or other
    27                           ;        materials provided with the distribution.
    28                           ; 
    29                           ;     3. Microchip's name may not be used to endorse or promote products derived from th
      +                          is
    30                           ;        software without specific prior written permission.
    31                           ; 
    32                           ; THIS SOFTWARE IS PROVIDED BY MICROCHIP "AS IS" AND ANY EXPRESS OR IMPLIED WARRANTIES,
    33                           ; INCLUDING, BUT NOT LIMITED TO, THE IMPLIED WARRANTIES OF MERCHANTABILITY AND FITNESS F
      +                          OR
    34                           ; PURPOSE ARE DISCLAIMED.  IN NO EVENT SHALL MICROCHIP BE LIABLE FOR ANY DIRECT, INDIREC
      +                          T,
    35                           ; INCIDENTAL, SPECIAL, EXEMPLARY, OR CONSEQUENTIAL DAMAGES (INCLUDING BUT NOT LIMITED TO
    36                           ; PROCUREMENT OF SUBSTITUTE GOODS OR SERVICES; LOSS OF USE, DATA OR PROFITS; OR BUSINESS
    37                           ; INTERRUPTION) HOWSOEVER CAUSED AND ON ANY THEORY OF LIABILITY, WHETHER IN CONTRACT, ST
      +                          RICT
    38                           ; LIABILITY, OR TORT (INCLUDING NEGLIGENCE OR OTHERWISE) ARISING IN ANY WAY OUT OF THE U
      +                          SE OF
    39                           ; THIS SOFTWARE, EVEN IF ADVISED OF THE POSSIBILITY OF SUCH DAMAGE.
    40                           ; 
    41                           ; 
    42                           ; Code-generator required, PIC18F4550 Definitions
    43                           ; 
    44                           ; SFR Addresses
    45  0000                     _TRISA	set	3986
    46  0000                     _CMCON	set	4020
    47  0000                     _ADCON1	set	4033
    48  0000                     _LATA	set	3977
    49  0000                     _PORTA	set	3968
    50                           
    51                           ; #config settings
    52                           
    53                           	psect	cinit
    54  007FE2                     __pcinit:
    55                           	opt stack 0
    56  007FE2                     start_initialization:
    57                           	opt stack 0
    58  007FE2                     __initialization:
    59                           	opt stack 0
    60  007FE2                     end_of_initialization:
    61                           	opt stack 0
    62  007FE2                     __end_of__initialization:
    63                           	opt stack 0
    64  007FE2  0100               	movlb	0
    65  007FE4  EFF4  F03F         	goto	_main	;jump to C main() function
    66                           
    67                           	psect	cstackCOMRAM
    68  000000                     __pcstackCOMRAM:
    69                           	opt stack 0
    70  000000                     
    71                           ; 1 bytes @ 0x0
    72 ;;
    73 ;;Main: autosize = 0, tempsize = 0, incstack = 0, save=0
    74 ;;
    75 ;; *************** function _main *****************
    76 ;; Defined at:
    77 ;;		line 11 in file "puertoA.c"
    78 ;; Parameters:    Size  Location     Type
    79 ;;		None
    80 ;; Auto vars:     Size  Location     Type
    81 ;;		None
    82 ;; Return value:  Size  Location     Type
    83 ;;                  1    wreg      void 
    84 ;; Registers used:
    85 ;;		wreg, status,2
    86 ;; Tracked objects:
    87 ;;		On entry : 0/0
    88 ;;		On exit  : 0/0
    89 ;;		Unchanged: 0/0
    90 ;; Data sizes:     COMRAM   BANK0   BANK1   BANK2   BANK3   BANK4   BANK5   BANK6   BANK7
    91 ;;      Params:         0       0       0       0       0       0       0       0       0
    92 ;;      Locals:         0       0       0       0       0       0       0       0       0
    93 ;;      Temps:          0       0       0       0       0       0       0       0       0
    94 ;;      Totals:         0       0       0       0       0       0       0       0       0
    95 ;;Total ram usage:        0 bytes
    96 ;; This function calls:
    97 ;;		Nothing
    98 ;; This function is called by:
    99 ;;		Startup code after reset
   100 ;; This function uses a non-reentrant model
   101 ;;
   102                           
   103                           	psect	text0
   104  007FE8                     __ptext0:
   105                           	opt stack 0
   106  007FE8                     _main:
   107                           	opt stack 31
   108                           
   109                           ;puertoA.c: 13: PORTA = 0x00;
   110                           
   111                           ;incstack = 0
   112  007FE8  0E00               	movlw	0
   113  007FEA  6E80               	movwf	3968,c	;volatile
   114                           
   115                           ;puertoA.c: 14: LATA = 0x00;
   116  007FEC  0E00               	movlw	0
   117  007FEE  6E89               	movwf	3977,c	;volatile
   118                           
   119                           ;puertoA.c: 17: ADCON1 = 0x0F;
   120  007FF0  0E0F               	movlw	15
   121  007FF2  6EC1               	movwf	4033,c	;volatile
   122                           
   123                           ;puertoA.c: 19: CMCON = 0x07;
   124  007FF4  0E07               	movlw	7
   125  007FF6  6EB4               	movwf	4020,c	;volatile
   126                           
   127                           ;puertoA.c: 22: TRISA = 0xCF;
   128  007FF8  0ECF               	movlw	207
   129  007FFA  6E92               	movwf	3986,c	;volatile
   130  007FFC  EF00  F000         	goto	start
   131  008000                     __end_of_main:
   132                           	opt stack 0
   133  0000                     
   134                           	psect	rparam


Data Sizes:
    Strings     0
    Constant    0
    Data        0
    BSS         0
    Persistent  0
    Stack       0

Auto Spaces:
    Space          Size  Autos    Used
    COMRAM           95      0       0
    BANK0           160      0       0
    BANK1           256      0       0
    BANK2           256      0       0
    BANK3           256      0       0
    BANK4           256      0       0
    BANK5           256      0       0
    BANK6           256      0       0
    BANK7           256      0       0

Pointer List with Targets:

    None.

Critical Paths under _main in COMRAM

    None.

Critical Paths under _main in BANK0

    None.

Critical Paths under _main in BANK1

    None.

Critical Paths under _main in BANK2

    None.

Critical Paths under _main in BANK3

    None.

Critical Paths under _main in BANK4

    None.

Critical Paths under _main in BANK5

    None.

Critical Paths under _main in BANK6

    None.

Critical Paths under _main in BANK7

    None.

Call Graph Tables:

 ---------------------------------------------------------------------------------
 (Depth) Function   	        Calls       Base Space   Used Autos Params    Refs
 ---------------------------------------------------------------------------------
 (0) _main                                                 0     0      0       0
 ---------------------------------------------------------------------------------
 Estimated maximum stack depth 0
 ---------------------------------------------------------------------------------

 Call Graph Graphs:

 _main (ROOT)

 Address spaces:
Name               Size   Autos  Total    Cost      Usage
BITCOMRAM           5F      0       0       0        0.0%
EEDATA             100      0       0       0        0.0%
NULL                 0      0       0       0        0.0%
CODE                 0      0       0       0        0.0%
COMRAM              5F      0       0       1        0.0%
STACK                0      0       0       2        0.0%
DATA                 0      0       0       3        0.0%
BITBANK0            A0      0       0       4        0.0%
BANK0               A0      0       0       5        0.0%
BITBANK1           100      0       0       6        0.0%
BANK1              100      0       0       7        0.0%
BITBANK2           100      0       0       8        0.0%
BANK2              100      0       0       9        0.0%
BITBANK3           100      0       0      10        0.0%
BANK3              100      0       0      11        0.0%
BITBANK4           100      0       0      12        0.0%
BANK4              100      0       0      13        0.0%
BITBANK5           100      0       0      14        0.0%
BANK5              100      0       0      15        0.0%
BITBANK6           100      0       0      16        0.0%
BANK6              100      0       0      17        0.0%
BITBANK7           100      0       0      18        0.0%
BANK7              100      0       0      19        0.0%
ABS                  0      0       0      20        0.0%
BIGRAM             7FF      0       0      21        0.0%
BITSFR               0      0       0     200        0.0%
SFR                  0      0       0     200        0.0%


Microchip Technology PIC18 Macro Assembler V1.44 build -154322312 
Symbol Table                                                                                   Fri Feb  9 18:35:21 2018

                   _LATA 000F89                     _main 7FE8                     start 0000  
           ___param_bank 000000                    ?_main 0000                    _CMCON 000FB4  
                  _PORTA 000F80                    _TRISA 000F92          __initialization 7FE2  
           __end_of_main 8000                   ??_main 0000            __activetblptr 000000  
                 _ADCON1 000FC1               __accesstop 0060  __end_of__initialization 7FE2  
          ___rparam_used 000001           __pcstackCOMRAM 0000                  __Hparam 0000  
                __Lparam 0000                  __pcinit 7FE2                  __ramtop 0800  
                __ptext0 7FE8     end_of_initialization 7FE2      start_initialization 7FE2  
               __Hrparam 0000                 __Lrparam 0000            __size_of_main 0018  
