

Microchip Technology PIC18 LITE Macro Assembler V1.44 build -154322312 
                                                                                               Thu Mar 29 15:50:36 2018

Microchip Technology Omniscient Code Generator v1.44 (Free mode) build 201709140600
     1                           	processor	18F4520
     2                           	fnconf	rparam,??,?,0
     3                           	opt	pw 120
     4                           	opt	lm
     5                           	psect	cinit,global,reloc=2,class=CODE,delta=1
     6                           	psect	bssCOMRAM,global,class=COMRAM,space=1,delta=1,noexec
     7                           	psect	cstackCOMRAM,global,class=COMRAM,space=1,delta=1,noexec
     8                           	psect	text0,global,reloc=2,class=CODE,delta=1
     9                           	psect	intcodelo,global,reloc=2,class=CODE,delta=1
    10                           	psect	intcode,global,reloc=2,class=CODE,delta=1
    11                           	psect	intcode_body,global,reloc=2,class=CODE,delta=1
    12                           	psect	intsave_regs,global,class=BIGRAM,space=1,delta=1,noexec
    13                           	psect	rparam,global,class=COMRAM,space=1,delta=1,noexec
    14                           	psect	temp,global,ovrld,common,class=COMRAM,space=1,delta=1
    15  0000                     
    16                           ; Version 1.44
    17                           ; Generated 14/09/2017 GMT
    18                           ; 
    19                           ; Copyright © 2017, Microchip Technology Inc. and its subsidiaries ("Microchip")
    20                           ; All rights reserved.
    21                           ; 
    22                           ; This software is developed by Microchip Technology Inc. and its subsidiaries ("Microch
      +                          ip").
    23                           ; 
    24                           ; Redistribution and use in source and binary forms, with or without modification, are
    25                           ; permitted provided that the following conditions are met:
    26                           ; 
    27                           ;     1. Redistributions of source code must retain the above copyright notice, this lis
      +                          t of
    28                           ;        conditions and the following disclaimer.
    29                           ; 
    30                           ;     2. Redistributions in binary form must reproduce the above copyright notice, this 
      +                          list
    31                           ;        of conditions and the following disclaimer in the documentation and/or other
    32                           ;        materials provided with the distribution.
    33                           ; 
    34                           ;     3. Microchip's name may not be used to endorse or promote products derived from th
      +                          is
    35                           ;        software without specific prior written permission.
    36                           ; 
    37                           ; THIS SOFTWARE IS PROVIDED BY MICROCHIP "AS IS" AND ANY EXPRESS OR IMPLIED WARRANTIES,
    38                           ; INCLUDING, BUT NOT LIMITED TO, THE IMPLIED WARRANTIES OF MERCHANTABILITY AND FITNESS F
      +                          OR
    39                           ; PURPOSE ARE DISCLAIMED.  IN NO EVENT SHALL MICROCHIP BE LIABLE FOR ANY DIRECT, INDIREC
      +                          T,
    40                           ; INCIDENTAL, SPECIAL, EXEMPLARY, OR CONSEQUENTIAL DAMAGES (INCLUDING BUT NOT LIMITED TO
    41                           ; PROCUREMENT OF SUBSTITUTE GOODS OR SERVICES; LOSS OF USE, DATA OR PROFITS; OR BUSINESS
    42                           ; INTERRUPTION) HOWSOEVER CAUSED AND ON ANY THEORY OF LIABILITY, WHETHER IN CONTRACT, ST
      +                          RICT
    43                           ; LIABILITY, OR TORT (INCLUDING NEGLIGENCE OR OTHERWISE) ARISING IN ANY WAY OUT OF THE U
      +                          SE OF
    44                           ; THIS SOFTWARE, EVEN IF ADVISED OF THE POSSIBILITY OF SUCH DAMAGE.
    45                           ; 
    46                           ; 
    47                           ; Code-generator required, PIC18F4520 Definitions
    48                           ; 
    49                           ; SFR Addresses
    50  0000                     _TMR0	set	4054
    51  0000                     _RCONbits	set	4048
    52  0000                     _PORTC	set	3970
    53  0000                     _INTCONbits	set	4082
    54  0000                     _GIEL	set	32662
    55  0000                     _GIEH	set	32663
    56  0000                     _TMR0IP	set	32650
    57  0000                     _T0PS0	set	32424
    58  0000                     _T0PS1	set	32425
    59  0000                     _T0PS2	set	32426
    60  0000                     _T08BIT	set	32430
    61  0000                     _TMR0ON	set	32431
    62  0000                     _PSA	set	32427
    63  0000                     _T0CS	set	32429
    64  0000                     _TMR0IE	set	32661
    65  0000                     _TMR0IF	set	32658
    66                           
    67                           ; #config settings
    68  0000                     
    69                           	psect	cinit
    70  00021E                     __pcinit:
    71                           	opt stack 0
    72  00021E                     start_initialization:
    73                           	opt stack 0
    74  00021E                     __initialization:
    75                           	opt stack 0
    76                           
    77                           ; Clear objects allocated to COMRAM (4 bytes)
    78  00021E  6A31               	clrf	(__pbssCOMRAM+3)& (0+255),c
    79  000220  6A30               	clrf	(__pbssCOMRAM+2)& (0+255),c
    80  000222  6A2F               	clrf	(__pbssCOMRAM+1)& (0+255),c
    81  000224  6A2E               	clrf	__pbssCOMRAM& (0+255),c
    82  000226                     end_of_initialization:
    83                           	opt stack 0
    84  000226                     __end_of__initialization:
    85                           	opt stack 0
    86  000226  9032               	bcf	int$flags,0,c	;clear compiler interrupt flag (level 1)
    87  000228  9232               	bcf	int$flags,1,c	;clear compiler interrupt flag (level 2)
    88  00022A  0100               	movlb	0
    89  00022C  EFC8  F000         	goto	_main	;jump to C main() function
    90                           
    91                           	psect	bssCOMRAM
    92  00002E                     __pbssCOMRAM:
    93                           	opt stack 0
    94  00002E                     _cont:
    95                           	opt stack 0
    96  00002E                     	ds	1
    97  00002F                     _Ton:
    98                           	opt stack 0
    99  00002F                     	ds	1
   100  000030                     _T0ini:
   101                           	opt stack 0
   102  000030                     	ds	1
   103  000031                     _estado:
   104                           	opt stack 0
   105  000031                     	ds	1
   106                           
   107                           	psect	cstackCOMRAM
   108  000001                     __pcstackCOMRAM:
   109                           	opt stack 0
   110  000001                     ??_high_isr:
   111  000001                     
   112                           ; 1 bytes @ 0x0
   113  000001                     	ds	19
   114  000014                     ??_low_isr:
   115                           
   116                           ; 1 bytes @ 0x13
   117  000014                     	ds	21
   118  000029                     ??_main:
   119                           
   120                           ; 1 bytes @ 0x28
   121  000029                     	ds	1
   122  00002A                     main@i:
   123                           	opt stack 0
   124                           
   125                           ; 2 bytes @ 0x29
   126  00002A                     	ds	2
   127  00002C                     main@i_195:
   128                           	opt stack 0
   129                           
   130                           ; 2 bytes @ 0x2B
   131  00002C                     	ds	2
   132                           
   133 ;;
   134 ;;Main: autosize = 0, tempsize = 1, incstack = 0, save=0
   135 ;;
   136 ;; *************** function _main *****************
   137 ;; Defined at:
   138 ;;		line 76 in file "tmrlt3.c"
   139 ;; Parameters:    Size  Location     Type
   140 ;;		None
   141 ;; Auto vars:     Size  Location     Type
   142 ;;  i               2   43[COMRAM] int 
   143 ;;  i               2   41[COMRAM] int 
   144 ;; Return value:  Size  Location     Type
   145 ;;                  1    wreg      void 
   146 ;; Registers used:
   147 ;;		wreg, status,2, status,0
   148 ;; Tracked objects:
   149 ;;		On entry : 0/0
   150 ;;		On exit  : 0/0
   151 ;;		Unchanged: 0/0
   152 ;; Data sizes:     COMRAM   BANK0   BANK1   BANK2   BANK3   BANK4   BANK5
   153 ;;      Params:         0       0       0       0       0       0       0
   154 ;;      Locals:         4       0       0       0       0       0       0
   155 ;;      Temps:          1       0       0       0       0       0       0
   156 ;;      Totals:         5       0       0       0       0       0       0
   157 ;;Total ram usage:        5 bytes
   158 ;; Hardware stack levels required when called:    2
   159 ;; This function calls:
   160 ;;		Nothing
   161 ;; This function is called by:
   162 ;;		Startup code after reset
   163 ;; This function uses a non-reentrant model
   164 ;;
   165                           
   166                           	psect	text0
   167  000190                     __ptext0:
   168                           	opt stack 0
   169  000190                     _main:
   170                           	opt stack 29
   171                           
   172                           ;tmrlt3.c: 78: (*(&(*(&PORTC + 0x12))) &=~ (1<<(2)));
   173                           
   174                           ;incstack = 0
   175  000190  9494               	bcf	3988,2,c	;volatile
   176                           
   177                           ;tmrlt3.c: 79: (*(&(*(&PORTC + 0x12))) &=~ (1<<(3)));
   178  000192  9694               	bcf	3988,3,c	;volatile
   179                           
   180                           ;tmrlt3.c: 80: (*(&(*(&PORTC + 0x12))) |= (1<<(1)));
   181  000194  8294               	bsf	3988,1,c	;volatile
   182                           
   183                           ;tmrlt3.c: 87: TMR0IE = 1;
   184  000196  8AF2               	bsf	intcon,5,c	;volatile
   185                           
   186                           ;tmrlt3.c: 88: T0CS = 0;
   187  000198  9AD5               	bcf	4053,5,c	;volatile
   188                           
   189                           ;tmrlt3.c: 89: PSA = 0;
   190  00019A  96D5               	bcf	4053,3,c	;volatile
   191                           
   192                           ;tmrlt3.c: 90: TMR0ON = 0;
   193  00019C  9ED5               	bcf	4053,7,c	;volatile
   194                           
   195                           ;tmrlt3.c: 91: T08BIT = 1;
   196  00019E  8CD5               	bsf	4053,6,c	;volatile
   197                           
   198                           ;tmrlt3.c: 92: T0PS2 = 0;
   199  0001A0  94D5               	bcf	4053,2,c	;volatile
   200                           
   201                           ;tmrlt3.c: 93: T0PS1 = 0;
   202  0001A2  92D5               	bcf	4053,1,c	;volatile
   203                           
   204                           ;tmrlt3.c: 94: T0PS0 = 1;
   205  0001A4  80D5               	bsf	4053,0,c	;volatile
   206                           
   207                           ;tmrlt3.c: 98: TMR0IP = 1;
   208  0001A6  84F1               	bsf	intcon2,2,c	;volatile
   209                           
   210                           ;tmrlt3.c: 101: RCONbits.IPEN = 1;
   211  0001A8  8ED0               	bsf	4048,7,c	;volatile
   212                           
   213                           ;tmrlt3.c: 102: GIEH = 1;
   214  0001AA  8EF2               	bsf	intcon,7,c	;volatile
   215                           
   216                           ;tmrlt3.c: 103: GIEL = 0;
   217  0001AC  9CF2               	bcf	intcon,6,c	;volatile
   218                           
   219                           ;tmrlt3.c: 106: (*(&(*(&PORTC + 0x09))) &=~ (1<<(2)));
   220  0001AE  948B               	bcf	3979,2,c	;volatile
   221                           
   222                           ;tmrlt3.c: 107: (*(&(*(&PORTC + 0x09))) &=~ (1<<(3)));
   223  0001B0  968B               	bcf	3979,3,c	;volatile
   224                           
   225                           ;tmrlt3.c: 108: for( int i = 0 ;i < 10; i++)
   226  0001B2  0E00               	movlw	0
   227  0001B4  6E2B               	movwf	main@i+1,c
   228  0001B6  0E00               	movlw	0
   229  0001B8  6E2A               	movwf	main@i,c
   230  0001BA  BE2B               	btfsc	main@i+1,7,c
   231  0001BC  D003               	goto	l60
   232  0001BE  502B               	movf	main@i+1,w,c
   233  0001C0  E112               	bnz	l61
   234  0001C2  D00D               	goto	L1
   235  0001C4                     l60:
   236                           
   237                           ;tmrlt3.c: 109: _delay((unsigned long)((100)*(4000000/4000.0)));
   238  0001C4  0E82               	movlw	130
   239  0001C6  6E29               	movwf	??_main& (0+255),c
   240  0001C8  0EDE               	movlw	222
   241  0001CA                     u97:
   242  0001CA  2EE8               	decfsz	wreg,f,c
   243  0001CC  D7FE               	bra	u97
   244  0001CE  2E29               	decfsz	??_main& (0+255),f,c
   245  0001D0  D7FC               	bra	u97
   246  0001D2  4A2A               	infsnz	main@i,f,c
   247  0001D4  2A2B               	incf	main@i+1,f,c
   248  0001D6  BE2B               	btfsc	main@i+1,7,c
   249  0001D8  D7F5               	goto	l60
   250  0001DA  502B               	movf	main@i+1,w,c
   251  0001DC  E104               	bnz	u40
   252  0001DE                     L1:
   253  0001DE  0E0A               	movlw	10
   254  0001E0  5C2A               	subwf	main@i,w,c
   255  0001E2  A0D8               	btfss	status,0,c
   256  0001E4  D7EF               	goto	l60
   257  0001E6                     u40:
   258  0001E6                     l61:
   259                           
   260                           ;tmrlt3.c: 111: TMR0ON = 1;
   261  0001E6  8ED5               	bsf	4053,7,c	;volatile
   262  0001E8                     
   263                           ;tmrlt3.c: 113: {
   264                           ;tmrlt3.c: 114: for(int i=255; i>0;i--)
   265  0001E8  0E00               	movlw	0
   266  0001EA  6E2D               	movwf	main@i_195+1,c
   267  0001EC  682C               	setf	main@i_195,c
   268  0001EE  D00A               	goto	l766
   269  0001F0                     l63:
   270                           
   271                           ;tmrlt3.c: 115: {
   272                           ;tmrlt3.c: 116: Ton = i;
   273  0001F0  C02C  F02F         	movff	main@i_195,_Ton
   274                           
   275                           ;tmrlt3.c: 117: cont = 0;
   276  0001F4  0E00               	movlw	0
   277  0001F6  6E2E               	movwf	_cont,c	;volatile
   278  0001F8  0E09               	movlw	9
   279  0001FA  642E               	cpfsgt	_cont,c	;volatile
   280  0001FC  D7FD               	goto	l66
   281  0001FE  062C               	decf	main@i_195,f,c
   282  000200  A0D8               	btfss	status,0,c
   283  000202  062D               	decf	main@i_195+1,f,c
   284  000204                     l766:
   285  000204  BE2D               	btfsc	main@i_195+1,7,c
   286  000206  D005               	goto	u70
   287  000208  502D               	movf	main@i_195+1,w,c
   288  00020A  E1F2               	bnz	l63
   289  00020C  042C               	decf	main@i_195,w,c
   290  00020E  B0D8               	btfsc	status,0,c
   291  000210  D7EF               	goto	l63
   292  000212                     u70:
   293                           
   294                           ;tmrlt3.c: 119: }
   295                           ;tmrlt3.c: 120: if(!(PORTC & (1<<1))){
   296  000212  B282               	btfsc	3970,1,c	;volatile
   297  000214  D002               	goto	l68
   298                           
   299                           ;tmrlt3.c: 121: (*(&(*(&PORTC + 0x09))) |= (1<<(3)));
   300  000216  868B               	bsf	3979,3,c	;volatile
   301                           
   302                           ;tmrlt3.c: 122: }
   303  000218  D7E7               	goto	l62
   304  00021A                     l68:
   305                           
   306                           ;tmrlt3.c: 123: else
   307                           ;tmrlt3.c: 124: {(*(&(*(&PORTC + 0x09))) &=~ (1<<(3)));}
   308  00021A  968B               	bcf	3979,3,c	;volatile
   309  00021C  D7E5               	goto	l62
   310  00021E                     __end_of_main:
   311                           	opt stack 0
   312                           intcon	equ	0xFF2
   313                           intcon2	equ	0xFF1
   314                           wreg	equ	0xFE8
   315                           status	equ	0xFD8
   316                           
   317 ;; *************** function _low_isr *****************
   318 ;; Defined at:
   319 ;;		line 44 in file "tmrlt3.c"
   320 ;; Parameters:    Size  Location     Type
   321 ;;		None
   322 ;; Auto vars:     Size  Location     Type
   323 ;;		None
   324 ;; Return value:  Size  Location     Type
   325 ;;                  1    wreg      void 
   326 ;; Registers used:
   327 ;;		None
   328 ;; Tracked objects:
   329 ;;		On entry : 0/0
   330 ;;		On exit  : 0/0
   331 ;;		Unchanged: 0/0
   332 ;; Data sizes:     COMRAM   BANK0   BANK1   BANK2   BANK3   BANK4   BANK5
   333 ;;      Params:         0       0       0       0       0       0       0
   334 ;;      Locals:         0       0       0       0       0       0       0
   335 ;;      Temps:         21       0       0       0       0       0       0
   336 ;;      Totals:        21       0       0       0       0       0       0
   337 ;;Total ram usage:       21 bytes
   338 ;; Hardware stack levels used:    1
   339 ;; Hardware stack levels required when called:    1
   340 ;; This function calls:
   341 ;;		Nothing
   342 ;; This function is called by:
   343 ;;		Interrupt level 1
   344 ;; This function uses a non-reentrant model
   345 ;;
   346                           
   347                           	psect	intcodelo
   348  000018                     __pintcodelo:
   349                           	opt stack 0
   350  000018                     _low_isr:
   351                           	opt stack 29
   352                           
   353                           ;incstack = 0
   354  000018  8032               	bsf	btemp,0,c	;set compiler interrupt flag (level 1)
   355  00001A  CFD8 F014          	movff	status,??_low_isr
   356  00001E  CFE8 F015          	movff	wreg,??_low_isr+1
   357  000022  CFE0 F016          	movff	bsr,??_low_isr+2
   358  000026  CFFA F017          	movff	pclath,??_low_isr+3
   359  00002A  CFFB F018          	movff	pclatu,??_low_isr+4
   360  00002E  CFE9 F019          	movff	fsr0l,??_low_isr+5
   361  000032  CFEA F01A          	movff	fsr0h,??_low_isr+6
   362  000036  CFE1 F01B          	movff	fsr1l,??_low_isr+7
   363  00003A  CFE2 F01C          	movff	fsr1h,??_low_isr+8
   364  00003E  CFD9 F01D          	movff	fsr2l,??_low_isr+9
   365  000042  CFDA F01E          	movff	fsr2h,??_low_isr+10
   366  000046  CFF3 F01F          	movff	prodl,??_low_isr+11
   367  00004A  CFF4 F020          	movff	prodh,??_low_isr+12
   368  00004E  CFF6 F021          	movff	tblptrl,??_low_isr+13
   369  000052  CFF7 F022          	movff	tblptrh,??_low_isr+14
   370  000056  CFF8 F023          	movff	tblptru,??_low_isr+15
   371  00005A  CFF5 F024          	movff	tablat,??_low_isr+16
   372  00005E  C032  F025         	movff	btemp,??_low_isr+17
   373  000062  C033  F026         	movff	btemp+1,??_low_isr+18
   374  000066  C034  F027         	movff	btemp+2,??_low_isr+19
   375  00006A  C035  F028         	movff	btemp+3,??_low_isr+20
   376  00006E  C028  F035         	movff	??_low_isr+20,btemp+3
   377  000072  C027  F034         	movff	??_low_isr+19,btemp+2
   378  000076  C026  F033         	movff	??_low_isr+18,btemp+1
   379  00007A  C025  F032         	movff	??_low_isr+17,btemp
   380  00007E  C024  FFF5         	movff	??_low_isr+16,tablat
   381  000082  C023  FFF8         	movff	??_low_isr+15,tblptru
   382  000086  C022  FFF7         	movff	??_low_isr+14,tblptrh
   383  00008A  C021  FFF6         	movff	??_low_isr+13,tblptrl
   384  00008E  C020  FFF4         	movff	??_low_isr+12,prodh
   385  000092  C01F  FFF3         	movff	??_low_isr+11,prodl
   386  000096  C01E  FFDA         	movff	??_low_isr+10,fsr2h
   387  00009A  C01D  FFD9         	movff	??_low_isr+9,fsr2l
   388  00009E  C01C  FFE2         	movff	??_low_isr+8,fsr1h
   389  0000A2  C01B  FFE1         	movff	??_low_isr+7,fsr1l
   390  0000A6  C01A  FFEA         	movff	??_low_isr+6,fsr0h
   391  0000AA  C019  FFE9         	movff	??_low_isr+5,fsr0l
   392  0000AE  C018  FFFB         	movff	??_low_isr+4,pclatu
   393  0000B2  C017  FFFA         	movff	??_low_isr+3,pclath
   394  0000B6  C016  FFE0         	movff	??_low_isr+2,bsr
   395  0000BA  C015  FFE8         	movff	??_low_isr+1,wreg
   396  0000BE  C014  FFD8         	movff	??_low_isr,status
   397  0000C2  9032               	bcf	btemp,0,c	;clear compiler interrupt flag (level 1)
   398  0000C4  0010               	retfie	
   399  0000C6                     __end_of_low_isr:
   400                           	opt stack 0
   401                           pclatu	equ	0xFFB
   402                           pclath	equ	0xFFA
   403                           tblptru	equ	0xFF8
   404                           tblptrh	equ	0xFF7
   405                           tblptrl	equ	0xFF6
   406                           tablat	equ	0xFF5
   407                           prodh	equ	0xFF4
   408                           prodl	equ	0xFF3
   409                           intcon	equ	0xFF2
   410                           intcon2	equ	0xFF1
   411                           fsr0h	equ	0xFEA
   412                           fsr0l	equ	0xFE9
   413                           wreg	equ	0xFE8
   414                           fsr1h	equ	0xFE2
   415                           fsr1l	equ	0xFE1
   416                           bsr	equ	0xFE0
   417                           fsr2h	equ	0xFDA
   418                           fsr2l	equ	0xFD9
   419                           status	equ	0xFD8
   420                           
   421 ;; *************** function _high_isr *****************
   422 ;; Defined at:
   423 ;;		line 50 in file "tmrlt3.c"
   424 ;; Parameters:    Size  Location     Type
   425 ;;		None
   426 ;; Auto vars:     Size  Location     Type
   427 ;;		None
   428 ;; Return value:  Size  Location     Type
   429 ;;                  1    wreg      void 
   430 ;; Registers used:
   431 ;;		wreg, status,2, status,0
   432 ;; Tracked objects:
   433 ;;		On entry : 0/0
   434 ;;		On exit  : 0/0
   435 ;;		Unchanged: 0/0
   436 ;; Data sizes:     COMRAM   BANK0   BANK1   BANK2   BANK3   BANK4   BANK5
   437 ;;      Params:         0       0       0       0       0       0       0
   438 ;;      Locals:         0       0       0       0       0       0       0
   439 ;;      Temps:         19       0       0       0       0       0       0
   440 ;;      Totals:        19       0       0       0       0       0       0
   441 ;;Total ram usage:       19 bytes
   442 ;; Hardware stack levels used:    1
   443 ;; This function calls:
   444 ;;		Nothing
   445 ;; This function is called by:
   446 ;;		Interrupt level 2
   447 ;; This function uses a non-reentrant model
   448 ;;
   449                           
   450                           	psect	intcode
   451  000008                     __pintcode:
   452                           	opt stack 0
   453  000008                     _high_isr:
   454                           	opt stack 29
   455                           
   456                           ;incstack = 0
   457  000008  8232               	bsf	btemp,1,c	;set compiler interrupt flag (level 2)
   458  00000A  ED65  F000         	call	int_func,f	;refresh shadow registers
   459                           pclatu	equ	0xFFB
   460                           pclath	equ	0xFFA
   461                           tblptru	equ	0xFF8
   462                           tblptrh	equ	0xFF7
   463                           tblptrl	equ	0xFF6
   464                           tablat	equ	0xFF5
   465                           prodh	equ	0xFF4
   466                           prodl	equ	0xFF3
   467                           intcon	equ	0xFF2
   468                           intcon2	equ	0xFF1
   469                           fsr0h	equ	0xFEA
   470                           fsr0l	equ	0xFE9
   471                           wreg	equ	0xFE8
   472                           fsr1h	equ	0xFE2
   473                           fsr1l	equ	0xFE1
   474                           bsr	equ	0xFE0
   475                           fsr2h	equ	0xFDA
   476                           fsr2l	equ	0xFD9
   477                           status	equ	0xFD8
   478                           
   479                           	psect	intcode_body
   480  0000CA                     __pintcode_body:
   481                           	opt stack 29
   482  0000CA                     int_func:
   483                           	opt stack 29
   484  0000CA  0006               	pop		; remove dummy address from shadow register refresh
   485  0000CC  CFFA F002          	movff	pclath,??_high_isr+1
   486  0000D0  CFFB F003          	movff	pclatu,??_high_isr+2
   487  0000D4  CFE9 F004          	movff	fsr0l,??_high_isr+3
   488  0000D8  CFEA F005          	movff	fsr0h,??_high_isr+4
   489  0000DC  CFE1 F006          	movff	fsr1l,??_high_isr+5
   490  0000E0  CFE2 F007          	movff	fsr1h,??_high_isr+6
   491  0000E4  CFD9 F008          	movff	fsr2l,??_high_isr+7
   492  0000E8  CFDA F009          	movff	fsr2h,??_high_isr+8
   493  0000EC  CFF3 F00A          	movff	prodl,??_high_isr+9
   494  0000F0  CFF4 F00B          	movff	prodh,??_high_isr+10
   495  0000F4  CFF6 F00C          	movff	tblptrl,??_high_isr+11
   496  0000F8  CFF7 F00D          	movff	tblptrh,??_high_isr+12
   497  0000FC  CFF8 F00E          	movff	tblptru,??_high_isr+13
   498  000100  CFF5 F00F          	movff	tablat,??_high_isr+14
   499  000104  C032  F010         	movff	btemp,??_high_isr+15
   500  000108  C033  F011         	movff	btemp+1,??_high_isr+16
   501  00010C  C034  F012         	movff	btemp+2,??_high_isr+17
   502  000110  C035  F013         	movff	btemp+3,??_high_isr+18
   503                           
   504                           ;tmrlt3.c: 52: if(INTCONbits.T0IF == 1)
   505  000114  A4F2               	btfss	intcon,2,c	;volatile
   506  000116  D016               	goto	i2l716
   507                           
   508                           ;tmrlt3.c: 53: {
   509                           ;tmrlt3.c: 55: if(estado == 0)
   510  000118  5031               	movf	_estado,w,c
   511  00011A  A4D8               	btfss	status,2,c
   512  00011C  D009               	goto	i2l53
   513                           
   514                           ;tmrlt3.c: 56: {
   515                           ;tmrlt3.c: 57: (*(&(*(&PORTC + 0x09))) |= (1<<(2)));
   516  00011E  848B               	bsf	3979,2,c	;volatile
   517                           
   518                           ;tmrlt3.c: 58: T0ini = 255-Ton;
   519  000120  502F               	movf	_Ton,w,c
   520  000122  0800               	sublw	0
   521  000124  6E01               	movwf	??_high_isr& (0+255),c
   522  000126  0401               	decf	??_high_isr,w,c
   523  000128  6E30               	movwf	_T0ini,c
   524                           
   525                           ;tmrlt3.c: 59: estado = 1;
   526  00012A  0E01               	movlw	1
   527  00012C  6E31               	movwf	_estado,c
   528                           
   529                           ;tmrlt3.c: 60: }
   530  00012E  D006               	goto	i2l54
   531  000130                     i2l53:
   532                           
   533                           ;tmrlt3.c: 61: else
   534                           ;tmrlt3.c: 62: {
   535                           ;tmrlt3.c: 63: (*(&(*(&PORTC + 0x09))) &=~ (1<<(2)));
   536  000130  948B               	bcf	3979,2,c	;volatile
   537                           
   538                           ;tmrlt3.c: 64: T0ini = Ton;
   539  000132  C02F  F030         	movff	_Ton,_T0ini
   540                           
   541                           ;tmrlt3.c: 65: estado = 0;
   542  000136  0E00               	movlw	0
   543  000138  6E31               	movwf	_estado,c
   544                           
   545                           ;tmrlt3.c: 66: cont++;
   546  00013A  2A2E               	incf	_cont,f,c	;volatile
   547  00013C                     i2l54:
   548                           
   549                           ;tmrlt3.c: 67: }
   550                           ;tmrlt3.c: 68: TMR0=T0ini;
   551  00013C  C030  FFD6         	movff	_T0ini,4054	;volatile
   552  000140  6AD7               	clrf	4055,c	;volatile
   553                           
   554                           ;tmrlt3.c: 69: TMR0IF = 0;
   555  000142  94F2               	bcf	intcon,2,c	;volatile
   556  000144                     i2l716:
   557                           
   558                           ;tmrlt3.c: 70: return;
   559  000144  C013  F035         	movff	??_high_isr+18,btemp+3
   560  000148  C012  F034         	movff	??_high_isr+17,btemp+2
   561  00014C  C011  F033         	movff	??_high_isr+16,btemp+1
   562  000150  C010  F032         	movff	??_high_isr+15,btemp
   563  000154  C00F  FFF5         	movff	??_high_isr+14,tablat
   564  000158  C00E  FFF8         	movff	??_high_isr+13,tblptru
   565  00015C  C00D  FFF7         	movff	??_high_isr+12,tblptrh
   566  000160  C00C  FFF6         	movff	??_high_isr+11,tblptrl
   567  000164  C00B  FFF4         	movff	??_high_isr+10,prodh
   568  000168  C00A  FFF3         	movff	??_high_isr+9,prodl
   569  00016C  C009  FFDA         	movff	??_high_isr+8,fsr2h
   570  000170  C008  FFD9         	movff	??_high_isr+7,fsr2l
   571  000174  C007  FFE2         	movff	??_high_isr+6,fsr1h
   572  000178  C006  FFE1         	movff	??_high_isr+5,fsr1l
   573  00017C  C005  FFEA         	movff	??_high_isr+4,fsr0h
   574  000180  C004  FFE9         	movff	??_high_isr+3,fsr0l
   575  000184  C003  FFFB         	movff	??_high_isr+2,pclatu
   576  000188  C002  FFFA         	movff	??_high_isr+1,pclath
   577  00018C  9232               	bcf	btemp,1,c	;clear compiler interrupt flag (level 2)
   578  00018E  0011               	retfie		f
   579  000190                     __end_of_high_isr:
   580                           	opt stack 0
   581  0000                     pclatu	equ	0xFFB
   582                           pclath	equ	0xFFA
   583                           tblptru	equ	0xFF8
   584                           tblptrh	equ	0xFF7
   585                           tblptrl	equ	0xFF6
   586                           tablat	equ	0xFF5
   587                           prodh	equ	0xFF4
   588                           prodl	equ	0xFF3
   589                           intcon	equ	0xFF2
   590                           intcon2	equ	0xFF1
   591                           fsr0h	equ	0xFEA
   592                           fsr0l	equ	0xFE9
   593                           wreg	equ	0xFE8
   594                           fsr1h	equ	0xFE2
   595                           fsr1l	equ	0xFE1
   596                           bsr	equ	0xFE0
   597                           fsr2h	equ	0xFDA
   598                           fsr2l	equ	0xFD9
   599                           status	equ	0xFD8
   600                           pclatu	equ	0xFFB
   601                           pclath	equ	0xFFA
   602                           tblptru	equ	0xFF8
   603                           tblptrh	equ	0xFF7
   604                           tblptrl	equ	0xFF6
   605                           tablat	equ	0xFF5
   606                           prodh	equ	0xFF4
   607                           prodl	equ	0xFF3
   608                           intcon	equ	0xFF2
   609                           intcon2	equ	0xFF1
   610                           fsr0h	equ	0xFEA
   611                           fsr0l	equ	0xFE9
   612                           wreg	equ	0xFE8
   613                           fsr1h	equ	0xFE2
   614                           fsr1l	equ	0xFE1
   615                           bsr	equ	0xFE0
   616                           fsr2h	equ	0xFDA
   617                           fsr2l	equ	0xFD9
   618                           status	equ	0xFD8
   619                           
   620                           	psect	rparam
   621  0000                     pclatu	equ	0xFFB
   622                           pclath	equ	0xFFA
   623                           tblptru	equ	0xFF8
   624                           tblptrh	equ	0xFF7
   625                           tblptrl	equ	0xFF6
   626                           tablat	equ	0xFF5
   627                           prodh	equ	0xFF4
   628                           prodl	equ	0xFF3
   629                           intcon	equ	0xFF2
   630                           intcon2	equ	0xFF1
   631                           fsr0h	equ	0xFEA
   632                           fsr0l	equ	0xFE9
   633                           wreg	equ	0xFE8
   634                           fsr1h	equ	0xFE2
   635                           fsr1l	equ	0xFE1
   636                           bsr	equ	0xFE0
   637                           fsr2h	equ	0xFDA
   638                           fsr2l	equ	0xFD9
   639                           status	equ	0xFD8
   640                           
   641                           	psect	temp
   642  000032                     btemp:
   643                           	opt stack 0
   644  000032                     	ds	1
   645  0000                     int$flags	set	btemp
   646  0000                     wtemp6	set	btemp+1
   647                           pclatu	equ	0xFFB
   648                           pclath	equ	0xFFA
   649                           tblptru	equ	0xFF8
   650                           tblptrh	equ	0xFF7
   651                           tblptrl	equ	0xFF6
   652                           tablat	equ	0xFF5
   653                           prodh	equ	0xFF4
   654                           prodl	equ	0xFF3
   655                           intcon	equ	0xFF2
   656                           intcon2	equ	0xFF1
   657                           fsr0h	equ	0xFEA
   658                           fsr0l	equ	0xFE9
   659                           wreg	equ	0xFE8
   660                           fsr1h	equ	0xFE2
   661                           fsr1l	equ	0xFE1
   662                           bsr	equ	0xFE0
   663                           fsr2h	equ	0xFDA
   664                           fsr2l	equ	0xFD9
   665                           status	equ	0xFD8


Data Sizes:
    Strings     0
    Constant    0
    Data        0
    BSS         4
    Persistent  0
    Stack       0

Auto Spaces:
    Space          Size  Autos    Used
    COMRAM          126     45      49
    BANK0           128      0       0
    BANK1           256      0       0
    BANK2           256      0       0
    BANK3           256      0       0
    BANK4           256      0       0
    BANK5           256      0       0

Pointer List with Targets:

    None.

Critical Paths under _main in COMRAM

    None.

Critical Paths under _low_isr in COMRAM

    None.

Critical Paths under _high_isr in COMRAM

    None.

Critical Paths under _main in BANK0

    None.

Critical Paths under _low_isr in BANK0

    None.

Critical Paths under _high_isr in BANK0

    None.

Critical Paths under _main in BANK1

    None.

Critical Paths under _low_isr in BANK1

    None.

Critical Paths under _high_isr in BANK1

    None.

Critical Paths under _main in BANK2

    None.

Critical Paths under _low_isr in BANK2

    None.

Critical Paths under _high_isr in BANK2

    None.

Critical Paths under _main in BANK3

    None.

Critical Paths under _low_isr in BANK3

    None.

Critical Paths under _high_isr in BANK3

    None.

Critical Paths under _main in BANK4

    None.

Critical Paths under _low_isr in BANK4

    None.

Critical Paths under _high_isr in BANK4

    None.

Critical Paths under _main in BANK5

    None.

Critical Paths under _low_isr in BANK5

    None.

Critical Paths under _high_isr in BANK5

    None.

Call Graph Tables:

 ---------------------------------------------------------------------------------
 (Depth) Function   	        Calls       Base Space   Used Autos Params    Refs
 ---------------------------------------------------------------------------------
 (0) _main                                                 5     5      0      75
                                             40 COMRAM     5     5      0
 ---------------------------------------------------------------------------------
 Estimated maximum stack depth 0
 ---------------------------------------------------------------------------------
 (Depth) Function   	        Calls       Base Space   Used Autos Params    Refs
 ---------------------------------------------------------------------------------
 (1) _low_isr                                             21    21      0       0
                                             19 COMRAM    21    21      0
 ---------------------------------------------------------------------------------
 Estimated maximum stack depth 1
 ---------------------------------------------------------------------------------
 (Depth) Function   	        Calls       Base Space   Used Autos Params    Refs
 ---------------------------------------------------------------------------------
 (2) _high_isr                                            19    19      0       0
                                              0 COMRAM    19    19      0
 ---------------------------------------------------------------------------------
 Estimated maximum stack depth 2
 ---------------------------------------------------------------------------------

 Call Graph Graphs:

 _main (ROOT)

 _low_isr (ROOT)

 _high_isr (ROOT)

 Address spaces:
Name               Size   Autos  Total    Cost      Usage
BIGRAM             5FF      0       0      17        0.0%
EEDATA             100      0       0       0        0.0%
BITBANK5           100      0       0      16        0.0%
BANK5              100      0       0      14        0.0%
BITBANK4           100      0       0      12        0.0%
BANK4              100      0       0      13        0.0%
BITBANK3           100      0       0      10        0.0%
BANK3              100      0       0      11        0.0%
BITBANK2           100      0       0       8        0.0%
BANK2              100      0       0       9        0.0%
BITBANK1           100      0       0       6        0.0%
BANK1              100      0       0       7        0.0%
BITBANK0            80      0       0       4        0.0%
BANK0               80      0       0       5        0.0%
BITCOMRAM           7E      0       0       0        0.0%
COMRAM              7E     2D      31       1       38.9%
BITSFR               0      0       0     200        0.0%
SFR                  0      0       0     200        0.0%
STACK                0      0       0       2        0.0%
NULL                 0      0       0       0        0.0%
ABS                  0      0      31      15        0.0%
DATA                 0      0      31       3        0.0%
CODE                 0      0       0       0        0.0%


Microchip Technology PIC18 Macro Assembler V1.44 build -154322312 
Symbol Table                                                                                   Thu Mar 29 15:50:36 2018

                     l60 01C4                       l61 01E6                       l62 01E8  
                     l63 01F0                       l66 01F8                       l68 021A  
                     u40 01E6                       u70 0212                       u97 01CA  
                     bsr 000FE0              __CFG_BORV$3 000000             __CFG_CP0$OFF 000000  
           __CFG_CP1$OFF 000000             __CFG_CP2$OFF 000000             __CFG_CP3$OFF 000000  
            __CFG_OSC$XT 000000                      l766 0204             __CFG_CPB$OFF 000000  
           __CFG_CPD$OFF 000000                      _PSA 007EAB                      _Ton 002F  
                    wreg 000FE8             __CFG_LVP$OFF 000000             __CFG_WDT$OFF 000000  
                   _GIEH 007F97                     _GIEL 007F96                     _T0CS 007EAD  
                   i2l53 0130                     i2l54 013C                     _TMR0 000FD6  
           __CFG_PWRT$ON 000000                     _cont 002E                     _main 0190  
                   fsr0h 000FEA                     fsr1h 000FE2                     fsr2h 000FDA  
                   fsr0l 000FE9                     fsr1l 000FE1                     fsr2l 000FD9  
                   btemp 0032                     prodh 000FF4                     prodl 000FF3  
                   start 00C6            __CFG_IESO$OFF 000000            __CFG_MCLRE$ON 000000  
           ___param_bank 000000                    ?_main 0001                    _T0PS0 007EA8  
                  _T0PS1 007EA9                    _T0PS2 007EAA                    i2l716 0144  
                  _T0ini 0030                    _PORTC 000F82            __CFG_WRT0$OFF 000000  
          __CFG_WRT1$OFF 000000            __CFG_WRT2$OFF 000000            __CFG_WRT3$OFF 000000  
         __CFG_EBTR0$OFF 000000           __CFG_FCMEN$OFF 000000           __CFG_EBTR1$OFF 000000  
         __CFG_EBTR2$OFF 000000           __CFG_EBTR3$OFF 000000            __CFG_WRTB$OFF 000000  
          __CFG_WRTC$OFF 000000            __CFG_WRTD$OFF 000000           __CFG_EBTRB$OFF 000000  
                  main@i 002A          __end_of_low_isr 00C6           __CFG_BOREN$OFF 000000  
                  pclath 000FFA                    tablat 000FF5                    status 000FD8  
                  wtemp6 0033          __initialization 021E             __end_of_main 021E  
                 ??_main 0029            __activetblptr 000000                   _T08BIT 007EAE  
                 _TMR0IE 007F95                   _TMR0IF 007F92                   _TMR0IP 007F8A  
                 _TMR0ON 007EAF           __CFG_XINST$OFF 000000         __end_of_high_isr 0190  
         __CFG_STVREN$ON 000000                   _estado 0031                ??_low_isr 0014  
                 tblptrh 000FF7                   tblptrl 000FF6                   tblptru 000FF8  
             __accesstop 0080  __end_of__initialization 0226          __CFG_PBADEN$OFF 000000  
          ___rparam_used 000001           __pcstackCOMRAM 0001       __CFG_CCP2MX$PORTBE 000000  
              ?_high_isr 0001                  __Hparam 0000                  __Lparam 0000  
                __pcinit 021E                  __ramtop 0600                  __ptext0 0190  
                _low_isr 0018               ??_high_isr 0001           __pintcode_body 00CA  
   end_of_initialization 0226                  int_func 00CA      start_initialization 021E  
       __CFG_LPT1OSC$OFF 000000              __pbssCOMRAM 002E        __size_of_high_isr 0188  
              __pintcode 0008              __pintcodelo 0018                 ?_low_isr 0001  
               _RCONbits 000FD0         __CFG_WDTPS$32768 000000                main@i_195 002C  
               __Hrparam 0000                 __Lrparam 0000         __size_of_low_isr 00AE  
               _high_isr 0008            __size_of_main 008E                 int$flags 0032  
             _INTCONbits 000FF2                 intlevel1 0000                 intlevel2 0000  
