MPASM 5.76  /HOME/MIGUEL/MPLABXPROJECTS/ASM1   2-2-2018  18:36:21         PAGE  1


LOC  OBJECT CODE     LINE SOURCE TEXT
  VALUE

                      00001 ;*******************************************************************************
                      00002 ;                                                                              *
                      00003 ;    Microchip licenses this software to you solely for use with Microchip     *
                      00004 ;    products. The software is owned by Microchip and/or its licensors, and is *
                      00005 ;    protected under applicable copyright laws.  All rights reserved.          *
                      00006 ;                                                                              *
                      00007 ;    This software and any accompanying information is for suggestion only.    *
                      00008 ;    It shall not be deemed to modify Microchip?s standard warranty for its    *
                      00009 ;    products.  It is your responsibility to ensure that this software meets   *
                      00010 ;    your requirements.                                                        *
                      00011 ;                                                                              *
                      00012 ;    SOFTWARE IS PROVIDED "AS IS".  MICROCHIP AND ITS LICENSORS EXPRESSLY      *
                      00013 ;    DISCLAIM ANY WARRANTY OF ANY KIND, WHETHER EXPRESS OR IMPLIED, INCLUDING  *
                      00014 ;    BUT NOT LIMITED TO, THE IMPLIED WARRANTIES OF MERCHANTABILITY, FITNESS    *
                      00015 ;    FOR A PARTICULAR PURPOSE, OR NON-INFRINGEMENT. IN NO EVENT SHALL          *
                      00016 ;    MICROCHIP OR ITS LICENSORS BE LIABLE FOR ANY INCIDENTAL, SPECIAL,         *
                      00017 ;    INDIRECT OR CONSEQUENTIAL DAMAGES, LOST PROFITS OR LOST DATA, HARM TO     *
                      00018 ;    YOUR EQUIPMENT, COST OF PROCUREMENT OF SUBSTITUTE GOODS, TECHNOLOGY OR    *
                      00019 ;    SERVICES, ANY CLAIMS BY THIRD PARTIES (INCLUDING BUT NOT LIMITED TO ANY   *
                      00020 ;    DEFENSE THEREOF), ANY CLAIMS FOR INDEMNITY OR CONTRIBUTION, OR OTHER      *
                      00021 ;    SIMILAR COSTS.                                                            *
                      00022 ;                                                                              *
                      00023 ;    To the fullest extend allowed by law, Microchip and its licensors         *
                      00024 ;    liability shall not exceed the amount of fee, if any, that you have paid  *
                      00025 ;    directly to Microchip to use this software.                               *
                      00026 ;                                                                              *
                      00027 ;    MICROCHIP PROVIDES THIS SOFTWARE CONDITIONALLY UPON YOUR ACCEPTANCE OF    *
                      00028 ;    THESE TERMS.                                                              *
                      00029 ;                                                                              *
                      00030 ;*******************************************************************************
                      00031 ;                                                                              *
                      00032 ;    Filename:                                                                 *
                      00033 ;    Date:                                                                     *
                      00034 ;    File Version:                                                             *
                      00035 ;    Author:                                                                   *
                      00036 ;    Company:                                                                  *
                      00037 ;    Description:                                                              *
                      00038 ;                                                                              *
                      00039 ;*******************************************************************************
                      00040 ;                                                                              *
                      00041 ;    Notes: In the MPLAB X Help, refer to the MPASM Assembler documentation    *
                      00042 ;    for information on assembly instructions.                                 *
                      00043 ;                                                                              *
                      00044 ;*******************************************************************************
                      00045 ;                                                                              *
                      00046 ;    Known Issues: This template is designed for relocatable code.  As such,   *
                      00047 ;    build errors such as "Directive only allowed when generating an object    *
                      00048 ;    file" will result when the 'Build in Absolute Mode' checkbox is selected  *
                      00049 ;    in the project properties.  Designing code in absolute mode is            *
                      00050 ;    antiquated - use relocatable mode.                                        *
                      00051 ;                                                                              *
                      00052 ;*******************************************************************************
                      00053 ;                                                                              *
MPASM 5.76  /HOME/MIGUEL/MPLABXPROJECTS/ASM1   2-2-2018  18:36:21         PAGE  2


LOC  OBJECT CODE     LINE SOURCE TEXT
  VALUE

                      00054 ;    Revision History:                                                         *
                      00055 ;                                                                              *
                      00056 ;*******************************************************************************
                      00057 
                      00058 
                      00059 
                      00060 ;*******************************************************************************
                      00061 ; Processor Inclusion
                      00062 ;
                      00063 ; TODO Step #1 Open the task list under Window > Tasks.  Include your
                      00064 ; device .inc file - e.g. #include <device_name>.inc.  Available
                      00065 ; include files are in C:\Program Files\Microchip\MPLABX\mpasmx
                      00066 ; assuming the default installation path for MPLAB X.  You may manually find
                      00067 ; the appropriate include file for your device here and include it, or
                      00068 ; simply copy the include generated by the configuration bits
                      00069 ; generator (see Step #2).
                      00070 ;
                      00071 ;*******************************************************************************
                      00072 
                      00073 ; TODO INSERT INCLUDE CODE HERE
                      00074 
                      00075 #include "p16f84a.inc"
                      00001         LIST
                      00002 
                      00003 ;==========================================================================
                      00004 ; Build date : Sep 19 2017
                      00005 ;  MPASM PIC16F84A processor include
                      00006 ; 
                      00007 ;  (c) Copyright 1999-2017 Microchip Technology, All rights reserved
                      00008 ;==========================================================================
                      00009 
                      00209         LIST
                      00076 ;*******************************************************************************
                      00077 ;
                      00078 ; TODO Step #2 - Configuration Word Setup
                      00079 ;
                      00080 ; The 'CONFIG' directive is used to embed the configuration word within the
                      00081 ; .asm file. MPLAB X requires users to embed their configuration words
                      00082 ; into source code.  See the device datasheet for additional information
                      00083 ; on configuration word settings.  Device configuration bits descriptions
                      00084 ; are in C:\Program Files\Microchip\MPLABX\mpasmx\P<device_name>.inc
                      00085 ; (may change depending on your MPLAB X installation directory).
                      00086 ;
                      00087 ; MPLAB X has a feature which generates configuration bits source code.  Go to
                      00088 ; Window > PIC Memory Views > Configuration Bits.  Configure each field as
                      00089 ; needed and select 'Generate Source Code to Output'.  The resulting code which
                      00090 ; appears in the 'Output Window' > 'Config Bits Source' tab may be copied
                      00091 ; below.
                      00092 ;
                      00093 ;*******************************************************************************
                      00094 
                      00095 ; TODO INSERT CONFIG HERE
2007   3FF1           00096     __CONFIG _FOSC_XT & _WDTE_OFF & _PWRTE_ON & _CP_OFF
MPASM 5.76  /HOME/MIGUEL/MPLABXPROJECTS/ASM1   2-2-2018  18:36:21         PAGE  3


LOC  OBJECT CODE     LINE SOURCE TEXT
  VALUE

                      00097 
                      00098 ;*******************************************************************************
                      00099 ;
                      00100 ; TODO Step #3 - Variable Definitions
                      00101 ;
                      00102 ; Refer to datasheet for available data memory (RAM) organization assuming
                      00103 ; relocatible code organization (which is an option in project
                      00104 ; properties > mpasm (Global Options)).  Absolute mode generally should
                      00105 ; be used sparingly.
                      00106 ;
                      00107 ; Example of using GPR Uninitialized Data
                      00108 ;
                      00109 ;   GPR_VAR        UDATA
                      00110 ;   MYVAR1         RES        1      ; User variable linker places
                      00111 ;   MYVAR2         RES        1      ; User variable linker places
                      00112 ;   MYVAR3         RES        1      ; User variable linker places
                      00113 ;
                      00114 ;   ; Example of using Access Uninitialized Data Section (when available)
                      00115 ;   ; The variables for the context saving in the device datasheet may need
                      00116 ;   ; memory reserved here.
                      00117 ;   INT_VAR        UDATA_ACS
                      00118 ;   W_TEMP         RES        1      ; w register for context saving (ACCESS)
                      00119 ;   STATUS_TEMP    RES        1      ; status used for context saving
                      00120 ;   BSR_TEMP       RES        1      ; bank select used for ISR context saving
                      00121 ;
                      00122 ;*******************************************************************************
                      00123 
                      00124 ; TODO PLACE VARIABLE DEFINITIONS GO HERE
                      00125 
                      00126 ;*******************************************************************************
                      00127 ; Reset Vector
                      00128 ;*******************************************************************************
                      00129 
                      00130 RES_VECT  CODE    0x0000            ; processor reset vector
0000   2???           00131     GOTO    START                   ; go to beginning of program
                      00132 
                      00133 ;*******************************************************************************
                      00134 ; TODO Step #4 - Interrupt Service Routines
                      00135 ;
                      00136 ; There are a few different ways to structure interrupt routines in the 8
                      00137 ; bit device families.  On PIC18's the high priority and low priority
                      00138 ; interrupts are located at 0x0008 and 0x0018, respectively.  On PIC16's and
                      00139 ; lower the interrupt is at 0x0004.  Between device families there is subtle
                      00140 ; variation in the both the hardware supporting the ISR (for restoring
                      00141 ; interrupt context) as well as the software used to restore the context
                      00142 ; (without corrupting the STATUS bits).
                      00143 ;
                      00144 ; General formats are shown below in relocatible format.
                      00145 ;
                      00146 ;------------------------------PIC16's and below--------------------------------
                      00147 ;
                      00148 ; ISR       CODE    0x0004           ; interrupt vector location
                      00149 ;
MPASM 5.76  /HOME/MIGUEL/MPLABXPROJECTS/ASM1   2-2-2018  18:36:21         PAGE  4


LOC  OBJECT CODE     LINE SOURCE TEXT
  VALUE

                      00150 ;     <Search the device datasheet for 'context' and copy interrupt
                      00151 ;     context saving code here.  Older devices need context saving code,
                      00152 ;     but newer devices like the 16F#### don't need context saving code.>
                      00153 ;
                      00154 ;     RETFIE
                      00155 ;
                      00156 ;----------------------------------PIC18's--------------------------------------
                      00157 ;
                      00158 ; ISRHV     CODE    0x0008
                      00159 ;     GOTO    HIGH_ISR
                      00160 ; ISRLV     CODE    0x0018
                      00161 ;     GOTO    LOW_ISR
                      00162 ;
                      00163 ; ISRH      CODE                     ; let linker place high ISR routine
                      00164 ; HIGH_ISR
                      00165 ;     <Insert High Priority ISR Here - no SW context saving>
                      00166 ;     RETFIE  FAST
                      00167 ;
                      00168 ; ISRL      CODE                     ; let linker place low ISR routine
                      00169 ; LOW_ISR
                      00170 ;       <Search the device datasheet for 'context' and copy interrupt
                      00171 ;       context saving code here>
                      00172 ;     RETFIE
                      00173 ;
                      00174 ;*******************************************************************************
                      00175 
                      00176 ; TODO INSERT ISR HERE
                      00177 
                      00178 ;*******************************************************************************
                      00179 ; MAIN PROGRAM
                      00180 ;*******************************************************************************
                      00181 
                      00182 MAIN_PROG CODE                      ; let linker place main program
0000                  00183 START
                      00184 
                      00185     ; TODO Step #5 - Insert Your Program Here
0000   1683           00186     BSF STATUS, RP0
Message[302]: Register in operand not in bank 0.  Ensure that bank bits are correct.
0001   0186           00187     CLRF TRISB
0002   301F           00188     MOVLW B'00011111'
Message[302]: Register in operand not in bank 0.  Ensure that bank bits are correct.
0003   0085           00189     MOVWF TRISA
0004   1283           00190     BCF STATUS, RP0
                      00191     
0005                  00192 PRINCIPAL
0005   0805           00193     MOVF PORTA, W
0006   0086           00194     MOVWF PORTB
0007   2???           00195     GOTO    PRINCIPAL
                      00196 
3FF1                  00197     END
MPASM 5.76  /HOME/MIGUEL/MPLABXPROJECTS/ASM1   2-2-2018  18:36:21         PAGE  5


SYMBOL TABLE
  LABEL                             VALUE 

C                                 00000000
DC                                00000001
EEADR                             00000009
EECON1                            00000088
EECON2                            00000089
EEDATA                            00000008
EEIE                              00000006
EEIF                              00000004
F                                 00000001
FSR                               00000004
GIE                               00000007
INDF                              00000000
INTCON                            0000000B
INTE                              00000004
INTEDG                            00000006
INTF                              00000001
IRP                               00000007
NOT_PD                            00000003
NOT_RBPU                          00000007
NOT_TO                            00000004
OPTION_REG                        00000081
PCL                               00000002
PCLATH                            0000000A
PORTA                             00000005
PORTB                             00000006
PRINCIPAL                         00000005
PS0                               00000000
PS1                               00000001
PS2                               00000002
PSA                               00000003
RA0                               00000000
RA1                               00000001
RA2                               00000002
RA3                               00000003
RA4                               00000004
RB0                               00000000
RB1                               00000001
RB2                               00000002
RB3                               00000003
RB4                               00000004
RB5                               00000005
RB6                               00000006
RB7                               00000007
RBIE                              00000003
RBIF                              00000000
RD                                00000000
RP0                               00000005
RP1                               00000006
START                             00000000
STATUS                            00000003
T0CS                              00000005
T0IE                              00000005
T0IF                              00000002
MPASM 5.76  /HOME/MIGUEL/MPLABXPROJECTS/ASM1   2-2-2018  18:36:21         PAGE  6


SYMBOL TABLE
  LABEL                             VALUE 

T0SE                              00000004
TMR0                              00000001
TMR0IE                            00000005
TMR0IF                            00000002
TRISA                             00000085
TRISA0                            00000000
TRISA1                            00000001
TRISA2                            00000002
TRISA3                            00000003
TRISA4                            00000004
TRISB                             00000086
TRISB0                            00000000
TRISB1                            00000001
TRISB2                            00000002
TRISB3                            00000003
TRISB4                            00000004
TRISB5                            00000005
TRISB6                            00000006
TRISB7                            00000007
W                                 00000000
WR                                00000001
WREN                              00000002
WRERR                             00000003
Z                                 00000002
_CONFIG                           00002007
_CP_OFF                           00003FFF
_CP_ON                            0000000F
_DEVID1                           00002006
_FOSC_EXTRC                       00003FFF
_FOSC_HS                          00003FFE
_FOSC_LP                          00003FFC
_FOSC_XT                          00003FFD
_HS_OSC                           00003FFE
_IDLOC0                           00002000
_IDLOC1                           00002001
_IDLOC2                           00002002
_IDLOC3                           00002003
_LP_OSC                           00003FFC
_PWRTE_OFF                        00003FFF
_PWRTE_ON                         00003FF7
_RC_OSC                           00003FFF
_WDTE_OFF                         00003FFB
_WDTE_ON                          00003FFF
_WDT_OFF                          00003FFB
_WDT_ON                           00003FFF
_XT_OSC                           00003FFD
__16F84A                          00000001

Errors   :     0
Warnings :     0 reported,     0 suppressed
Messages :     2 reported,     0 suppressed

