

Microchip Technology PIC18 LITE Macro Assembler V1.44 build -154322312 
                                                                                               Mon Feb 26 01:19:43 2018

Microchip Technology Omniscient Code Generator v1.44 (Free mode) build 201709140600
     1                           	processor	18F45K50
     2                           	fnconf	rparam,??,?,0
     3                           	opt	pw 120
     4                           	opt	lm
     5                           	psect	cinit,global,reloc=2,class=CODE,delta=1
     6                           	psect	bssCOMRAM,global,class=COMRAM,space=1,delta=1,noexec
     7                           	psect	cstackCOMRAM,global,class=COMRAM,space=1,delta=1,noexec
     8                           	psect	text0,global,reloc=2,class=CODE,delta=1
     9                           	psect	text1,global,reloc=2,class=CODE,delta=1
    10                           	psect	intcode,global,reloc=2,class=CODE,delta=1
    11                           	psect	intsave_regs,global,class=BIGRAM,space=1,delta=1,noexec
    12                           	psect	rparam,global,class=COMRAM,space=1,delta=1,noexec
    13                           	psect	temp,global,ovrld,common,class=COMRAM,space=1,delta=1
    14  0000                     
    15                           ; Version 1.44
    16                           ; Generated 14/09/2017 GMT
    17                           ; 
    18                           ; Copyright © 2017, Microchip Technology Inc. and its subsidiaries ("Microchip")
    19                           ; All rights reserved.
    20                           ; 
    21                           ; This software is developed by Microchip Technology Inc. and its subsidiaries ("Microch
      +                          ip").
    22                           ; 
    23                           ; Redistribution and use in source and binary forms, with or without modification, are
    24                           ; permitted provided that the following conditions are met:
    25                           ; 
    26                           ;     1. Redistributions of source code must retain the above copyright notice, this lis
      +                          t of
    27                           ;        conditions and the following disclaimer.
    28                           ; 
    29                           ;     2. Redistributions in binary form must reproduce the above copyright notice, this 
      +                          list
    30                           ;        of conditions and the following disclaimer in the documentation and/or other
    31                           ;        materials provided with the distribution.
    32                           ; 
    33                           ;     3. Microchip's name may not be used to endorse or promote products derived from th
      +                          is
    34                           ;        software without specific prior written permission.
    35                           ; 
    36                           ; THIS SOFTWARE IS PROVIDED BY MICROCHIP "AS IS" AND ANY EXPRESS OR IMPLIED WARRANTIES,
    37                           ; INCLUDING, BUT NOT LIMITED TO, THE IMPLIED WARRANTIES OF MERCHANTABILITY AND FITNESS F
      +                          OR
    38                           ; PURPOSE ARE DISCLAIMED.  IN NO EVENT SHALL MICROCHIP BE LIABLE FOR ANY DIRECT, INDIREC
      +                          T,
    39                           ; INCIDENTAL, SPECIAL, EXEMPLARY, OR CONSEQUENTIAL DAMAGES (INCLUDING BUT NOT LIMITED TO
    40                           ; PROCUREMENT OF SUBSTITUTE GOODS OR SERVICES; LOSS OF USE, DATA OR PROFITS; OR BUSINESS
    41                           ; INTERRUPTION) HOWSOEVER CAUSED AND ON ANY THEORY OF LIABILITY, WHETHER IN CONTRACT, ST
      +                          RICT
    42                           ; LIABILITY, OR TORT (INCLUDING NEGLIGENCE OR OTHERWISE) ARISING IN ANY WAY OUT OF THE U
      +                          SE OF
    43                           ; THIS SOFTWARE, EVEN IF ADVISED OF THE POSSIBILITY OF SUCH DAMAGE.
    44                           ; 
    45                           ; 
    46                           ; Code-generator required, PIC18F45K50 Definitions
    47                           ; 
    48                           ; SFR Addresses
    49  0000                     _T0CON	set	4053
    50  0000                     _T0CONbits	set	4053
    51  0000                     _INTCON2bits	set	4081
    52  0000                     _TMR0L	set	4054
    53  0000                     _INTCONbits	set	4082
    54                           
    55                           ; #config settings
    56  0000                     
    57                           	psect	cinit
    58  00018C                     __pcinit:
    59                           	opt stack 0
    60  00018C                     start_initialization:
    61                           	opt stack 0
    62  00018C                     __initialization:
    63                           	opt stack 0
    64                           
    65                           ; Clear objects allocated to COMRAM (2 bytes)
    66  00018C  6A20               	clrf	(__pbssCOMRAM+1)& (0+255),c
    67  00018E  6A1F               	clrf	__pbssCOMRAM& (0+255),c
    68  000190                     end_of_initialization:
    69                           	opt stack 0
    70  000190                     __end_of__initialization:
    71                           	opt stack 0
    72  000190  9021               	bcf	int$flags,0,c	;clear compiler interrupt flag (level 1)
    73  000192  9221               	bcf	int$flags,1,c	;clear compiler interrupt flag (level 2)
    74  000194  0E00               	movlw	low (__Lmediumconst shr (0+16))
    75  000196  6EF8               	movwf	tblptru,c
    76  000198  0100               	movlb	0
    77  00019A  EFB3  F000         	goto	_main	;jump to C main() function
    78                           tblptru	equ	0xFF8
    79                           
    80                           	psect	bssCOMRAM
    81  00001F                     __pbssCOMRAM:
    82                           	opt stack 0
    83  00001F                     _val:
    84                           	opt stack 0
    85  00001F                     	ds	2
    86                           tblptru	equ	0xFF8
    87                           
    88                           	psect	cstackCOMRAM
    89  000001                     __pcstackCOMRAM:
    90                           	opt stack 0
    91  000001                     ??_ISR:
    92  000001                     
    93                           ; 1 bytes @ 0x0
    94  000001                     	ds	18
    95  000013                     timer0_setup@mode:
    96                           	opt stack 0
    97                           
    98                           ; 1 bytes @ 0x12
    99  000013                     	ds	1
   100  000014                     timer0_setup@CS:
   101                           	opt stack 0
   102                           
   103                           ; 1 bytes @ 0x13
   104  000014                     	ds	1
   105  000015                     timer0_setup@PSA:
   106                           	opt stack 0
   107                           
   108                           ; 1 bytes @ 0x14
   109  000015                     	ds	1
   110  000016                     timer0_setup@prescale:
   111                           	opt stack 0
   112                           
   113                           ; 2 bytes @ 0x15
   114  000016                     	ds	2
   115  000018                     ??_timer0_setup:
   116                           
   117                           ; 1 bytes @ 0x17
   118  000018                     	ds	5
   119  00001D                     timer0_setup@On:
   120                           	opt stack 0
   121                           
   122                           ; 1 bytes @ 0x1C
   123  00001D                     	ds	1
   124  00001E                     timer0_setup@clock_mode:
   125                           	opt stack 0
   126                           
   127                           ; 1 bytes @ 0x1D
   128  00001E                     	ds	1
   129  00001F                     tblptru	equ	0xFF8
   130                           
   131                           ; 1 bytes @ 0x1E
   132 ;;
   133 ;;Main: autosize = 0, tempsize = 0, incstack = 0, save=0
   134 ;;
   135 ;; *************** function _main *****************
   136 ;; Defined at:
   137 ;;		line 49 in file "muestreo.c"
   138 ;; Parameters:    Size  Location     Type
   139 ;;		None
   140 ;; Auto vars:     Size  Location     Type
   141 ;;		None
   142 ;; Return value:  Size  Location     Type
   143 ;;                  1    wreg      void 
   144 ;; Registers used:
   145 ;;		wreg, status,2, status,0, cstack
   146 ;; Tracked objects:
   147 ;;		On entry : 0/0
   148 ;;		On exit  : 0/0
   149 ;;		Unchanged: 0/0
   150 ;; Data sizes:     COMRAM   BANK0   BANK1   BANK2   BANK3   BANK4   BANK5   BANK6   BANK7
   151 ;;      Params:         0       0       0       0       0       0       0       0       0
   152 ;;      Locals:         0       0       0       0       0       0       0       0       0
   153 ;;      Temps:          0       0       0       0       0       0       0       0       0
   154 ;;      Totals:         0       0       0       0       0       0       0       0       0
   155 ;;Total ram usage:        0 bytes
   156 ;; Hardware stack levels required when called:    2
   157 ;; This function calls:
   158 ;;		_timer0_setup
   159 ;; This function is called by:
   160 ;;		Startup code after reset
   161 ;; This function uses a non-reentrant model
   162 ;;
   163                           
   164                           	psect	text0
   165  000166                     __ptext0:
   166                           	opt stack 0
   167  000166                     _main:
   168                           	opt stack 29
   169                           
   170                           ;muestreo.c: 63: timer0_setup(0,1,0,0,128);
   171                           
   172                           ;incstack = 0
   173  000166  0E01               	movlw	1
   174  000168  6E13               	movwf	timer0_setup@mode,c
   175  00016A  0E00               	movlw	0
   176  00016C  6E14               	movwf	timer0_setup@CS,c
   177  00016E  0E00               	movlw	0
   178  000170  6E15               	movwf	timer0_setup@PSA,c
   179  000172  0E00               	movlw	0
   180  000174  6E17               	movwf	timer0_setup@prescale+1,c
   181  000176  0E80               	movlw	128
   182  000178  6E16               	movwf	timer0_setup@prescale,c
   183  00017A  0E00               	movlw	0
   184  00017C  EC56  F000         	call	_timer0_setup
   185                           
   186                           ;muestreo.c: 64: TMR0L = 177;
   187  000180  0EB1               	movlw	177
   188  000182  6ED6               	movwf	4054,c	;volatile
   189                           
   190                           ;muestreo.c: 66: INTCONbits.T0IE = 1;
   191  000184  8AF2               	bsf	intcon,5,c	;volatile
   192                           
   193                           ;muestreo.c: 67: INTCON2bits.T0IP = 1;
   194  000186  84F1               	bsf	intcon2,2,c	;volatile
   195                           
   196                           ;muestreo.c: 68: T0CONbits.TMR0ON = 1;
   197  000188  8ED5               	bsf	4053,7,c	;volatile
   198  00018A                     l25:
   199  00018A  D7FF               	goto	l25
   200  00018C                     __end_of_main:
   201                           	opt stack 0
   202                           tblptru	equ	0xFF8
   203                           intcon	equ	0xFF2
   204                           intcon2	equ	0xFF1
   205                           
   206 ;; *************** function _timer0_setup *****************
   207 ;; Defined at:
   208 ;;		line 78 in file "muestreo.c"
   209 ;; Parameters:    Size  Location     Type
   210 ;;  On              1    wreg     unsigned char 
   211 ;;  mode            1   18[COMRAM] unsigned char 
   212 ;;  CS              1   19[COMRAM] unsigned char 
   213 ;;  PSA             1   20[COMRAM] unsigned char 
   214 ;;  prescale        2   21[COMRAM] int 
   215 ;; Auto vars:     Size  Location     Type
   216 ;;  On              1   28[COMRAM] unsigned char 
   217 ;;  clock_mode      1   29[COMRAM] unsigned char 
   218 ;; Return value:  Size  Location     Type
   219 ;;                  1    wreg      void 
   220 ;; Registers used:
   221 ;;		wreg, status,2, status,0
   222 ;; Tracked objects:
   223 ;;		On entry : 0/0
   224 ;;		On exit  : 0/0
   225 ;;		Unchanged: 0/0
   226 ;; Data sizes:     COMRAM   BANK0   BANK1   BANK2   BANK3   BANK4   BANK5   BANK6   BANK7
   227 ;;      Params:         5       0       0       0       0       0       0       0       0
   228 ;;      Locals:         2       0       0       0       0       0       0       0       0
   229 ;;      Temps:          5       0       0       0       0       0       0       0       0
   230 ;;      Totals:        12       0       0       0       0       0       0       0       0
   231 ;;Total ram usage:       12 bytes
   232 ;; Hardware stack levels used:    1
   233 ;; Hardware stack levels required when called:    1
   234 ;; This function calls:
   235 ;;		Nothing
   236 ;; This function is called by:
   237 ;;		_main
   238 ;; This function uses a non-reentrant model
   239 ;;
   240                           
   241                           	psect	text1
   242  0000AC                     __ptext1:
   243                           	opt stack 0
   244  0000AC                     _timer0_setup:
   245                           	opt stack 29
   246                           
   247                           ;incstack = 0
   248                           ;timer0_setup@On stored from wreg
   249  0000AC  6E1D               	movwf	timer0_setup@On,c
   250                           
   251                           ;muestreo.c: 84: unsigned char clock_mode;
   252                           ;muestreo.c: 85: switch(prescale)
   253  0000AE  D013               	goto	l31
   254  0000B0  0E00               	movlw	0
   255  0000B2  D00B               	goto	L7
   256  0000B4  0E01               	movlw	1
   257  0000B6  D009               	goto	L7
   258  0000B8  0E02               	movlw	2
   259  0000BA  D007               	goto	L7
   260  0000BC  0E03               	movlw	3
   261  0000BE  D005               	goto	L7
   262  0000C0  0E04               	movlw	4
   263  0000C2  D003               	goto	L7
   264  0000C4  0E05               	movlw	5
   265  0000C6  D001               	goto	L7
   266  0000C8  0E06               	movlw	6
   267  0000CA                     L7:
   268  0000CA  6E1E               	movwf	timer0_setup@clock_mode,c
   269  0000CC  D02C               	goto	l33
   270  0000CE                     
   271                           ;muestreo.c: 96: if(prescale <0)
   272  0000CE  AE17               	btfss	timer0_setup@prescale+1,7,c
   273  0000D0  D02A               	goto	l33
   274  0000D2                     u50:
   275                           
   276                           ;muestreo.c: 97: clock_mode = 7;
   277  0000D2  0E07               	movlw	7
   278  0000D4  D7FA               	goto	L7
   279  0000D6                     l31:
   280  0000D6  C016  F018         	movff	timer0_setup@prescale,??_timer0_setup
   281  0000DA  C017  F019         	movff	timer0_setup@prescale+1,??_timer0_setup+1
   282                           
   283                           ; Switch on 2 bytes has been partitioned into a top level switch of size 1, and 2 sub-sw
      +                          itches
   284                           ; Switch size 1, requested type "space"
   285                           ; Number of cases is 2, Range of values is 0 to 1
   286                           ; switch strategies available:
   287                           ; Name         Instructions Cycles
   288                           ; simple_byte            7     4 (average)
   289                           ;	Chosen strategy is simple_byte
   290  0000DE  5019               	movf	??_timer0_setup+1,w,c
   291  0000E0  0A00               	xorlw	0	; case 0
   292  0000E2  B4D8               	btfsc	status,2,c
   293  0000E4  D004               	goto	l775
   294  0000E6  0A01               	xorlw	1	; case 1
   295  0000E8  B4D8               	btfsc	status,2,c
   296  0000EA  D018               	goto	l777
   297  0000EC  D7F0               	goto	l41
   298  0000EE                     l775:
   299                           
   300                           ; Switch size 1, requested type "space"
   301                           ; Number of cases is 7, Range of values is 2 to 128
   302                           ; switch strategies available:
   303                           ; Name         Instructions Cycles
   304                           ; simple_byte           22    12 (average)
   305                           ;	Chosen strategy is simple_byte
   306  0000EE  5018               	movf	??_timer0_setup,w,c
   307  0000F0  0A02               	xorlw	2	; case 2
   308  0000F2  B4D8               	btfsc	status,2,c
   309  0000F4  D7DD               	goto	l32
   310  0000F6  0A06               	xorlw	6	; case 4
   311  0000F8  B4D8               	btfsc	status,2,c
   312  0000FA  D7DC               	goto	l34
   313  0000FC  0A0C               	xorlw	12	; case 8
   314  0000FE  B4D8               	btfsc	status,2,c
   315  000100  D7DB               	goto	l35
   316  000102  0A18               	xorlw	24	; case 16
   317  000104  B4D8               	btfsc	status,2,c
   318  000106  D7DA               	goto	l36
   319  000108  0A30               	xorlw	48	; case 32
   320  00010A  B4D8               	btfsc	status,2,c
   321  00010C  D7D9               	goto	l37
   322  00010E  0A60               	xorlw	96	; case 64
   323  000110  B4D8               	btfsc	status,2,c
   324  000112  D7D8               	goto	l38
   325  000114  0AC0               	xorlw	192	; case 128
   326  000116  B4D8               	btfsc	status,2,c
   327  000118  D7D7               	goto	l39
   328  00011A  D7D9               	goto	l41
   329  00011C                     l777:
   330                           
   331                           ; Switch size 1, requested type "space"
   332                           ; Number of cases is 1, Range of values is 0 to 0
   333                           ; switch strategies available:
   334                           ; Name         Instructions Cycles
   335                           ; simple_byte            4     3 (average)
   336                           ;	Chosen strategy is simple_byte
   337  00011C  5018               	movf	??_timer0_setup,w,c
   338  00011E  0A00               	xorlw	0	; case 0
   339  000120  B4D8               	btfsc	status,2,c
   340  000122  D7D7               	goto	u50
   341  000124  D7D4               	goto	l41
   342  000126                     l33:
   343                           
   344                           ;muestreo.c: 99: T0CON=(On << 7) | (mode << 6) |
   345                           ;muestreo.c: 100: (CS << 5) | (PSA << 3) | (clock_mode);
   346  000126  C015  F018         	movff	timer0_setup@PSA,??_timer0_setup
   347  00012A  90D8               	bcf	status,0,c
   348  00012C  3618               	rlcf	??_timer0_setup,f,c
   349  00012E  90D8               	bcf	status,0,c
   350  000130  3618               	rlcf	??_timer0_setup,f,c
   351  000132  90D8               	bcf	status,0,c
   352  000134  3618               	rlcf	??_timer0_setup,f,c
   353  000136  C014  F019         	movff	timer0_setup@CS,??_timer0_setup+1
   354  00013A  0E05               	movlw	5
   355  00013C  6E1A               	movwf	(??_timer0_setup+2)& (0+255),c
   356  00013E                     u65:
   357  00013E  90D8               	bcf	status,0,c
   358  000140  3619               	rlcf	??_timer0_setup+1,f,c
   359  000142  2E1A               	decfsz	(??_timer0_setup+2)& (0+255),f,c
   360  000144  D7FC               	goto	u65
   361  000146  C013  F01B         	movff	timer0_setup@mode,??_timer0_setup+3
   362  00014A  0E06               	movlw	6
   363  00014C  6E1C               	movwf	(??_timer0_setup+4)& (0+255),c
   364  00014E                     u75:
   365  00014E  90D8               	bcf	status,0,c
   366  000150  361B               	rlcf	??_timer0_setup+3,f,c
   367  000152  2E1C               	decfsz	(??_timer0_setup+4)& (0+255),f,c
   368  000154  D7FC               	goto	u75
   369  000156  401D               	rrncf	timer0_setup@On,w,c
   370  000158  0B80               	andlw	128
   371  00015A  101B               	iorwf	??_timer0_setup+3,w,c
   372  00015C  1019               	iorwf	??_timer0_setup+1,w,c
   373  00015E  1018               	iorwf	??_timer0_setup,w,c
   374  000160  101E               	iorwf	timer0_setup@clock_mode,w,c
   375  000162  6ED5               	movwf	4053,c	;volatile
   376  000164  0012               	return		;funcret
   377  000166                     __end_of_timer0_setup:
   378                           	opt stack 0
   379                           tblptru	equ	0xFF8
   380                           intcon	equ	0xFF2
   381                           intcon2	equ	0xFF1
   382                           status	equ	0xFD8
   383                           
   384 ;; *************** function _ISR *****************
   385 ;; Defined at:
   386 ;;		line 37 in file "muestreo.c"
   387 ;; Parameters:    Size  Location     Type
   388 ;;		None
   389 ;; Auto vars:     Size  Location     Type
   390 ;;		None
   391 ;; Return value:  Size  Location     Type
   392 ;;                  1    wreg      void 
   393 ;; Registers used:
   394 ;;		wreg, status,2
   395 ;; Tracked objects:
   396 ;;		On entry : 0/0
   397 ;;		On exit  : 0/0
   398 ;;		Unchanged: 0/0
   399 ;; Data sizes:     COMRAM   BANK0   BANK1   BANK2   BANK3   BANK4   BANK5   BANK6   BANK7
   400 ;;      Params:         0       0       0       0       0       0       0       0       0
   401 ;;      Locals:         0       0       0       0       0       0       0       0       0
   402 ;;      Temps:         18       0       0       0       0       0       0       0       0
   403 ;;      Totals:        18       0       0       0       0       0       0       0       0
   404 ;;Total ram usage:       18 bytes
   405 ;; Hardware stack levels used:    1
   406 ;; This function calls:
   407 ;;		Nothing
   408 ;; This function is called by:
   409 ;;		Interrupt level 2
   410 ;; This function uses a non-reentrant model
   411 ;;
   412                           
   413                           	psect	intcode
   414  000008                     __pintcode:
   415                           	opt stack 0
   416  000008                     _ISR:
   417                           	opt stack 29
   418                           
   419                           ;incstack = 0
   420  000008  8221               	bsf	btemp,1,c	;set compiler interrupt flag (level 2)
   421  00000A  CFFA F001          	movff	pclath,??_ISR
   422  00000E  CFFB F002          	movff	pclatu,??_ISR+1
   423  000012  CFE9 F003          	movff	fsr0l,??_ISR+2
   424  000016  CFEA F004          	movff	fsr0h,??_ISR+3
   425  00001A  CFE1 F005          	movff	fsr1l,??_ISR+4
   426  00001E  CFE2 F006          	movff	fsr1h,??_ISR+5
   427  000022  CFD9 F007          	movff	fsr2l,??_ISR+6
   428  000026  CFDA F008          	movff	fsr2h,??_ISR+7
   429  00002A  CFF3 F009          	movff	prodl,??_ISR+8
   430  00002E  CFF4 F00A          	movff	prodh,??_ISR+9
   431  000032  CFF6 F00B          	movff	tblptrl,??_ISR+10
   432  000036  CFF7 F00C          	movff	tblptrh,??_ISR+11
   433  00003A  CFF8 F00D          	movff	tblptru,??_ISR+12
   434  00003E  CFF5 F00E          	movff	tablat,??_ISR+13
   435  000042  C021  F00F         	movff	btemp,??_ISR+14
   436  000046  C022  F010         	movff	btemp+1,??_ISR+15
   437  00004A  C023  F011         	movff	btemp+2,??_ISR+16
   438  00004E  C024  F012         	movff	btemp+3,??_ISR+17
   439                           
   440                           ;muestreo.c: 39: if(INTCONbits.T0IF)
   441  000052  A4F2               	btfss	intcon,2,c	;volatile
   442  000054  D003               	goto	i2l19
   443                           
   444                           ;muestreo.c: 40: {
   445                           ;muestreo.c: 41: INTCONbits.T0IF = 0;
   446  000056  94F2               	bcf	intcon,2,c	;volatile
   447                           
   448                           ;muestreo.c: 45: TMR0L = 177;
   449  000058  0EB1               	movlw	177
   450  00005A  6ED6               	movwf	4054,c	;volatile
   451  00005C                     i2l19:
   452  00005C  C012  F024         	movff	??_ISR+17,btemp+3
   453  000060  C011  F023         	movff	??_ISR+16,btemp+2
   454  000064  C010  F022         	movff	??_ISR+15,btemp+1
   455  000068  C00F  F021         	movff	??_ISR+14,btemp
   456  00006C  C00E  FFF5         	movff	??_ISR+13,tablat
   457  000070  C00D  FFF8         	movff	??_ISR+12,tblptru
   458  000074  C00C  FFF7         	movff	??_ISR+11,tblptrh
   459  000078  C00B  FFF6         	movff	??_ISR+10,tblptrl
   460  00007C  C00A  FFF4         	movff	??_ISR+9,prodh
   461  000080  C009  FFF3         	movff	??_ISR+8,prodl
   462  000084  C008  FFDA         	movff	??_ISR+7,fsr2h
   463  000088  C007  FFD9         	movff	??_ISR+6,fsr2l
   464  00008C  C006  FFE2         	movff	??_ISR+5,fsr1h
   465  000090  C005  FFE1         	movff	??_ISR+4,fsr1l
   466  000094  C004  FFEA         	movff	??_ISR+3,fsr0h
   467  000098  C003  FFE9         	movff	??_ISR+2,fsr0l
   468  00009C  C002  FFFB         	movff	??_ISR+1,pclatu
   469  0000A0  C001  FFFA         	movff	??_ISR,pclath
   470  0000A4  9221               	bcf	btemp,1,c	;clear compiler interrupt flag (level 2)
   471  0000A6  0011               	retfie		f
   472  0000A8                     __end_of_ISR:
   473                           	opt stack 0
   474  0000                     pclatu	equ	0xFFB
   475                           pclath	equ	0xFFA
   476                           tblptru	equ	0xFF8
   477                           tblptrh	equ	0xFF7
   478                           tblptrl	equ	0xFF6
   479                           tablat	equ	0xFF5
   480                           prodh	equ	0xFF4
   481                           prodl	equ	0xFF3
   482                           intcon	equ	0xFF2
   483                           intcon2	equ	0xFF1
   484                           fsr0h	equ	0xFEA
   485                           fsr0l	equ	0xFE9
   486                           fsr1h	equ	0xFE2
   487                           fsr1l	equ	0xFE1
   488                           fsr2h	equ	0xFDA
   489                           fsr2l	equ	0xFD9
   490                           status	equ	0xFD8
   491                           pclatu	equ	0xFFB
   492                           pclath	equ	0xFFA
   493                           tblptru	equ	0xFF8
   494                           tblptrh	equ	0xFF7
   495                           tblptrl	equ	0xFF6
   496                           tablat	equ	0xFF5
   497                           prodh	equ	0xFF4
   498                           prodl	equ	0xFF3
   499                           intcon	equ	0xFF2
   500                           intcon2	equ	0xFF1
   501                           fsr0h	equ	0xFEA
   502                           fsr0l	equ	0xFE9
   503                           fsr1h	equ	0xFE2
   504                           fsr1l	equ	0xFE1
   505                           fsr2h	equ	0xFDA
   506                           fsr2l	equ	0xFD9
   507                           status	equ	0xFD8
   508                           
   509                           	psect	rparam
   510  0000                     pclatu	equ	0xFFB
   511                           pclath	equ	0xFFA
   512                           tblptru	equ	0xFF8
   513                           tblptrh	equ	0xFF7
   514                           tblptrl	equ	0xFF6
   515                           tablat	equ	0xFF5
   516                           prodh	equ	0xFF4
   517                           prodl	equ	0xFF3
   518                           intcon	equ	0xFF2
   519                           intcon2	equ	0xFF1
   520                           fsr0h	equ	0xFEA
   521                           fsr0l	equ	0xFE9
   522                           fsr1h	equ	0xFE2
   523                           fsr1l	equ	0xFE1
   524                           fsr2h	equ	0xFDA
   525                           fsr2l	equ	0xFD9
   526                           status	equ	0xFD8
   527                           
   528                           	psect	temp
   529  000021                     btemp:
   530                           	opt stack 0
   531  000021                     	ds	1
   532  0000                     int$flags	set	btemp
   533  0000                     wtemp6	set	btemp+1
   534                           pclatu	equ	0xFFB
   535                           pclath	equ	0xFFA
   536                           tblptru	equ	0xFF8
   537                           tblptrh	equ	0xFF7
   538                           tblptrl	equ	0xFF6
   539                           tablat	equ	0xFF5
   540                           prodh	equ	0xFF4
   541                           prodl	equ	0xFF3
   542                           intcon	equ	0xFF2
   543                           intcon2	equ	0xFF1
   544                           fsr0h	equ	0xFEA
   545                           fsr0l	equ	0xFE9
   546                           fsr1h	equ	0xFE2
   547                           fsr1l	equ	0xFE1
   548                           fsr2h	equ	0xFDA
   549                           fsr2l	equ	0xFD9
   550                           status	equ	0xFD8


Data Sizes:
    Strings     0
    Constant    0
    Data        0
    BSS         2
    Persistent  0
    Stack       0

Auto Spaces:
    Space          Size  Autos    Used
    COMRAM           94     30      32
    BANK0           160      0       0
    BANK1           256      0       0
    BANK2           256      0       0
    BANK3           256      0       0
    BANK4           256      0       0
    BANK5           256      0       0
    BANK6           256      0       0
    BANK7           256      0       0

Pointer List with Targets:

    None.

Critical Paths under _main in COMRAM

    _main->_timer0_setup

Critical Paths under _ISR in COMRAM

    None.

Critical Paths under _main in BANK0

    None.

Critical Paths under _ISR in BANK0

    None.

Critical Paths under _main in BANK1

    None.

Critical Paths under _ISR in BANK1

    None.

Critical Paths under _main in BANK2

    None.

Critical Paths under _ISR in BANK2

    None.

Critical Paths under _main in BANK3

    None.

Critical Paths under _ISR in BANK3

    None.

Critical Paths under _main in BANK4

    None.

Critical Paths under _ISR in BANK4

    None.

Critical Paths under _main in BANK5

    None.

Critical Paths under _ISR in BANK5

    None.

Critical Paths under _main in BANK6

    None.

Critical Paths under _ISR in BANK6

    None.

Critical Paths under _main in BANK7

    None.

Critical Paths under _ISR in BANK7

    None.

Call Graph Tables:

 ---------------------------------------------------------------------------------
 (Depth) Function   	        Calls       Base Space   Used Autos Params    Refs
 ---------------------------------------------------------------------------------
 (0) _main                                                 0     0      0     467
                       _timer0_setup
 ---------------------------------------------------------------------------------
 (1) _timer0_setup                                        12     7      5     467
                                             18 COMRAM    12     7      5
 ---------------------------------------------------------------------------------
 Estimated maximum stack depth 1
 ---------------------------------------------------------------------------------
 (Depth) Function   	        Calls       Base Space   Used Autos Params    Refs
 ---------------------------------------------------------------------------------
 (2) _ISR                                                 18    18      0       0
                                              0 COMRAM    18    18      0
 ---------------------------------------------------------------------------------
 Estimated maximum stack depth 2
 ---------------------------------------------------------------------------------

 Call Graph Graphs:

 _main (ROOT)
   _timer0_setup

 _ISR (ROOT)

 Address spaces:
Name               Size   Autos  Total    Cost      Usage
BIGRAM             7FF      0       0      21        0.0%
EEDATA             100      0       0       0        0.0%
BITBANK7           100      0       0      19        0.0%
BANK7              100      0       0      20        0.0%
BITBANK6           100      0       0      17        0.0%
BANK6              100      0       0      18        0.0%
BITBANK5           100      0       0      15        0.0%
BANK5              100      0       0      16        0.0%
BITBANK4           100      0       0      13        0.0%
BANK4              100      0       0      14        0.0%
BITBANK3           100      0       0      11        0.0%
BANK3              100      0       0      12        0.0%
BITBANK2           100      0       0       9        0.0%
BANK2              100      0       0      10        0.0%
BITBANK1           100      0       0       7        0.0%
BANK1              100      0       0       8        0.0%
BITBANK0            A0      0       0       4        0.0%
BANK0               A0      0       0       5        0.0%
BITCOMRAM           5E      0       0       0        0.0%
COMRAM              5E     1E      20       1       34.0%
BITSFR_1             0      0       0     200        0.0%
SFR_1                0      0       0     200        0.0%
BITSFR               0      0       0     200        0.0%
SFR                  0      0       0     200        0.0%
STACK                0      0       0       2        0.0%
NULL                 0      0       0       0        0.0%
ABS                  0      0      20       6        0.0%
DATA                 0      0      20       3        0.0%
CODE                 0      0       0       0        0.0%


Microchip Technology PIC18 Macro Assembler V1.44 build -154322312 
Symbol Table                                                                                   Mon Feb 26 01:19:43 2018

                     l31 00D6                       l32 00B0                       l33 0126  
                     l41 00CE                       l25 018A                       l34 00B4  
                     l35 00B8                       l36 00BC                       l37 00C0  
                     l38 00C4                       l39 00C8                       u50 00D2  
                     u65 013E                       u75 014E             __CFG_CP0$OFF 000000  
           __CFG_CP1$OFF 000000             __CFG_CP2$OFF 000000             __CFG_CP3$OFF 000000  
            __CFG_LVP$ON 000000                      l775 00EE                      l777 011C  
           __CFG_CPB$OFF 000000             __CFG_CPD$OFF 000000                      _ISR 0008  
                    _val 001F             __CFG_FOSC$XT 000000                     ?_ISR 0001  
                   i2l19 005C                     _main 0166                     fsr0h 000FEA  
                   fsr1h 000FE2                     fsr2h 000FDA                     fsr0l 000FE9  
                   fsr1l 000FE1                     fsr2l 000FD9                     btemp 0021  
          __CFG_BORV$190 000000                     prodh 000FF4                     prodl 000FF3  
                   start 00A8            __CFG_IESO$OFF 000000            __CFG_MCLRE$ON 000000  
           ___param_bank 000000                    ??_ISR 0001                    ?_main 0001  
                  _T0CON 000FD5                    _TMR0L 000FD6            __CFG_WRT0$OFF 000000  
          __CFG_WRT1$OFF 000000            __CFG_WRT2$OFF 000000            __CFG_WRT3$OFF 000000  
         __CFG_EBTR0$OFF 000000           __CFG_FCMEN$OFF 000000           __CFG_EBTR1$OFF 000000  
         __CFG_EBTR2$OFF 000000           __CFG_EBTR3$OFF 000000            __CFG_WRTB$OFF 000000  
          __CFG_WRTC$OFF 000000            __CFG_WRTD$OFF 000000           __CFG_EBTRB$OFF 000000  
         __CFG_BOREN$OFF 000000                    pclath 000FFA                    tablat 000FF5  
                  status 000FD8           __CFG_T3CMX$RC0 000000                    wtemp6 0022  
         __CFG_ICPRT$OFF 000000          __initialization 018C             __end_of_main 018C  
         __CFG_PCLKEN$ON 000000                   ??_main 001F            __activetblptr 000002  
         __CFG_SDOMX$RB3 000000          __CFG_CCP2MX$RC1 000000     timer0_setup@prescale 0016  
         __CFG_WDTEN$OFF 000000           __CFG_XINST$OFF 000000           __CFG_STVREN$ON 000000  
                 tblptrh 000FF7                   tblptrl 000FF6                   tblptru 000FF8  
   __CFG_LS48MHZ$SYS24X4 000000               __accesstop 0060  __end_of__initialization 0190  
        __CFG_PBADEN$OFF 000000            ___rparam_used 000001           __pcstackCOMRAM 0001  
        timer0_setup@PSA 0015        __CFG_PLLSEL$PLL4X 000000                  __Hparam 0000  
                __Lparam 0000                  __pcinit 018C                  __ramtop 0800  
                __ptext0 0166                  __ptext1 00AC            ?_timer0_setup 0013  
              _T0CONbits 000FD5             __size_of_ISR 00A0     end_of_initialization 0190  
          __Lmediumconst 0000           ??_timer0_setup 0018      start_initialization 018C  
            __end_of_ISR 00A8         timer0_setup@mode 0013          __CFG_nLPBOR$OFF 000000  
 timer0_setup@clock_mode 001E              __pbssCOMRAM 001F          __CFG_nPWRTEN$ON 000000  
         timer0_setup@CS 0014           timer0_setup@On 001D     __end_of_timer0_setup 0166  
              __pintcode 0008         __CFG_WDTPS$32768 000000        __CFG_CFGPLLEN$OFF 000000  
            _INTCON2bits 000FF1                 __Hrparam 0000                 __Lrparam 0000  
  __size_of_timer0_setup 00BA            __size_of_main 0026                 int$flags 0021  
           _timer0_setup 00AC               _INTCONbits 000FF2                 intlevel2 0000  
   __CFG_CPUDIV$NOCLKDIV 000000  
