

Microchip Technology PIC LITE Macro Assembler V1.44 build -154322312 
                                                                                               Mon Mar 26 13:36:29 2018

Microchip Technology Omniscient Code Generator v1.44 (Free mode) build 201709140600
     1                           	processor	16F876A
     2                           	opt	pw 120
     3                           	opt	lm
     4                           	psect	strings,global,class=STRING,delta=2
     5                           	psect	cinit,global,class=CODE,merge=1,delta=2
     6                           	psect	cstackCOMMON,global,class=COMMON,space=1,delta=1
     7                           	psect	maintext,global,class=CODE,split=1,delta=2
     8                           	psect	text1,local,class=CODE,merge=1,delta=2
     9                           	psect	text2,local,class=CODE,merge=1,delta=2
    10                           	psect	text3,local,class=CODE,merge=1,delta=2
    11                           	psect	text4,local,class=CODE,merge=1,delta=2
    12                           	psect	text5,local,class=CODE,merge=1,delta=2
    13                           	psect	text6,local,class=CODE,merge=1,delta=2
    14                           	psect	text7,local,class=CODE,merge=1,delta=2
    15                           	dabs	1,0x7E,2
    16  0000                     
    17                           ; Version 1.44
    18                           ; Generated 14/09/2017 GMT
    19                           ; 
    20                           ; Copyright © 2017, Microchip Technology Inc. and its subsidiaries ("Microchip")
    21                           ; All rights reserved.
    22                           ; 
    23                           ; This software is developed by Microchip Technology Inc. and its subsidiaries ("Microch
      +                          ip").
    24                           ; 
    25                           ; Redistribution and use in source and binary forms, with or without modification, are
    26                           ; permitted provided that the following conditions are met:
    27                           ; 
    28                           ;     1. Redistributions of source code must retain the above copyright notice, this lis
      +                          t of
    29                           ;        conditions and the following disclaimer.
    30                           ; 
    31                           ;     2. Redistributions in binary form must reproduce the above copyright notice, this 
      +                          list
    32                           ;        of conditions and the following disclaimer in the documentation and/or other
    33                           ;        materials provided with the distribution.
    34                           ; 
    35                           ;     3. Microchip's name may not be used to endorse or promote products derived from th
      +                          is
    36                           ;        software without specific prior written permission.
    37                           ; 
    38                           ; THIS SOFTWARE IS PROVIDED BY MICROCHIP "AS IS" AND ANY EXPRESS OR IMPLIED WARRANTIES,
    39                           ; INCLUDING, BUT NOT LIMITED TO, THE IMPLIED WARRANTIES OF MERCHANTABILITY AND FITNESS F
      +                          OR
    40                           ; PURPOSE ARE DISCLAIMED.  IN NO EVENT SHALL MICROCHIP BE LIABLE FOR ANY DIRECT, INDIREC
      +                          T,
    41                           ; INCIDENTAL, SPECIAL, EXEMPLARY, OR CONSEQUENTIAL DAMAGES (INCLUDING BUT NOT LIMITED TO
    42                           ; PROCUREMENT OF SUBSTITUTE GOODS OR SERVICES; LOSS OF USE, DATA OR PROFITS; OR BUSINESS
    43                           ; INTERRUPTION) HOWSOEVER CAUSED AND ON ANY THEORY OF LIABILITY, WHETHER IN CONTRACT, ST
      +                          RICT
    44                           ; LIABILITY, OR TORT (INCLUDING NEGLIGENCE OR OTHERWISE) ARISING IN ANY WAY OUT OF THE U
      +                          SE OF
    45                           ; THIS SOFTWARE, EVEN IF ADVISED OF THE POSSIBILITY OF SUCH DAMAGE.
    46                           ; 
    47                           ; 
    48                           ; Code-generator required, PIC16F876A Definitions
    49                           ; 
    50                           ; SFR Addresses
    51  0000                     	;# 
    52  0001                     	;# 
    53  0002                     	;# 
    54  0003                     	;# 
    55  0004                     	;# 
    56  0005                     	;# 
    57  0006                     	;# 
    58  0007                     	;# 
    59  000A                     	;# 
    60  000B                     	;# 
    61  000C                     	;# 
    62  000D                     	;# 
    63  000E                     	;# 
    64  000E                     	;# 
    65  000F                     	;# 
    66  0010                     	;# 
    67  0011                     	;# 
    68  0012                     	;# 
    69  0013                     	;# 
    70  0014                     	;# 
    71  0015                     	;# 
    72  0015                     	;# 
    73  0016                     	;# 
    74  0017                     	;# 
    75  0018                     	;# 
    76  0019                     	;# 
    77  001A                     	;# 
    78  001B                     	;# 
    79  001B                     	;# 
    80  001C                     	;# 
    81  001D                     	;# 
    82  001E                     	;# 
    83  001F                     	;# 
    84  0081                     	;# 
    85  0085                     	;# 
    86  0086                     	;# 
    87  0087                     	;# 
    88  008C                     	;# 
    89  008D                     	;# 
    90  008E                     	;# 
    91  0091                     	;# 
    92  0092                     	;# 
    93  0093                     	;# 
    94  0094                     	;# 
    95  0098                     	;# 
    96  0099                     	;# 
    97  009C                     	;# 
    98  009D                     	;# 
    99  009E                     	;# 
   100  009F                     	;# 
   101  010C                     	;# 
   102  010D                     	;# 
   103  010E                     	;# 
   104  010F                     	;# 
   105  018C                     	;# 
   106  018D                     	;# 
   107  0006                     _PORTB	set	6
   108  0006                     _PORTBbits	set	6
   109  0086                     _TRISB	set	134
   110                           
   111                           	psect	strings
   112  0003                     __pstrings:	
   113  0003                     stringtab:	
   114  0003                     __stringtab:	
   115  0003                     stringcode:	
   116                           ;	String table - string pointers are 1 byte each
   117                           
   118  0003                     stringdir:	
   119  0003  3000               	movlw	high stringdir
   120  0004  008A               	movwf	10
   121  0005  0804               	movf	4,w
   122  0006  0A84               	incf	4,f
   123  0007  0782               	addwf	2,f
   124  0008                     __stringbase:	
   125  0008  3400               	retlw	0
   126  0009                     __end_of__stringtab:	
   127  0009                     STR_1:	
   128  0009  3468               	retlw	104	;'h'
   129  000A  346F               	retlw	111	;'o'
   130  000B  346C               	retlw	108	;'l'
   131  000C  3461               	retlw	97	;'a'
   132  000D  3420               	retlw	32	;' '
   133  000E  3468               	retlw	104	;'h'
   134  000F  3465               	retlw	101	;'e'
   135  0010  3472               	retlw	114	;'r'
   136  0011  346D               	retlw	109	;'m'
   137  0012  3461               	retlw	97	;'a'
   138  0013  346E               	retlw	110	;'n'
   139  0014  346F               	retlw	111	;'o'
   140  0015  3400               	retlw	0
   141                           
   142                           ; #config settings
   143  0000                     
   144                           	psect	cinit
   145  07FC                     start_initialization:	
   146  07FC                     __initialization:	
   147  07FC                     end_of_initialization:	
   148                           ;End of C runtime variable initialization code
   149                           
   150  07FC                     __end_of__initialization:	
   151  07FC  0183               	clrf	3
   152  07FD  120A  118A  2F1E   	ljmp	_main	;jump to C main() function
   153                           
   154                           	psect	cstackCOMMON
   155  0070                     __pcstackCOMMON:	
   156  0070                     ?_lcd_init:	
   157  0070                     ?_lcd_cmd:	
   158                           ; 1 bytes @ 0x0
   159                           
   160  0070                     ?_lcd_msg:	
   161                           ; 1 bytes @ 0x0
   162                           
   163  0070                     ?_delay:	
   164                           ; 1 bytes @ 0x0
   165                           
   166  0070                     ?_main:	
   167                           ; 1 bytes @ 0x0
   168                           
   169  0070                     ?_lcd_lat:	
   170                           ; 1 bytes @ 0x0
   171                           
   172  0070                     ?_lcd_cmd_hf:	
   173                           ; 1 bytes @ 0x0
   174                           
   175  0070                     ?_lcd_dwr:	
   176                           ; 1 bytes @ 0x0
   177                           
   178  0070                     delay@ms:	
   179                           ; 1 bytes @ 0x0
   180                           
   181                           
   182                           ; 2 bytes @ 0x0
   183  0070                     	ds	2
   184  0072                     ??_delay:	
   185  0072                     delay@i:	
   186                           ; 1 bytes @ 0x2
   187                           
   188                           
   189                           ; 2 bytes @ 0x2
   190  0072                     	ds	2
   191  0074                     delay@j:	
   192                           
   193                           ; 2 bytes @ 0x4
   194  0074                     	ds	2
   195  0076                     ??_lcd_cmd:	
   196  0076                     ??_lcd_lat:	
   197                           ; 1 bytes @ 0x6
   198                           
   199  0076                     ??_lcd_cmd_hf:	
   200                           ; 1 bytes @ 0x6
   201                           
   202  0076                     ??_lcd_dwr:	
   203                           ; 1 bytes @ 0x6
   204                           
   205                           
   206                           ; 1 bytes @ 0x6
   207  0076                     	ds	1
   208  0077                     lcd_cmd_hf@x:	
   209                           
   210                           ; 1 bytes @ 0x7
   211  0077                     	ds	1
   212  0078                     lcd_cmd@x:	
   213  0078                     lcd_dwr@x:	
   214                           ; 1 bytes @ 0x8
   215                           
   216                           
   217                           ; 1 bytes @ 0x8
   218  0078                     	ds	1
   219  0079                     ??_lcd_init:	
   220  0079                     ??_lcd_msg:	
   221                           ; 1 bytes @ 0x9
   222                           
   223                           
   224                           ; 1 bytes @ 0x9
   225  0079                     	ds	1
   226  007A                     lcd_msg@c:	
   227                           
   228                           ; 1 bytes @ 0xA
   229  007A                     	ds	1
   230  007B                     ??_main:	
   231                           
   232                           	psect	maintext
   233  071E                     __pmaintext:	
   234                           ; 1 bytes @ 0xB
   235 ;;
   236 ;;Main: autosize = 0, tempsize = 0, incstack = 0, save=0
   237 ;;
   238 ;; *************** function _main *****************
   239 ;; Defined at:
   240 ;;		line 34 in file "../Carnalito.c"
   241 ;; Parameters:    Size  Location     Type
   242 ;;		None
   243 ;; Auto vars:     Size  Location     Type
   244 ;;		None
   245 ;; Return value:  Size  Location     Type
   246 ;;                  1    wreg      void 
   247 ;; Registers used:
   248 ;;		wreg, fsr0l, fsr0h, status,2, status,0, btemp+1, pclath, cstack
   249 ;; Tracked objects:
   250 ;;		On entry : B00/0
   251 ;;		On exit  : 0/0
   252 ;;		Unchanged: 0/0
   253 ;; Data sizes:     COMMON   BANK0   BANK1   BANK3   BANK2
   254 ;;      Params:         0       0       0       0       0
   255 ;;      Locals:         0       0       0       0       0
   256 ;;      Temps:          0       0       0       0       0
   257 ;;      Totals:         0       0       0       0       0
   258 ;;Total ram usage:        0 bytes
   259 ;; Hardware stack levels required when called:    4
   260 ;; This function calls:
   261 ;;		_lcd_cmd
   262 ;;		_lcd_init
   263 ;;		_lcd_msg
   264 ;; This function is called by:
   265 ;;		Startup code after reset
   266 ;; This function uses a non-reentrant model
   267 ;;
   268                           
   269                           
   270                           ;psect for function _main
   271  071E                     _main:	
   272                           
   273                           ;Carnalito.c: 36: TRISB = 0x00;
   274                           
   275                           ;incstack = 0
   276                           ; Regs used in _main: [wreg-fsr0h+status,2+status,0+btemp+1+pclath+cstack]
   277  071E  1683               	bsf	3,5	;RP0=1, select bank1
   278  071F  1303               	bcf	3,6	;RP1=0, select bank1
   279  0720  0186               	clrf	6	;volatile
   280                           
   281                           ;Carnalito.c: 38: lcd_init();
   282  0721  120A  118A  2750  120A  118A  	fcall	_lcd_init
   283                           
   284                           ;Carnalito.c: 39: lcd_cmd(0x01);
   285  0726  3001               	movlw	1
   286  0727  120A  118A  2779  120A  118A  	fcall	_lcd_cmd
   287                           
   288                           ;Carnalito.c: 40: lcd_msg("hola hermano");
   289  072C  3001               	movlw	(low ((STR_1-__stringbase)| (0+32768)))& (0+255)
   290  072D  120A  118A  2734  120A  118A  	fcall	_lcd_msg
   291  0732                     l19:	
   292                           ;Carnalito.c: 41: while(1);
   293                           
   294  0732  2F32               	goto	l19
   295  0733                     l22:	
   296                           ;Carnalito.c: 42: while(1)
   297                           
   298                           
   299                           ;Carnalito.c: 43: {
   300                           ;Carnalito.c: 44: ;
   301  0733  2F33               	goto	l22
   302  0734                     __end_of_main:	
   303                           
   304                           	psect	text1
   305  0734                     __ptext1:	
   306 ;; *************** function _lcd_msg *****************
   307 ;; Defined at:
   308 ;;		line 88 in file "../Carnalito.c"
   309 ;; Parameters:    Size  Location     Type
   310 ;;  c               1    wreg     PTR unsigned char 
   311 ;;		 -> STR_1(13), 
   312 ;; Auto vars:     Size  Location     Type
   313 ;;  c               1   10[COMMON] PTR unsigned char 
   314 ;;		 -> STR_1(13), 
   315 ;; Return value:  Size  Location     Type
   316 ;;                  1    wreg      void 
   317 ;; Registers used:
   318 ;;		wreg, fsr0l, fsr0h, status,2, status,0, btemp+1, pclath, cstack
   319 ;; Tracked objects:
   320 ;;		On entry : 0/0
   321 ;;		On exit  : 0/0
   322 ;;		Unchanged: 0/0
   323 ;; Data sizes:     COMMON   BANK0   BANK1   BANK3   BANK2
   324 ;;      Params:         0       0       0       0       0
   325 ;;      Locals:         1       0       0       0       0
   326 ;;      Temps:          1       0       0       0       0
   327 ;;      Totals:         2       0       0       0       0
   328 ;;Total ram usage:        2 bytes
   329 ;; Hardware stack levels used:    1
   330 ;; Hardware stack levels required when called:    3
   331 ;; This function calls:
   332 ;;		_lcd_dwr
   333 ;; This function is called by:
   334 ;;		_main
   335 ;; This function uses a non-reentrant model
   336 ;;
   337                           
   338                           
   339                           ;psect for function _lcd_msg
   340  0734                     _lcd_msg:	
   341                           
   342                           ;incstack = 0
   343                           ; Regs used in _lcd_msg: [wreg-fsr0h+status,2+status,0+btemp+1+pclath+cstack]
   344                           ;lcd_msg@c stored from wreg
   345  0734  00FA               	movwf	lcd_msg@c
   346  0735                     l640:	
   347                           ;Carnalito.c: 90: while(*c != 0)
   348                           
   349  0735  087A               	movf	lcd_msg@c,w
   350  0736  0084               	movwf	4
   351  0737  120A  118A  2003  120A  118A  	fcall	stringdir
   352  073C  3A00               	xorlw	0
   353  073D  1903               	btfsc	3,2
   354  073E  0008               	return
   355                           
   356                           ;Carnalito.c: 91: {
   357                           ;Carnalito.c: 92: lcd_dwr(*c++);
   358  073F  087A               	movf	lcd_msg@c,w
   359  0740  0084               	movwf	4
   360  0741  120A  118A  2003  120A  118A  	fcall	stringdir
   361  0746  120A  118A  27A3  120A  118A  	fcall	_lcd_dwr
   362  074B  3001               	movlw	1
   363  074C  00F9               	movwf	??_lcd_msg
   364  074D  0879               	movf	??_lcd_msg,w
   365  074E  07FA               	addwf	lcd_msg@c,f
   366  074F  2F35               	goto	l640
   367  0750                     __end_of_lcd_msg:	
   368                           
   369                           	psect	text2
   370  07A3                     __ptext2:	
   371 ;; *************** function _lcd_dwr *****************
   372 ;; Defined at:
   373 ;;		line 76 in file "../Carnalito.c"
   374 ;; Parameters:    Size  Location     Type
   375 ;;  x               1    wreg     unsigned char 
   376 ;; Auto vars:     Size  Location     Type
   377 ;;  x               1    8[COMMON] unsigned char 
   378 ;; Return value:  Size  Location     Type
   379 ;;                  1    wreg      void 
   380 ;; Registers used:
   381 ;;		wreg, status,2, status,0, btemp+1, pclath, cstack
   382 ;; Tracked objects:
   383 ;;		On entry : 0/0
   384 ;;		On exit  : 0/0
   385 ;;		Unchanged: 0/0
   386 ;; Data sizes:     COMMON   BANK0   BANK1   BANK3   BANK2
   387 ;;      Params:         0       0       0       0       0
   388 ;;      Locals:         1       0       0       0       0
   389 ;;      Temps:          2       0       0       0       0
   390 ;;      Totals:         3       0       0       0       0
   391 ;;Total ram usage:        3 bytes
   392 ;; Hardware stack levels used:    1
   393 ;; Hardware stack levels required when called:    2
   394 ;; This function calls:
   395 ;;		_lcd_lat
   396 ;; This function is called by:
   397 ;;		_lcd_msg
   398 ;; This function uses a non-reentrant model
   399 ;;
   400                           
   401                           
   402                           ;psect for function _lcd_dwr
   403  07A3                     _lcd_dwr:	
   404                           
   405                           ;incstack = 0
   406                           ; Regs used in _lcd_dwr: [wreg+status,2+status,0+btemp+1+pclath+cstack]
   407                           ;lcd_dwr@x stored from wreg
   408  07A3  00F8               	movwf	lcd_dwr@x
   409                           
   410                           ;Carnalito.c: 78: PORTBbits.RB0 = 1;
   411  07A4  1283               	bcf	3,5	;RP0=0, select bank0
   412  07A5  1303               	bcf	3,6	;RP1=0, select bank0
   413  07A6  1406               	bsf	6,0	;volatile
   414                           
   415                           ;Carnalito.c: 79: PORTB &= 0x0F;
   416  07A7  300F               	movlw	15
   417  07A8  00F6               	movwf	??_lcd_dwr
   418  07A9  0876               	movf	??_lcd_dwr,w
   419  07AA  0586               	andwf	6,f	;volatile
   420                           
   421                           ;Carnalito.c: 80: PORTB |= ((x & 0xF0));
   422  07AB  0878               	movf	lcd_dwr@x,w
   423  07AC  39F0               	andlw	240
   424  07AD  00F6               	movwf	??_lcd_dwr
   425  07AE  0876               	movf	??_lcd_dwr,w
   426  07AF  0486               	iorwf	6,f	;volatile
   427                           
   428                           ;Carnalito.c: 81: lcd_lat();
   429  07B0  120A  118A  26FF  120A  118A  	fcall	_lcd_lat
   430                           
   431                           ;Carnalito.c: 83: PORTB &= 0x0F;
   432  07B5  300F               	movlw	15
   433  07B6  00F6               	movwf	??_lcd_dwr
   434  07B7  0876               	movf	??_lcd_dwr,w
   435  07B8  1283               	bcf	3,5	;RP0=0, select bank0
   436  07B9  1303               	bcf	3,6	;RP1=0, select bank0
   437  07BA  0586               	andwf	6,f	;volatile
   438                           
   439                           ;Carnalito.c: 84: PORTB |= ((x & 0x0F)<<4);
   440  07BB  0878               	movf	lcd_dwr@x,w
   441  07BC  390F               	andlw	15
   442  07BD  00F6               	movwf	??_lcd_dwr
   443  07BE  3003               	movlw	3
   444  07BF                     u115:	
   445  07BF  1003               	clrc
   446  07C0  0DF6               	rlf	??_lcd_dwr,f
   447  07C1  3EFF               	addlw	-1
   448  07C2  1D03               	skipz
   449  07C3  2FBF               	goto	u115
   450  07C4  1003               	clrc
   451  07C5  0D76               	rlf	??_lcd_dwr,w
   452  07C6  00F7               	movwf	??_lcd_dwr+1
   453  07C7  0877               	movf	??_lcd_dwr+1,w
   454  07C8  0486               	iorwf	6,f	;volatile
   455                           
   456                           ;Carnalito.c: 85: lcd_lat();
   457  07C9  120A  118A  26FF   	fcall	_lcd_lat
   458  07CC  0008               	return
   459  07CD                     __end_of_lcd_dwr:	
   460                           
   461                           	psect	text3
   462  0750                     __ptext3:	
   463 ;; *************** function _lcd_init *****************
   464 ;; Defined at:
   465 ;;		line 103 in file "../Carnalito.c"
   466 ;; Parameters:    Size  Location     Type
   467 ;;		None
   468 ;; Auto vars:     Size  Location     Type
   469 ;;		None
   470 ;; Return value:  Size  Location     Type
   471 ;;                  1    wreg      void 
   472 ;; Registers used:
   473 ;;		wreg, status,2, status,0, btemp+1, pclath, cstack
   474 ;; Tracked objects:
   475 ;;		On entry : 0/0
   476 ;;		On exit  : 0/0
   477 ;;		Unchanged: 0/0
   478 ;; Data sizes:     COMMON   BANK0   BANK1   BANK3   BANK2
   479 ;;      Params:         0       0       0       0       0
   480 ;;      Locals:         0       0       0       0       0
   481 ;;      Temps:          0       0       0       0       0
   482 ;;      Totals:         0       0       0       0       0
   483 ;;Total ram usage:        0 bytes
   484 ;; Hardware stack levels used:    1
   485 ;; Hardware stack levels required when called:    3
   486 ;; This function calls:
   487 ;;		_lcd_cmd
   488 ;;		_lcd_cmd_hf
   489 ;; This function is called by:
   490 ;;		_main
   491 ;; This function uses a non-reentrant model
   492 ;;
   493                           
   494                           
   495                           ;psect for function _lcd_init
   496  0750                     _lcd_init:	
   497                           
   498                           ;Carnalito.c: 105: lcd_cmd_hf(0x30);
   499                           
   500                           ;incstack = 0
   501                           ; Regs used in _lcd_init: [wreg+status,2+status,0+btemp+1+pclath+cstack]
   502  0750  3030               	movlw	48
   503  0751  120A  118A  270D  120A  118A  	fcall	_lcd_cmd_hf
   504                           
   505                           ;Carnalito.c: 106: lcd_cmd_hf(0x20);
   506  0756  3020               	movlw	32
   507  0757  120A  118A  270D  120A  118A  	fcall	_lcd_cmd_hf
   508                           
   509                           ;Carnalito.c: 107: lcd_cmd(0x28);
   510  075C  3028               	movlw	40
   511  075D  120A  118A  2779  120A  118A  	fcall	_lcd_cmd
   512                           
   513                           ;Carnalito.c: 108: lcd_cmd(0x0E);
   514  0762  300E               	movlw	14
   515  0763  120A  118A  2779  120A  118A  	fcall	_lcd_cmd
   516                           
   517                           ;Carnalito.c: 109: lcd_cmd(0x01);
   518  0768  3001               	movlw	1
   519  0769  120A  118A  2779  120A  118A  	fcall	_lcd_cmd
   520                           
   521                           ;Carnalito.c: 110: lcd_cmd(0x06);
   522  076E  3006               	movlw	6
   523  076F  120A  118A  2779  120A  118A  	fcall	_lcd_cmd
   524                           
   525                           ;Carnalito.c: 111: lcd_cmd(0x80);
   526  0774  3080               	movlw	128
   527  0775  120A  118A  2779   	fcall	_lcd_cmd
   528  0778  0008               	return
   529  0779                     __end_of_lcd_init:	
   530                           
   531                           	psect	text4
   532  070D                     __ptext4:	
   533 ;; *************** function _lcd_cmd_hf *****************
   534 ;; Defined at:
   535 ;;		line 68 in file "../Carnalito.c"
   536 ;; Parameters:    Size  Location     Type
   537 ;;  x               1    wreg     unsigned char 
   538 ;; Auto vars:     Size  Location     Type
   539 ;;  x               1    7[COMMON] unsigned char 
   540 ;; Return value:  Size  Location     Type
   541 ;;                  1    wreg      void 
   542 ;; Registers used:
   543 ;;		wreg, status,2, status,0, btemp+1, pclath, cstack
   544 ;; Tracked objects:
   545 ;;		On entry : 0/0
   546 ;;		On exit  : 0/0
   547 ;;		Unchanged: 0/0
   548 ;; Data sizes:     COMMON   BANK0   BANK1   BANK3   BANK2
   549 ;;      Params:         0       0       0       0       0
   550 ;;      Locals:         1       0       0       0       0
   551 ;;      Temps:          1       0       0       0       0
   552 ;;      Totals:         2       0       0       0       0
   553 ;;Total ram usage:        2 bytes
   554 ;; Hardware stack levels used:    1
   555 ;; Hardware stack levels required when called:    2
   556 ;; This function calls:
   557 ;;		_lcd_lat
   558 ;; This function is called by:
   559 ;;		_lcd_init
   560 ;; This function uses a non-reentrant model
   561 ;;
   562                           
   563                           
   564                           ;psect for function _lcd_cmd_hf
   565  070D                     _lcd_cmd_hf:	
   566                           
   567                           ;incstack = 0
   568                           ; Regs used in _lcd_cmd_hf: [wreg+status,2+status,0+btemp+1+pclath+cstack]
   569                           ;lcd_cmd_hf@x stored from wreg
   570  070D  00F7               	movwf	lcd_cmd_hf@x
   571                           
   572                           ;Carnalito.c: 70: PORTBbits.RB0 = 0;
   573  070E  1283               	bcf	3,5	;RP0=0, select bank0
   574  070F  1303               	bcf	3,6	;RP1=0, select bank0
   575  0710  1006               	bcf	6,0	;volatile
   576                           
   577                           ;Carnalito.c: 71: PORTB &= 0x0F;
   578  0711  300F               	movlw	15
   579  0712  00F6               	movwf	??_lcd_cmd_hf
   580  0713  0876               	movf	??_lcd_cmd_hf,w
   581  0714  0586               	andwf	6,f	;volatile
   582                           
   583                           ;Carnalito.c: 72: PORTB |= (x & 0xF0);
   584  0715  0877               	movf	lcd_cmd_hf@x,w
   585  0716  39F0               	andlw	240
   586  0717  00F6               	movwf	??_lcd_cmd_hf
   587  0718  0876               	movf	??_lcd_cmd_hf,w
   588  0719  0486               	iorwf	6,f	;volatile
   589                           
   590                           ;Carnalito.c: 73: lcd_lat();
   591  071A  120A  118A  26FF   	fcall	_lcd_lat
   592  071D  0008               	return
   593  071E                     __end_of_lcd_cmd_hf:	
   594                           
   595                           	psect	text5
   596  0779                     __ptext5:	
   597 ;; *************** function _lcd_cmd *****************
   598 ;; Defined at:
   599 ;;		line 56 in file "../Carnalito.c"
   600 ;; Parameters:    Size  Location     Type
   601 ;;  x               1    wreg     unsigned char 
   602 ;; Auto vars:     Size  Location     Type
   603 ;;  x               1    8[COMMON] unsigned char 
   604 ;; Return value:  Size  Location     Type
   605 ;;                  1    wreg      void 
   606 ;; Registers used:
   607 ;;		wreg, status,2, status,0, btemp+1, pclath, cstack
   608 ;; Tracked objects:
   609 ;;		On entry : 0/0
   610 ;;		On exit  : 0/0
   611 ;;		Unchanged: 0/0
   612 ;; Data sizes:     COMMON   BANK0   BANK1   BANK3   BANK2
   613 ;;      Params:         0       0       0       0       0
   614 ;;      Locals:         1       0       0       0       0
   615 ;;      Temps:          2       0       0       0       0
   616 ;;      Totals:         3       0       0       0       0
   617 ;;Total ram usage:        3 bytes
   618 ;; Hardware stack levels used:    1
   619 ;; Hardware stack levels required when called:    2
   620 ;; This function calls:
   621 ;;		_lcd_lat
   622 ;; This function is called by:
   623 ;;		_main
   624 ;;		_lcd_init
   625 ;; This function uses a non-reentrant model
   626 ;;
   627                           
   628                           
   629                           ;psect for function _lcd_cmd
   630  0779                     _lcd_cmd:	
   631                           
   632                           ;incstack = 0
   633                           ; Regs used in _lcd_cmd: [wreg+status,2+status,0+btemp+1+pclath+cstack]
   634                           ;lcd_cmd@x stored from wreg
   635  0779  00F8               	movwf	lcd_cmd@x
   636                           
   637                           ;Carnalito.c: 58: PORTBbits.RB0 = 0;
   638  077A  1283               	bcf	3,5	;RP0=0, select bank0
   639  077B  1303               	bcf	3,6	;RP1=0, select bank0
   640  077C  1006               	bcf	6,0	;volatile
   641                           
   642                           ;Carnalito.c: 59: PORTB &= 0x0F;
   643  077D  300F               	movlw	15
   644  077E  00F6               	movwf	??_lcd_cmd
   645  077F  0876               	movf	??_lcd_cmd,w
   646  0780  0586               	andwf	6,f	;volatile
   647                           
   648                           ;Carnalito.c: 60: PORTB |= (x & 0xF0);
   649  0781  0878               	movf	lcd_cmd@x,w
   650  0782  39F0               	andlw	240
   651  0783  00F6               	movwf	??_lcd_cmd
   652  0784  0876               	movf	??_lcd_cmd,w
   653  0785  0486               	iorwf	6,f	;volatile
   654                           
   655                           ;Carnalito.c: 61: lcd_lat();
   656  0786  120A  118A  26FF  120A  118A  	fcall	_lcd_lat
   657                           
   658                           ;Carnalito.c: 63: PORTB &= 0x0F;
   659  078B  300F               	movlw	15
   660  078C  00F6               	movwf	??_lcd_cmd
   661  078D  0876               	movf	??_lcd_cmd,w
   662  078E  1283               	bcf	3,5	;RP0=0, select bank0
   663  078F  1303               	bcf	3,6	;RP1=0, select bank0
   664  0790  0586               	andwf	6,f	;volatile
   665                           
   666                           ;Carnalito.c: 64: PORTB |= ((x & 0x0F)<<4);
   667  0791  0878               	movf	lcd_cmd@x,w
   668  0792  390F               	andlw	15
   669  0793  00F6               	movwf	??_lcd_cmd
   670  0794  3003               	movlw	3
   671  0795                     u105:	
   672  0795  1003               	clrc
   673  0796  0DF6               	rlf	??_lcd_cmd,f
   674  0797  3EFF               	addlw	-1
   675  0798  1D03               	skipz
   676  0799  2F95               	goto	u105
   677  079A  1003               	clrc
   678  079B  0D76               	rlf	??_lcd_cmd,w
   679  079C  00F7               	movwf	??_lcd_cmd+1
   680  079D  0877               	movf	??_lcd_cmd+1,w
   681  079E  0486               	iorwf	6,f	;volatile
   682                           
   683                           ;Carnalito.c: 65: lcd_lat();
   684  079F  120A  118A  26FF   	fcall	_lcd_lat
   685  07A2  0008               	return
   686  07A3                     __end_of_lcd_cmd:	
   687                           
   688                           	psect	text6
   689  06FF                     __ptext6:	
   690 ;; *************** function _lcd_lat *****************
   691 ;; Defined at:
   692 ;;		line 48 in file "../Carnalito.c"
   693 ;; Parameters:    Size  Location     Type
   694 ;;		None
   695 ;; Auto vars:     Size  Location     Type
   696 ;;		None
   697 ;; Return value:  Size  Location     Type
   698 ;;                  1    wreg      void 
   699 ;; Registers used:
   700 ;;		wreg, status,2, status,0, btemp+1, pclath, cstack
   701 ;; Tracked objects:
   702 ;;		On entry : 0/0
   703 ;;		On exit  : 0/0
   704 ;;		Unchanged: 0/0
   705 ;; Data sizes:     COMMON   BANK0   BANK1   BANK3   BANK2
   706 ;;      Params:         0       0       0       0       0
   707 ;;      Locals:         0       0       0       0       0
   708 ;;      Temps:          0       0       0       0       0
   709 ;;      Totals:         0       0       0       0       0
   710 ;;Total ram usage:        0 bytes
   711 ;; Hardware stack levels used:    1
   712 ;; Hardware stack levels required when called:    1
   713 ;; This function calls:
   714 ;;		_delay
   715 ;; This function is called by:
   716 ;;		_lcd_cmd
   717 ;;		_lcd_cmd_hf
   718 ;;		_lcd_dwr
   719 ;; This function uses a non-reentrant model
   720 ;;
   721                           
   722                           
   723                           ;psect for function _lcd_lat
   724  06FF                     _lcd_lat:	
   725                           
   726                           ;Carnalito.c: 51: PORTBbits.RB2 = 1;
   727                           
   728                           ;incstack = 0
   729                           ; Regs used in _lcd_lat: [wreg+status,2+status,0+btemp+1+pclath+cstack]
   730  06FF  1283               	bcf	3,5	;RP0=0, select bank0
   731  0700  1303               	bcf	3,6	;RP1=0, select bank0
   732  0701  1506               	bsf	6,2	;volatile
   733                           
   734                           ;Carnalito.c: 52: delay(1);
   735  0702  3001               	movlw	1
   736  0703  00F0               	movwf	delay@ms
   737  0704  3000               	movlw	0
   738  0705  00F1               	movwf	delay@ms+1
   739  0706  120A  118A  27CD   	fcall	_delay
   740                           
   741                           ;Carnalito.c: 53: PORTBbits.RB2 = 0;
   742  0709  1283               	bcf	3,5	;RP0=0, select bank0
   743  070A  1303               	bcf	3,6	;RP1=0, select bank0
   744  070B  1106               	bcf	6,2	;volatile
   745  070C  0008               	return
   746  070D                     __end_of_lcd_lat:	
   747                           
   748                           	psect	text7
   749  07CD                     __ptext7:	
   750 ;; *************** function _delay *****************
   751 ;; Defined at:
   752 ;;		line 96 in file "../Carnalito.c"
   753 ;; Parameters:    Size  Location     Type
   754 ;;  ms              2    0[COMMON] unsigned int 
   755 ;; Auto vars:     Size  Location     Type
   756 ;;  j               2    4[COMMON] int 
   757 ;;  i               2    2[COMMON] int 
   758 ;; Return value:  Size  Location     Type
   759 ;;                  1    wreg      void 
   760 ;; Registers used:
   761 ;;		wreg, status,2, btemp+1
   762 ;; Tracked objects:
   763 ;;		On entry : 0/0
   764 ;;		On exit  : 0/0
   765 ;;		Unchanged: 0/0
   766 ;; Data sizes:     COMMON   BANK0   BANK1   BANK3   BANK2
   767 ;;      Params:         2       0       0       0       0
   768 ;;      Locals:         4       0       0       0       0
   769 ;;      Temps:          0       0       0       0       0
   770 ;;      Totals:         6       0       0       0       0
   771 ;;Total ram usage:        6 bytes
   772 ;; Hardware stack levels used:    1
   773 ;; This function calls:
   774 ;;		Nothing
   775 ;; This function is called by:
   776 ;;		_lcd_lat
   777 ;; This function uses a non-reentrant model
   778 ;;
   779                           
   780                           
   781                           ;psect for function _delay
   782  07CD                     _delay:	
   783                           
   784                           ;Carnalito.c: 98: int i,j;
   785                           ;Carnalito.c: 99: for(i=0;i<=ms;i++)
   786                           
   787                           ;incstack = 0
   788                           ; Regs used in _delay: [wreg+status,2+btemp+1]
   789  07CD  01F2               	clrf	delay@i
   790  07CE  01F3               	clrf	delay@i+1
   791  07CF                     l46:	
   792  07CF  0873               	movf	delay@i+1,w
   793  07D0  0271               	subwf	delay@ms+1,w
   794  07D1  1D03               	skipz
   795  07D2  2FD5               	goto	u95
   796  07D3  0872               	movf	delay@i,w
   797  07D4  0270               	subwf	delay@ms,w
   798  07D5                     u95:	
   799  07D5  1C03               	btfss	3,0
   800  07D6  0008               	return
   801                           
   802                           ;Carnalito.c: 100: for(j=0;j<=120;j++);
   803  07D7  01F4               	clrf	delay@j
   804  07D8  01F5               	clrf	delay@j+1
   805  07D9  0875               	movf	delay@j+1,w
   806  07DA  3A80               	xorlw	128
   807  07DB  00FF               	movwf	127
   808  07DC  3080               	movlw	128
   809  07DD  027F               	subwf	127,w
   810  07DE  1D03               	skipz
   811  07DF  2FE2               	goto	u75
   812  07E0  3079               	movlw	121
   813  07E1  0274               	subwf	delay@j,w
   814  07E2                     u75:	
   815  07E2  1803               	btfsc	3,0
   816  07E3  2FF5               	goto	l594
   817  07E4                     l590:	
   818  07E4  3001               	movlw	1
   819  07E5  07F4               	addwf	delay@j,f
   820  07E6  1803               	skipnc
   821  07E7  0AF5               	incf	delay@j+1,f
   822  07E8  3000               	movlw	0
   823  07E9  07F5               	addwf	delay@j+1,f
   824  07EA  0875               	movf	delay@j+1,w
   825  07EB  3A80               	xorlw	128
   826  07EC  00FF               	movwf	127
   827  07ED  3080               	movlw	128
   828  07EE  027F               	subwf	127,w
   829  07EF  1D03               	skipz
   830  07F0  2FF3               	goto	u85
   831  07F1  3079               	movlw	121
   832  07F2  0274               	subwf	delay@j,w
   833  07F3                     u85:	
   834  07F3  1C03               	skipc
   835  07F4  2FE4               	goto	l590
   836  07F5                     l594:	
   837  07F5  3001               	movlw	1
   838  07F6  07F2               	addwf	delay@i,f
   839  07F7  1803               	skipnc
   840  07F8  0AF3               	incf	delay@i+1,f
   841  07F9  3000               	movlw	0
   842  07FA  07F3               	addwf	delay@i+1,f
   843  07FB  2FCF               	goto	l46
   844  07FC                     __end_of_delay:	
   845  007E                     btemp	set	126	;btemp
   846  007E                     wtemp0	set	126


Data Sizes:
    Strings     13
    Constant    0
    Data        0
    BSS         0
    Persistent  0
    Stack       0

Auto Spaces:
    Space          Size  Autos    Used
    COMMON           14     11      11
    BANK0            80      0       0
    BANK1            80      0       0
    BANK3            96      0       0
    BANK2            96      0       0

Pointer List with Targets:

    lcd_msg@c	PTR unsigned char  size(1) Largest target is 13
		 -> STR_1(CODE[13]), 


Critical Paths under _main in COMMON

    _main->_lcd_msg
    _lcd_msg->_lcd_dwr
    _lcd_init->_lcd_cmd
    _lcd_lat->_delay

Critical Paths under _main in BANK0

    None.

Critical Paths under _main in BANK1

    None.

Critical Paths under _main in BANK3

    None.

Critical Paths under _main in BANK2

    None.

Call Graph Tables:

 ---------------------------------------------------------------------------------
 (Depth) Function   	        Calls       Base Space   Used Autos Params    Refs
 ---------------------------------------------------------------------------------
 (0) _main                                                 0     0      0     806
                            _lcd_cmd
                           _lcd_init
                            _lcd_msg
 ---------------------------------------------------------------------------------
 (1) _lcd_msg                                              2     2      0     261
                                              9 COMMON     2     2      0
                            _lcd_dwr
 ---------------------------------------------------------------------------------
 (2) _lcd_dwr                                              3     3      0     189
                                              6 COMMON     3     3      0
                            _lcd_lat
 ---------------------------------------------------------------------------------
 (1) _lcd_init                                             0     0      0     356
                            _lcd_cmd
                         _lcd_cmd_hf
 ---------------------------------------------------------------------------------
 (2) _lcd_cmd_hf                                           2     2      0     167
                                              6 COMMON     2     2      0
                            _lcd_lat
 ---------------------------------------------------------------------------------
 (2) _lcd_cmd                                              3     3      0     189
                                              6 COMMON     3     3      0
                            _lcd_lat
 ---------------------------------------------------------------------------------
 (3) _lcd_lat                                              0     0      0     145
                              _delay
 ---------------------------------------------------------------------------------
 (4) _delay                                                6     4      2     145
                                              0 COMMON     6     4      2
 ---------------------------------------------------------------------------------
 Estimated maximum stack depth 4
 ---------------------------------------------------------------------------------

 Call Graph Graphs:

 _main (ROOT)
   _lcd_cmd
     _lcd_lat
       _delay
   _lcd_init
     _lcd_cmd
       _lcd_lat
         _delay
     _lcd_cmd_hf
       _lcd_lat
         _delay
   _lcd_msg
     _lcd_dwr
       _lcd_lat
         _delay

 Address spaces:
Name               Size   Autos  Total    Cost      Usage
BITCOMMON            E      0       0       0        0.0%
EEDATA             100      0       0       0        0.0%
NULL                 0      0       0       0        0.0%
CODE                 0      0       0       0        0.0%
COMMON               E      B       B       1       78.6%
BITSFR0              0      0       0       1        0.0%
SFR0                 0      0       0       1        0.0%
BITSFR1              0      0       0       2        0.0%
SFR1                 0      0       0       2        0.0%
STACK                0      0       0       2        0.0%
ABS                  0      0       0       3        0.0%
BITBANK0            50      0       0       4        0.0%
BITSFR3              0      0       0       4        0.0%
SFR3                 0      0       0       4        0.0%
BANK0               50      0       0       5        0.0%
BITSFR2              0      0       0       5        0.0%
SFR2                 0      0       0       5        0.0%
BITBANK1            50      0       0       6        0.0%
BANK1               50      0       0       7        0.0%
BITBANK3            60      0       0       8        0.0%
BANK3               60      0       0       9        0.0%
BITBANK2            60      0       0      10        0.0%
BANK2               60      0       0      11        0.0%
DATA                 0      0       0      12        0.0%


Microchip Technology PIC Macro Assembler V1.44 build -154322312 
Symbol Table                                                                                   Mon Mar 26 13:36:29 2018

                      pc 0002              lcd_cmd_hf@x 0077              __CFG_CP$OFF 0000  
                     l22 0733                       l19 0732                       l46 07CF  
                     u75 07E2                       u85 07F3                       u95 07D5  
                     fsr 0004                      l640 0735                      l590 07E4  
                    l594 07F5                      u105 0795                      u115 07BF  
           __CFG_CPD$OFF 0000                      fsr0 0004             __CFG_FOSC$XT 0000  
           __CFG_LVP$OFF 0000                     STR_1 0009             __CFG_WRT$OFF 0000  
                   _main 071E                     btemp 007E                     start 0000  
                  ?_main 0070            __CFG_WDTE$OFF 0000                    _PORTB 0006  
                  _TRISB 0086            __CFG_PWRTE$ON 0000          __end_of_lcd_cmd 07A3  
        __end_of_lcd_lat 070D          __end_of_lcd_dwr 07CD          __end_of_lcd_msg 0750  
                  _delay 07CD           __CFG_BOREN$OFF 0000                    pclath 000A  
                  status 0003                    wtemp0 007E          __initialization 07FC  
           __end_of_main 0734                   ??_main 007B                   ?_delay 0070  
       __end_of_lcd_init 0779                   delay@i 0072                   delay@j 0074  
              ??_lcd_cmd 0076                ??_lcd_lat 0076                ??_lcd_dwr 0076  
              ??_lcd_msg 0079  __end_of__initialization 07FC           __pcstackCOMMON 0070  
          __end_of_delay 07FC                  ??_delay 0072               __pmaintext 071E  
             _lcd_cmd_hf 070D                ?_lcd_init 0070               __stringtab 0003  
                __ptext1 0734                  __ptext2 07A3                  __ptext3 0750  
                __ptext4 070D                  __ptext5 0779                  __ptext6 06FF  
                __ptext7 07CD                  _lcd_cmd 0779                  _lcd_lat 06FF  
                _lcd_dwr 07A3                  _lcd_msg 0734                  delay@ms 0070  
             ??_lcd_init 0079     end_of_initialization 07FC                _PORTBbits 0006  
            ?_lcd_cmd_hf 0070      start_initialization 07FC      __size_of_lcd_cmd_hf 0011  
              ___latbits 0002        __size_of_lcd_init 0029                __pstrings 0003  
               ?_lcd_cmd 0070                 ?_lcd_lat 0070                 ?_lcd_dwr 0070  
               ?_lcd_msg 0070           __size_of_delay 002F              __stringbase 0008  
           ??_lcd_cmd_hf 0076       __end_of_lcd_cmd_hf 071E       __end_of__stringtab 0009  
       __size_of_lcd_cmd 002A         __size_of_lcd_lat 000E         __size_of_lcd_dwr 002A  
       __size_of_lcd_msg 001C                 _lcd_init 0750            __size_of_main 0016  
               lcd_cmd@x 0078                 lcd_dwr@x 0078                 lcd_msg@c 007A  
              stringcode 0003                 stringdir 0003                 stringtab 0003  
