

Microchip Technology PIC18 LITE Macro Assembler V1.44 build -154322312 
                                                                                               Tue Jan  9 05:52:01 2018

Microchip Technology Omniscient Code Generator v1.44 (Free mode) build 201709140600
     1                           	processor	18F4550
     2                           	fnconf	rparam,??,?,0
     3                           	opt	pw 120
     4                           	opt	lm
     5                           	psect	cinit,global,reloc=2,class=CODE,delta=1
     6                           	psect	cstackCOMRAM,global,class=COMRAM,space=1,delta=1,noexec
     7                           	psect	text0,global,reloc=2,class=CODE,delta=1
     8                           	psect	intsave_regs,global,class=BIGRAM,space=1,delta=1,noexec
     9                           	psect	rparam,global,class=COMRAM,space=1,delta=1,noexec
    10  0000                     
    11                           ; Version 1.44
    12                           ; Generated 14/09/2017 GMT
    13                           ; 
    14                           ; Copyright © 2017, Microchip Technology Inc. and its subsidiaries ("Microchip")
    15                           ; All rights reserved.
    16                           ; 
    17                           ; This software is developed by Microchip Technology Inc. and its subsidiaries ("Microch
      +                          ip").
    18                           ; 
    19                           ; Redistribution and use in source and binary forms, with or without modification, are
    20                           ; permitted provided that the following conditions are met:
    21                           ; 
    22                           ;     1. Redistributions of source code must retain the above copyright notice, this lis
      +                          t of
    23                           ;        conditions and the following disclaimer.
    24                           ; 
    25                           ;     2. Redistributions in binary form must reproduce the above copyright notice, this 
      +                          list
    26                           ;        of conditions and the following disclaimer in the documentation and/or other
    27                           ;        materials provided with the distribution.
    28                           ; 
    29                           ;     3. Microchip's name may not be used to endorse or promote products derived from th
      +                          is
    30                           ;        software without specific prior written permission.
    31                           ; 
    32                           ; THIS SOFTWARE IS PROVIDED BY MICROCHIP "AS IS" AND ANY EXPRESS OR IMPLIED WARRANTIES,
    33                           ; INCLUDING, BUT NOT LIMITED TO, THE IMPLIED WARRANTIES OF MERCHANTABILITY AND FITNESS F
      +                          OR
    34                           ; PURPOSE ARE DISCLAIMED.  IN NO EVENT SHALL MICROCHIP BE LIABLE FOR ANY DIRECT, INDIREC
      +                          T,
    35                           ; INCIDENTAL, SPECIAL, EXEMPLARY, OR CONSEQUENTIAL DAMAGES (INCLUDING BUT NOT LIMITED TO
    36                           ; PROCUREMENT OF SUBSTITUTE GOODS OR SERVICES; LOSS OF USE, DATA OR PROFITS; OR BUSINESS
    37                           ; INTERRUPTION) HOWSOEVER CAUSED AND ON ANY THEORY OF LIABILITY, WHETHER IN CONTRACT, ST
      +                          RICT
    38                           ; LIABILITY, OR TORT (INCLUDING NEGLIGENCE OR OTHERWISE) ARISING IN ANY WAY OUT OF THE U
      +                          SE OF
    39                           ; THIS SOFTWARE, EVEN IF ADVISED OF THE POSSIBILITY OF SUCH DAMAGE.
    40                           ; 
    41                           ; 
    42                           ; Code-generator required, PIC18F4550 Definitions
    43                           ; 
    44                           ; SFR Addresses
    45  0000                     _INTCON2bits	set	4081
    46  0000                     _PORTEbits	set	3972
    47  0000                     _LATD	set	3980
    48                           
    49                           ; #config settings
    50  0000                     
    51                           	psect	cinit
    52  007FEE                     __pcinit:
    53                           	opt stack 0
    54  007FEE                     start_initialization:
    55                           	opt stack 0
    56  007FEE                     __initialization:
    57                           	opt stack 0
    58  007FEE                     end_of_initialization:
    59                           	opt stack 0
    60  007FEE                     __end_of__initialization:
    61                           	opt stack 0
    62  007FEE  0100               	movlb	0
    63  007FF0  EFFA  F03F         	goto	_main	;jump to C main() function
    64                           
    65                           	psect	cstackCOMRAM
    66  000000                     __pcstackCOMRAM:
    67                           	opt stack 0
    68  000000                     
    69                           ; 1 bytes @ 0x0
    70 ;;
    71 ;;Main: autosize = 0, tempsize = 0, incstack = 0, save=0
    72 ;;
    73 ;; *************** function _main *****************
    74 ;; Defined at:
    75 ;;		line 36 in file "Hola_5.c"
    76 ;; Parameters:    Size  Location     Type
    77 ;;		None
    78 ;; Auto vars:     Size  Location     Type
    79 ;;		None
    80 ;; Return value:  Size  Location     Type
    81 ;;                  1    wreg      void 
    82 ;; Registers used:
    83 ;;		wreg, status,2
    84 ;; Tracked objects:
    85 ;;		On entry : 0/0
    86 ;;		On exit  : 0/0
    87 ;;		Unchanged: 0/0
    88 ;; Data sizes:     COMRAM   BANK0   BANK1   BANK2   BANK3   BANK4   BANK5   BANK6   BANK7
    89 ;;      Params:         0       0       0       0       0       0       0       0       0
    90 ;;      Locals:         0       0       0       0       0       0       0       0       0
    91 ;;      Temps:          0       0       0       0       0       0       0       0       0
    92 ;;      Totals:         0       0       0       0       0       0       0       0       0
    93 ;;Total ram usage:        0 bytes
    94 ;; This function calls:
    95 ;;		Nothing
    96 ;; This function is called by:
    97 ;;		Startup code after reset
    98 ;; This function uses a non-reentrant model
    99 ;;
   100                           
   101                           	psect	text0
   102  007FF4                     __ptext0:
   103                           	opt stack 0
   104  007FF4                     _main:
   105                           	opt stack 31
   106                           
   107                           ;Hola_5.c: 38: LATD = 0x0;
   108                           
   109                           ;incstack = 0
   110  007FF4  0E00               	movlw	0
   111  007FF6  6E8C               	movwf	3980,c	;volatile
   112                           
   113                           ;Hola_5.c: 43: PORTEbits.RDPU = 1;
   114  007FF8  8E84               	bsf	3972,7,c	;volatile
   115                           
   116                           ;Hola_5.c: 46: INTCON2bits.RBPU = 0;
   117  007FFA  9EF1               	bcf	intcon2,7,c	;volatile
   118                           
   119                           ;Hola_5.c: 48: return;
   120  007FFC  EF00  F000         	goto	start
   121  008000                     __end_of_main:
   122                           	opt stack 0
   123  0000                     intcon2	equ	0xFF1
   124                           intcon2	equ	0xFF1
   125                           
   126                           	psect	rparam
   127  0000                     intcon2	equ	0xFF1


Data Sizes:
    Strings     0
    Constant    0
    Data        0
    BSS         0
    Persistent  0
    Stack       0

Auto Spaces:
    Space          Size  Autos    Used
    COMRAM           95      0       0
    BANK0           160      0       0
    BANK1           256      0       0
    BANK2           256      0       0
    BANK3           256      0       0
    BANK4           256      0       0
    BANK5           256      0       0
    BANK6           256      0       0
    BANK7           256      0       0

Pointer List with Targets:

    None.

Critical Paths under _main in COMRAM

    None.

Critical Paths under _main in BANK0

    None.

Critical Paths under _main in BANK1

    None.

Critical Paths under _main in BANK2

    None.

Critical Paths under _main in BANK3

    None.

Critical Paths under _main in BANK4

    None.

Critical Paths under _main in BANK5

    None.

Critical Paths under _main in BANK6

    None.

Critical Paths under _main in BANK7

    None.

Call Graph Tables:

 ---------------------------------------------------------------------------------
 (Depth) Function   	        Calls       Base Space   Used Autos Params    Refs
 ---------------------------------------------------------------------------------
 (0) _main                                                 0     0      0       0
 ---------------------------------------------------------------------------------
 Estimated maximum stack depth 0
 ---------------------------------------------------------------------------------

 Call Graph Graphs:

 _main (ROOT)

 Address spaces:
Name               Size   Autos  Total    Cost      Usage
BITCOMRAM           5F      0       0       0        0.0%
EEDATA             100      0       0       0        0.0%
NULL                 0      0       0       0        0.0%
CODE                 0      0       0       0        0.0%
COMRAM              5F      0       0       1        0.0%
STACK                0      0       0       2        0.0%
DATA                 0      0       0       3        0.0%
BITBANK0            A0      0       0       4        0.0%
BANK0               A0      0       0       5        0.0%
BITBANK1           100      0       0       6        0.0%
BANK1              100      0       0       7        0.0%
BITBANK2           100      0       0       8        0.0%
BANK2              100      0       0       9        0.0%
BITBANK3           100      0       0      10        0.0%
BANK3              100      0       0      11        0.0%
BITBANK4           100      0       0      12        0.0%
BANK4              100      0       0      13        0.0%
BITBANK5           100      0       0      14        0.0%
BANK5              100      0       0      15        0.0%
BITBANK6           100      0       0      16        0.0%
BANK6              100      0       0      17        0.0%
BITBANK7           100      0       0      18        0.0%
BANK7              100      0       0      19        0.0%
ABS                  0      0       0      20        0.0%
BIGRAM             7FF      0       0      21        0.0%
BITSFR               0      0       0     200        0.0%
SFR                  0      0       0     200        0.0%


Microchip Technology PIC18 Macro Assembler V1.44 build -154322312 
Symbol Table                                                                                   Tue Jan  9 05:52:01 2018

            __CFG_BORV$3 000000             __CFG_CP0$OFF 000000             __CFG_CP1$OFF 000000  
           __CFG_CP2$OFF 000000             __CFG_CP3$OFF 000000             __CFG_CPB$OFF 000000  
           __CFG_CPD$OFF 000000             __CFG_BOR$OFF 000000             __CFG_FOSC$HS 000000  
           __CFG_LVP$OFF 000000             __CFG_WDT$OFF 000000                     _LATD 000F8C  
           __CFG_PWRT$ON 000000                     _main 7FF4                     start 0000  
          __CFG_IESO$OFF 000000            __CFG_MCLRE$ON 000000             ___param_bank 000000  
          __CFG_PLLDIV$2 000000                    ?_main 0000            __CFG_USBDIV$1 000000  
          __CFG_WRT0$OFF 000000            __CFG_WRT1$OFF 000000            __CFG_WRT2$OFF 000000  
          __CFG_WRT3$OFF 000000           __CFG_EBTR0$OFF 000000           __CFG_FCMEN$OFF 000000  
         __CFG_EBTR1$OFF 000000           __CFG_EBTR2$OFF 000000           __CFG_EBTR3$OFF 000000  
          __CFG_WRTB$OFF 000000            __CFG_WRTC$OFF 000000            __CFG_WRTD$OFF 000000  
         __CFG_EBTRB$OFF 000000           __CFG_ICPRT$OFF 000000          __initialization 7FEE  
           __end_of_main 8000                   ??_main 0000            __activetblptr 000000  
        __CFG_CCP2MX$OFF 000000           __CFG_XINST$OFF 000000           __CFG_STVREN$ON 000000  
             __accesstop 0060  __end_of__initialization 7FEE          __CFG_PBADEN$OFF 000000  
          ___rparam_used 000001           __pcstackCOMRAM 0000          __CFG_VREGEN$OFF 000000  
                __Hparam 0000                  __Lparam 0000                  __pcinit 7FEE  
                __ramtop 0800                  __ptext0 7FF4     end_of_initialization 7FEE  
              _PORTEbits 000F84      start_initialization 7FEE         __CFG_LPT1OSC$OFF 000000  
       __CFG_WDTPS$32768 000000              _INTCON2bits 000FF1                 __Hrparam 0000  
               __Lrparam 0000            __size_of_main 000C    __CFG_CPUDIV$OSC1_PLL2 000000  
