

Microchip Technology PIC18 LITE Macro Assembler V1.44 build -154322312 
                                                                                               Wed Jan  3 01:05:44 2018

Microchip Technology Omniscient Code Generator v1.44 (Free mode) build 201709140600
     1                           	processor	18F4550
     2                           	fnconf	rparam,??,?,0
     3                           	opt	pw 120
     4                           	opt	lm
     5                           	psect	cinit,global,reloc=2,class=CODE,delta=1
     6                           	psect	cstackCOMRAM,global,class=COMRAM,space=1,delta=1,noexec
     7                           	psect	text0,global,reloc=2,class=CODE,delta=1
     8                           	psect	intcodelo,global,reloc=2,class=CODE,delta=1
     9                           	psect	intcode,global,reloc=2,class=CODE,delta=1
    10                           	psect	intcode_body,global,reloc=2,class=CODE,delta=1
    11                           	psect	intsave_regs,global,class=BIGRAM,space=1,delta=1,noexec
    12                           	psect	rparam,global,class=COMRAM,space=1,delta=1,noexec
    13                           	psect	temp,global,ovrld,common,class=COMRAM,space=1,delta=1
    14  0000                     
    15                           ; Version 1.44
    16                           ; Generated 14/09/2017 GMT
    17                           ; 
    18                           ; Copyright © 2017, Microchip Technology Inc. and its subsidiaries ("Microchip")
    19                           ; All rights reserved.
    20                           ; 
    21                           ; This software is developed by Microchip Technology Inc. and its subsidiaries ("Microch
      +                          ip").
    22                           ; 
    23                           ; Redistribution and use in source and binary forms, with or without modification, are
    24                           ; permitted provided that the following conditions are met:
    25                           ; 
    26                           ;     1. Redistributions of source code must retain the above copyright notice, this lis
      +                          t of
    27                           ;        conditions and the following disclaimer.
    28                           ; 
    29                           ;     2. Redistributions in binary form must reproduce the above copyright notice, this 
      +                          list
    30                           ;        of conditions and the following disclaimer in the documentation and/or other
    31                           ;        materials provided with the distribution.
    32                           ; 
    33                           ;     3. Microchip's name may not be used to endorse or promote products derived from th
      +                          is
    34                           ;        software without specific prior written permission.
    35                           ; 
    36                           ; THIS SOFTWARE IS PROVIDED BY MICROCHIP "AS IS" AND ANY EXPRESS OR IMPLIED WARRANTIES,
    37                           ; INCLUDING, BUT NOT LIMITED TO, THE IMPLIED WARRANTIES OF MERCHANTABILITY AND FITNESS F
      +                          OR
    38                           ; PURPOSE ARE DISCLAIMED.  IN NO EVENT SHALL MICROCHIP BE LIABLE FOR ANY DIRECT, INDIREC
      +                          T,
    39                           ; INCIDENTAL, SPECIAL, EXEMPLARY, OR CONSEQUENTIAL DAMAGES (INCLUDING BUT NOT LIMITED TO
    40                           ; PROCUREMENT OF SUBSTITUTE GOODS OR SERVICES; LOSS OF USE, DATA OR PROFITS; OR BUSINESS
    41                           ; INTERRUPTION) HOWSOEVER CAUSED AND ON ANY THEORY OF LIABILITY, WHETHER IN CONTRACT, ST
      +                          RICT
    42                           ; LIABILITY, OR TORT (INCLUDING NEGLIGENCE OR OTHERWISE) ARISING IN ANY WAY OUT OF THE U
      +                          SE OF
    43                           ; THIS SOFTWARE, EVEN IF ADVISED OF THE POSSIBILITY OF SUCH DAMAGE.
    44                           ; 
    45                           ; 
    46                           ; Code-generator required, PIC18F4550 Definitions
    47                           ; 
    48                           ; SFR Addresses
    49  0000                     _LATAbits	set	3977
    50  0000                     _TRISB	set	3987
    51  0000                     _TRISAbits	set	3986
    52                           
    53                           ; #config settings
    54                           
    55                           	psect	cinit
    56  000D86                     __pcinit:
    57                           	opt stack 0
    58  000D86                     start_initialization:
    59                           	opt stack 0
    60  000D86                     __initialization:
    61                           	opt stack 0
    62  000D86                     end_of_initialization:
    63                           	opt stack 0
    64  000D86                     __end_of__initialization:
    65                           	opt stack 0
    66  000D86  902A               	bcf	int$flags,0,c	;clear compiler interrupt flag (level 1)
    67  000D88  922A               	bcf	int$flags,1,c	;clear compiler interrupt flag (level 2)
    68  000D8A  0100               	movlb	0
    69  000D8C  EFB0  F006         	goto	_main	;jump to C main() function
    70                           
    71                           	psect	cstackCOMRAM
    72  000001                     __pcstackCOMRAM:
    73                           	opt stack 0
    74  000001                     ??_high_ISR:
    75  000001                     
    76                           ; 1 bytes @ 0x0
    77  000001                     	ds	18
    78  000013                     ??_LowIsr:
    79                           
    80                           ; 1 bytes @ 0x12
    81  000013                     	ds	21
    82  000028                     ??_main:
    83                           
    84                           ; 1 bytes @ 0x27
    85  000028                     	ds	2
    86                           
    87 ;;
    88 ;;Main: autosize = 0, tempsize = 2, incstack = 0, save=0
    89 ;;
    90 ;; *************** function _main *****************
    91 ;; Defined at:
    92 ;;		line 26 in file "newmain.c"
    93 ;; Parameters:    Size  Location     Type
    94 ;;		None
    95 ;; Auto vars:     Size  Location     Type
    96 ;;		None
    97 ;; Return value:  Size  Location     Type
    98 ;;                  1    wreg      void 
    99 ;; Registers used:
   100 ;;		wreg, status,2
   101 ;; Tracked objects:
   102 ;;		On entry : 0/0
   103 ;;		On exit  : 0/0
   104 ;;		Unchanged: 0/0
   105 ;; Data sizes:     COMRAM   BANK0   BANK1   BANK2   BANK3   BANK4   BANK5   BANK6   BANK7
   106 ;;      Params:         0       0       0       0       0       0       0       0       0
   107 ;;      Locals:         0       0       0       0       0       0       0       0       0
   108 ;;      Temps:          2       0       0       0       0       0       0       0       0
   109 ;;      Totals:         2       0       0       0       0       0       0       0       0
   110 ;;Total ram usage:        2 bytes
   111 ;; Hardware stack levels required when called:    2
   112 ;; This function calls:
   113 ;;		Nothing
   114 ;; This function is called by:
   115 ;;		Startup code after reset
   116 ;; This function uses a non-reentrant model
   117 ;;
   118                           
   119                           	psect	text0
   120  000D60                     __ptext0:
   121                           	opt stack 0
   122  000D60                     _main:
   123                           	opt stack 29
   124                           
   125                           ;newmain.c: 28: TRISAbits.TRISA4 = 0;
   126                           
   127                           ;incstack = 0
   128  000D60  9892               	bcf	3986,4,c	;volatile
   129                           
   130                           ;newmain.c: 30: TRISB =0x00;
   131  000D62  0E00               	movlw	0
   132  000D64  6E93               	movwf	3987,c	;volatile
   133  000D66                     
   134                           ;newmain.c: 32: LATAbits.LATA4 = 1;
   135  000D66  8889               	bsf	3977,4,c	;volatile
   136                           
   137                           ;newmain.c: 33: _delay((unsigned long)((500)*(20000000/4000.0)));
   138  000D68  0E0D               	movlw	13
   139  000D6A  6E29               	movwf	(??_main+1)& (0+255),c
   140  000D6C  0EAF               	movlw	175
   141  000D6E  6E28               	movwf	??_main& (0+255),c
   142  000D70  0EB6               	movlw	182
   143  000D72                     u17:
   144  000D72  2EE8               	decfsz	wreg,f,c
   145  000D74  D7FE               	bra	u17
   146  000D76  2E28               	decfsz	??_main& (0+255),f,c
   147  000D78  D7FC               	bra	u17
   148  000D7A  2E29               	decfsz	(??_main+1)& (0+255),f,c
   149  000D7C  D7FA               	bra	u17
   150  000D7E  D000               	nop2	
   151                           
   152                           ;newmain.c: 34: LATAbits.LATA4 = 0;}
   153  000D80  9889               	bcf	3977,4,c	;volatile
   154  000D82  D7F1               	goto	l23
   155  000D84  00FF               	reset		;# 
   156  000D86                     __end_of_main:
   157                           	opt stack 0
   158                           wreg	equ	0xFE8
   159                           
   160 ;; *************** function _LowIsr *****************
   161 ;; Defined at:
   162 ;;		line 16 in file "newmain.c"
   163 ;; Parameters:    Size  Location     Type
   164 ;;		None
   165 ;; Auto vars:     Size  Location     Type
   166 ;;		None
   167 ;; Return value:  Size  Location     Type
   168 ;;                  1    wreg      void 
   169 ;; Registers used:
   170 ;;		None
   171 ;; Tracked objects:
   172 ;;		On entry : 0/0
   173 ;;		On exit  : 0/0
   174 ;;		Unchanged: 0/0
   175 ;; Data sizes:     COMRAM   BANK0   BANK1   BANK2   BANK3   BANK4   BANK5   BANK6   BANK7
   176 ;;      Params:         0       0       0       0       0       0       0       0       0
   177 ;;      Locals:         0       0       0       0       0       0       0       0       0
   178 ;;      Temps:         21       0       0       0       0       0       0       0       0
   179 ;;      Totals:        21       0       0       0       0       0       0       0       0
   180 ;;Total ram usage:       21 bytes
   181 ;; Hardware stack levels used:    1
   182 ;; Hardware stack levels required when called:    1
   183 ;; This function calls:
   184 ;;		Nothing
   185 ;; This function is called by:
   186 ;;		Interrupt level 1
   187 ;; This function uses a non-reentrant model
   188 ;;
   189                           
   190                           	psect	intcodelo
   191  000C18                     __pintcodelo:
   192                           	opt stack 0
   193  000C18                     _LowIsr:
   194                           	opt stack 29
   195                           
   196                           ;incstack = 0
   197  000C18  802A               	bsf	btemp,0,c	;set compiler interrupt flag (level 1)
   198  000C1A  CFD8 F013          	movff	status,??_LowIsr
   199  000C1E  CFE8 F014          	movff	wreg,??_LowIsr+1
   200  000C22  CFE0 F015          	movff	bsr,??_LowIsr+2
   201  000C26  CFFA F016          	movff	pclath,??_LowIsr+3
   202  000C2A  CFFB F017          	movff	pclatu,??_LowIsr+4
   203  000C2E  CFE9 F018          	movff	fsr0l,??_LowIsr+5
   204  000C32  CFEA F019          	movff	fsr0h,??_LowIsr+6
   205  000C36  CFE1 F01A          	movff	fsr1l,??_LowIsr+7
   206  000C3A  CFE2 F01B          	movff	fsr1h,??_LowIsr+8
   207  000C3E  CFD9 F01C          	movff	fsr2l,??_LowIsr+9
   208  000C42  CFDA F01D          	movff	fsr2h,??_LowIsr+10
   209  000C46  CFF3 F01E          	movff	prodl,??_LowIsr+11
   210  000C4A  CFF4 F01F          	movff	prodh,??_LowIsr+12
   211  000C4E  CFF6 F020          	movff	tblptrl,??_LowIsr+13
   212  000C52  CFF7 F021          	movff	tblptrh,??_LowIsr+14
   213  000C56  CFF8 F022          	movff	tblptru,??_LowIsr+15
   214  000C5A  CFF5 F023          	movff	tablat,??_LowIsr+16
   215  000C5E  C02A  F024         	movff	btemp,??_LowIsr+17
   216  000C62  C02B  F025         	movff	btemp+1,??_LowIsr+18
   217  000C66  C02C  F026         	movff	btemp+2,??_LowIsr+19
   218  000C6A  C02D  F027         	movff	btemp+3,??_LowIsr+20
   219  000C6E  C027  F02D         	movff	??_LowIsr+20,btemp+3
   220  000C72  C026  F02C         	movff	??_LowIsr+19,btemp+2
   221  000C76  C025  F02B         	movff	??_LowIsr+18,btemp+1
   222  000C7A  C024  F02A         	movff	??_LowIsr+17,btemp
   223  000C7E  C023  FFF5         	movff	??_LowIsr+16,tablat
   224  000C82  C022  FFF8         	movff	??_LowIsr+15,tblptru
   225  000C86  C021  FFF7         	movff	??_LowIsr+14,tblptrh
   226  000C8A  C020  FFF6         	movff	??_LowIsr+13,tblptrl
   227  000C8E  C01F  FFF4         	movff	??_LowIsr+12,prodh
   228  000C92  C01E  FFF3         	movff	??_LowIsr+11,prodl
   229  000C96  C01D  FFDA         	movff	??_LowIsr+10,fsr2h
   230  000C9A  C01C  FFD9         	movff	??_LowIsr+9,fsr2l
   231  000C9E  C01B  FFE2         	movff	??_LowIsr+8,fsr1h
   232  000CA2  C01A  FFE1         	movff	??_LowIsr+7,fsr1l
   233  000CA6  C019  FFEA         	movff	??_LowIsr+6,fsr0h
   234  000CAA  C018  FFE9         	movff	??_LowIsr+5,fsr0l
   235  000CAE  C017  FFFB         	movff	??_LowIsr+4,pclatu
   236  000CB2  C016  FFFA         	movff	??_LowIsr+3,pclath
   237  000CB6  C015  FFE0         	movff	??_LowIsr+2,bsr
   238  000CBA  C014  FFE8         	movff	??_LowIsr+1,wreg
   239  000CBE  C013  FFD8         	movff	??_LowIsr,status
   240  000CC2  902A               	bcf	btemp,0,c	;clear compiler interrupt flag (level 1)
   241  000CC4  0010               	retfie	
   242  000CC6                     __end_of_LowIsr:
   243                           	opt stack 0
   244                           pclatu	equ	0xFFB
   245                           pclath	equ	0xFFA
   246                           tblptru	equ	0xFF8
   247                           tblptrh	equ	0xFF7
   248                           tblptrl	equ	0xFF6
   249                           tablat	equ	0xFF5
   250                           prodh	equ	0xFF4
   251                           prodl	equ	0xFF3
   252                           fsr0h	equ	0xFEA
   253                           fsr0l	equ	0xFE9
   254                           wreg	equ	0xFE8
   255                           fsr1h	equ	0xFE2
   256                           fsr1l	equ	0xFE1
   257                           bsr	equ	0xFE0
   258                           fsr2h	equ	0xFDA
   259                           fsr2l	equ	0xFD9
   260                           status	equ	0xFD8
   261                           
   262 ;; *************** function _high_ISR *****************
   263 ;; Defined at:
   264 ;;		line 10 in file "newmain.c"
   265 ;; Parameters:    Size  Location     Type
   266 ;;		None
   267 ;; Auto vars:     Size  Location     Type
   268 ;;		None
   269 ;; Return value:  Size  Location     Type
   270 ;;                  1    wreg      void 
   271 ;; Registers used:
   272 ;;		None
   273 ;; Tracked objects:
   274 ;;		On entry : 0/0
   275 ;;		On exit  : 0/0
   276 ;;		Unchanged: 0/0
   277 ;; Data sizes:     COMRAM   BANK0   BANK1   BANK2   BANK3   BANK4   BANK5   BANK6   BANK7
   278 ;;      Params:         0       0       0       0       0       0       0       0       0
   279 ;;      Locals:         0       0       0       0       0       0       0       0       0
   280 ;;      Temps:         18       0       0       0       0       0       0       0       0
   281 ;;      Totals:        18       0       0       0       0       0       0       0       0
   282 ;;Total ram usage:       18 bytes
   283 ;; Hardware stack levels used:    1
   284 ;; This function calls:
   285 ;;		Nothing
   286 ;; This function is called by:
   287 ;;		Interrupt level 2
   288 ;; This function uses a non-reentrant model
   289 ;;
   290                           
   291                           	psect	intcode
   292  000C08                     __pintcode:
   293                           	opt stack 0
   294  000C08                     _high_ISR:
   295                           	opt stack 29
   296                           
   297                           ;incstack = 0
   298  000C08  822A               	bsf	btemp,1,c	;set compiler interrupt flag (level 2)
   299  000C0A  ED65  F006         	call	int_func,f	;refresh shadow registers
   300                           pclatu	equ	0xFFB
   301                           pclath	equ	0xFFA
   302                           tblptru	equ	0xFF8
   303                           tblptrh	equ	0xFF7
   304                           tblptrl	equ	0xFF6
   305                           tablat	equ	0xFF5
   306                           prodh	equ	0xFF4
   307                           prodl	equ	0xFF3
   308                           fsr0h	equ	0xFEA
   309                           fsr0l	equ	0xFE9
   310                           wreg	equ	0xFE8
   311                           fsr1h	equ	0xFE2
   312                           fsr1l	equ	0xFE1
   313                           bsr	equ	0xFE0
   314                           fsr2h	equ	0xFDA
   315                           fsr2l	equ	0xFD9
   316                           status	equ	0xFD8
   317                           
   318                           	psect	intcode_body
   319  000CCA                     __pintcode_body:
   320                           	opt stack 29
   321  000CCA                     int_func:
   322                           	opt stack 29
   323  000CCA  0006               	pop		; remove dummy address from shadow register refresh
   324  000CCC  CFFA F001          	movff	pclath,??_high_ISR
   325  000CD0  CFFB F002          	movff	pclatu,??_high_ISR+1
   326  000CD4  CFE9 F003          	movff	fsr0l,??_high_ISR+2
   327  000CD8  CFEA F004          	movff	fsr0h,??_high_ISR+3
   328  000CDC  CFE1 F005          	movff	fsr1l,??_high_ISR+4
   329  000CE0  CFE2 F006          	movff	fsr1h,??_high_ISR+5
   330  000CE4  CFD9 F007          	movff	fsr2l,??_high_ISR+6
   331  000CE8  CFDA F008          	movff	fsr2h,??_high_ISR+7
   332  000CEC  CFF3 F009          	movff	prodl,??_high_ISR+8
   333  000CF0  CFF4 F00A          	movff	prodh,??_high_ISR+9
   334  000CF4  CFF6 F00B          	movff	tblptrl,??_high_ISR+10
   335  000CF8  CFF7 F00C          	movff	tblptrh,??_high_ISR+11
   336  000CFC  CFF8 F00D          	movff	tblptru,??_high_ISR+12
   337  000D00  CFF5 F00E          	movff	tablat,??_high_ISR+13
   338  000D04  C02A  F00F         	movff	btemp,??_high_ISR+14
   339  000D08  C02B  F010         	movff	btemp+1,??_high_ISR+15
   340  000D0C  C02C  F011         	movff	btemp+2,??_high_ISR+16
   341  000D10  C02D  F012         	movff	btemp+3,??_high_ISR+17
   342  000D14  C012  F02D         	movff	??_high_ISR+17,btemp+3
   343  000D18  C011  F02C         	movff	??_high_ISR+16,btemp+2
   344  000D1C  C010  F02B         	movff	??_high_ISR+15,btemp+1
   345  000D20  C00F  F02A         	movff	??_high_ISR+14,btemp
   346  000D24  C00E  FFF5         	movff	??_high_ISR+13,tablat
   347  000D28  C00D  FFF8         	movff	??_high_ISR+12,tblptru
   348  000D2C  C00C  FFF7         	movff	??_high_ISR+11,tblptrh
   349  000D30  C00B  FFF6         	movff	??_high_ISR+10,tblptrl
   350  000D34  C00A  FFF4         	movff	??_high_ISR+9,prodh
   351  000D38  C009  FFF3         	movff	??_high_ISR+8,prodl
   352  000D3C  C008  FFDA         	movff	??_high_ISR+7,fsr2h
   353  000D40  C007  FFD9         	movff	??_high_ISR+6,fsr2l
   354  000D44  C006  FFE2         	movff	??_high_ISR+5,fsr1h
   355  000D48  C005  FFE1         	movff	??_high_ISR+4,fsr1l
   356  000D4C  C004  FFEA         	movff	??_high_ISR+3,fsr0h
   357  000D50  C003  FFE9         	movff	??_high_ISR+2,fsr0l
   358  000D54  C002  FFFB         	movff	??_high_ISR+1,pclatu
   359  000D58  C001  FFFA         	movff	??_high_ISR,pclath
   360  000D5C  922A               	bcf	btemp,1,c	;clear compiler interrupt flag (level 2)
   361  000D5E  0011               	retfie		f
   362  000D60                     __end_of_high_ISR:
   363                           	opt stack 0
   364  0000                     pclatu	equ	0xFFB
   365                           pclath	equ	0xFFA
   366                           tblptru	equ	0xFF8
   367                           tblptrh	equ	0xFF7
   368                           tblptrl	equ	0xFF6
   369                           tablat	equ	0xFF5
   370                           prodh	equ	0xFF4
   371                           prodl	equ	0xFF3
   372                           fsr0h	equ	0xFEA
   373                           fsr0l	equ	0xFE9
   374                           wreg	equ	0xFE8
   375                           fsr1h	equ	0xFE2
   376                           fsr1l	equ	0xFE1
   377                           bsr	equ	0xFE0
   378                           fsr2h	equ	0xFDA
   379                           fsr2l	equ	0xFD9
   380                           status	equ	0xFD8
   381                           pclatu	equ	0xFFB
   382                           pclath	equ	0xFFA
   383                           tblptru	equ	0xFF8
   384                           tblptrh	equ	0xFF7
   385                           tblptrl	equ	0xFF6
   386                           tablat	equ	0xFF5
   387                           prodh	equ	0xFF4
   388                           prodl	equ	0xFF3
   389                           fsr0h	equ	0xFEA
   390                           fsr0l	equ	0xFE9
   391                           wreg	equ	0xFE8
   392                           fsr1h	equ	0xFE2
   393                           fsr1l	equ	0xFE1
   394                           bsr	equ	0xFE0
   395                           fsr2h	equ	0xFDA
   396                           fsr2l	equ	0xFD9
   397                           status	equ	0xFD8
   398                           
   399                           	psect	rparam
   400  0000                     pclatu	equ	0xFFB
   401                           pclath	equ	0xFFA
   402                           tblptru	equ	0xFF8
   403                           tblptrh	equ	0xFF7
   404                           tblptrl	equ	0xFF6
   405                           tablat	equ	0xFF5
   406                           prodh	equ	0xFF4
   407                           prodl	equ	0xFF3
   408                           fsr0h	equ	0xFEA
   409                           fsr0l	equ	0xFE9
   410                           wreg	equ	0xFE8
   411                           fsr1h	equ	0xFE2
   412                           fsr1l	equ	0xFE1
   413                           bsr	equ	0xFE0
   414                           fsr2h	equ	0xFDA
   415                           fsr2l	equ	0xFD9
   416                           status	equ	0xFD8
   417                           
   418                           	psect	temp
   419  00002A                     btemp:
   420                           	opt stack 0
   421  00002A                     	ds	1
   422  0000                     int$flags	set	btemp
   423  0000                     wtemp6	set	btemp+1
   424                           pclatu	equ	0xFFB
   425                           pclath	equ	0xFFA
   426                           tblptru	equ	0xFF8
   427                           tblptrh	equ	0xFF7
   428                           tblptrl	equ	0xFF6
   429                           tablat	equ	0xFF5
   430                           prodh	equ	0xFF4
   431                           prodl	equ	0xFF3
   432                           fsr0h	equ	0xFEA
   433                           fsr0l	equ	0xFE9
   434                           wreg	equ	0xFE8
   435                           fsr1h	equ	0xFE2
   436                           fsr1l	equ	0xFE1
   437                           bsr	equ	0xFE0
   438                           fsr2h	equ	0xFDA
   439                           fsr2l	equ	0xFD9
   440                           status	equ	0xFD8


Data Sizes:
    Strings     0
    Constant    0
    Data        0
    BSS         0
    Persistent  0
    Stack       0

Auto Spaces:
    Space          Size  Autos    Used
    COMRAM           94     41      41
    BANK0           160      0       0
    BANK1           256      0       0
    BANK2           256      0       0
    BANK3           256      0       0
    BANK4           256      0       0
    BANK5           256      0       0
    BANK6           256      0       0
    BANK7           256      0       0

Pointer List with Targets:

    None.

Critical Paths under _main in COMRAM

    None.

Critical Paths under _LowIsr in COMRAM

    None.

Critical Paths under _high_ISR in COMRAM

    None.

Critical Paths under _main in BANK0

    None.

Critical Paths under _LowIsr in BANK0

    None.

Critical Paths under _high_ISR in BANK0

    None.

Critical Paths under _main in BANK1

    None.

Critical Paths under _LowIsr in BANK1

    None.

Critical Paths under _high_ISR in BANK1

    None.

Critical Paths under _main in BANK2

    None.

Critical Paths under _LowIsr in BANK2

    None.

Critical Paths under _high_ISR in BANK2

    None.

Critical Paths under _main in BANK3

    None.

Critical Paths under _LowIsr in BANK3

    None.

Critical Paths under _high_ISR in BANK3

    None.

Critical Paths under _main in BANK4

    None.

Critical Paths under _LowIsr in BANK4

    None.

Critical Paths under _high_ISR in BANK4

    None.

Critical Paths under _main in BANK5

    None.

Critical Paths under _LowIsr in BANK5

    None.

Critical Paths under _high_ISR in BANK5

    None.

Critical Paths under _main in BANK6

    None.

Critical Paths under _LowIsr in BANK6

    None.

Critical Paths under _high_ISR in BANK6

    None.

Critical Paths under _main in BANK7

    None.

Critical Paths under _LowIsr in BANK7

    None.

Critical Paths under _high_ISR in BANK7

    None.

Call Graph Tables:

 ---------------------------------------------------------------------------------
 (Depth) Function   	        Calls       Base Space   Used Autos Params    Refs
 ---------------------------------------------------------------------------------
 (0) _main                                                 2     2      0       0
                                             39 COMRAM     2     2      0
 ---------------------------------------------------------------------------------
 Estimated maximum stack depth 0
 ---------------------------------------------------------------------------------
 (Depth) Function   	        Calls       Base Space   Used Autos Params    Refs
 ---------------------------------------------------------------------------------
 (1) _LowIsr                                              21    21      0       0
                                             18 COMRAM    21    21      0
 ---------------------------------------------------------------------------------
 Estimated maximum stack depth 1
 ---------------------------------------------------------------------------------
 (Depth) Function   	        Calls       Base Space   Used Autos Params    Refs
 ---------------------------------------------------------------------------------
 (2) _high_ISR                                            18    18      0       0
                                              0 COMRAM    18    18      0
 ---------------------------------------------------------------------------------
 Estimated maximum stack depth 2
 ---------------------------------------------------------------------------------

 Call Graph Graphs:

 _main (ROOT)

 _LowIsr (ROOT)

 _high_ISR (ROOT)

 Address spaces:
Name               Size   Autos  Total    Cost      Usage
BITCOMRAM           5E      0       0       0        0.0%
EEDATA             100      0       0       0        0.0%
NULL                 0      0       0       0        0.0%
CODE                 0      0       0       0        0.0%
COMRAM              5E     29      29       1       43.6%
STACK                0      0       0       2        0.0%
DATA                 0      0       0       3        0.0%
BITBANK0            A0      0       0       4        0.0%
BANK0               A0      0       0       5        0.0%
BITBANK1           100      0       0       6        0.0%
BANK1              100      0       0       7        0.0%
BITBANK2           100      0       0       8        0.0%
BANK2              100      0       0       9        0.0%
BITBANK3           100      0       0      10        0.0%
BANK3              100      0       0      11        0.0%
BITBANK4           100      0       0      12        0.0%
BANK4              100      0       0      13        0.0%
BITBANK5           100      0       0      14        0.0%
BANK5              100      0       0      15        0.0%
BITBANK6           100      0       0      16        0.0%
BANK6              100      0       0      17        0.0%
BITBANK7           100      0       0      18        0.0%
BANK7              100      0       0      19        0.0%
ABS                  0      0       0      20        0.0%
BIGRAM             7FF      0       0      21        0.0%
BITSFR               0      0       0     200        0.0%
SFR                  0      0       0     200        0.0%


Microchip Technology PIC18 Macro Assembler V1.44 build -154322312 
Symbol Table                                                                                   Wed Jan  3 01:05:44 2018

                     l23 0D66                       u17 0D72                       bsr 000FE0  
                    wreg 000FE8                     _main 0D60                     fsr0h 000FEA  
                   fsr1h 000FE2                     fsr2h 000FDA                     fsr0l 000FE9  
                   fsr1l 000FE1                     fsr2l 000FD9                     btemp 002A  
                   prodh 000FF4                     prodl 000FF3                     start 0CC6  
           ___param_bank 000000                    ?_main 0001                    _TRISB 000F93  
                  pclath 000FFA                    tablat 000FF5                    status 000FD8  
                  wtemp6 002B          __initialization 0D86             __end_of_main 0D86  
                 ??_main 0028            __activetblptr 000000                   _LowIsr 0C18  
       __end_of_high_ISR 0D60                   tblptrh 000FF7                   tblptrl 000FF6  
                 tblptru 000FF8               __accesstop 0060  __end_of__initialization 0D86  
          ___rparam_used 000001           __pcstackCOMRAM 0001                  ?_LowIsr 0001  
              ?_high_ISR 0001                  __Hparam 0000                  __Lparam 0000  
        __size_of_LowIsr 00AE                  __pcinit 0D86                  __ramtop 0800  
                __ptext0 0D60               ??_high_ISR 0001           __pintcode_body 0CCA  
   end_of_initialization 0D86                  int_func 0CCA                _TRISAbits 000F92  
         __end_of_LowIsr 0CC6      start_initialization 0D86                 ??_LowIsr 0013  
      __size_of_high_ISR 0158                __pintcode 0C08              __pintcodelo 0C18  
               _LATAbits 000F89                 __Hrparam 0000                 __Lrparam 0000  
               _high_ISR 0C08            __size_of_main 0026                 int$flags 002A  
               intlevel1 0000                 intlevel2 0000  
