

Microchip Technology PIC18 LITE Macro Assembler V1.44 build -154322312 
                                                                                               Mon Jan 15 18:39:51 2018

Microchip Technology Omniscient Code Generator v1.44 (Free mode) build 201709140600
     1                           	processor	18F4550
     2                           	fnconf	rparam,??,?,0
     3                           	opt	pw 120
     4                           	opt	lm
     5                           	psect	cinit,global,reloc=2,class=CODE,delta=1
     6                           	psect	cstackCOMRAM,global,class=COMRAM,space=1,delta=1,noexec
     7                           	psect	text0,global,reloc=2,class=CODE,delta=1
     8                           	psect	text1,global,reloc=2,class=CODE,delta=1
     9                           	psect	intsave_regs,global,class=BIGRAM,space=1,delta=1,noexec
    10                           	psect	rparam,global,class=COMRAM,space=1,delta=1,noexec
    11  0000                     
    12                           ; Version 1.44
    13                           ; Generated 14/09/2017 GMT
    14                           ; 
    15                           ; Copyright © 2017, Microchip Technology Inc. and its subsidiaries ("Microchip")
    16                           ; All rights reserved.
    17                           ; 
    18                           ; This software is developed by Microchip Technology Inc. and its subsidiaries ("Microch
      +                          ip").
    19                           ; 
    20                           ; Redistribution and use in source and binary forms, with or without modification, are
    21                           ; permitted provided that the following conditions are met:
    22                           ; 
    23                           ;     1. Redistributions of source code must retain the above copyright notice, this lis
      +                          t of
    24                           ;        conditions and the following disclaimer.
    25                           ; 
    26                           ;     2. Redistributions in binary form must reproduce the above copyright notice, this 
      +                          list
    27                           ;        of conditions and the following disclaimer in the documentation and/or other
    28                           ;        materials provided with the distribution.
    29                           ; 
    30                           ;     3. Microchip's name may not be used to endorse or promote products derived from th
      +                          is
    31                           ;        software without specific prior written permission.
    32                           ; 
    33                           ; THIS SOFTWARE IS PROVIDED BY MICROCHIP "AS IS" AND ANY EXPRESS OR IMPLIED WARRANTIES,
    34                           ; INCLUDING, BUT NOT LIMITED TO, THE IMPLIED WARRANTIES OF MERCHANTABILITY AND FITNESS F
      +                          OR
    35                           ; PURPOSE ARE DISCLAIMED.  IN NO EVENT SHALL MICROCHIP BE LIABLE FOR ANY DIRECT, INDIREC
      +                          T,
    36                           ; INCIDENTAL, SPECIAL, EXEMPLARY, OR CONSEQUENTIAL DAMAGES (INCLUDING BUT NOT LIMITED TO
    37                           ; PROCUREMENT OF SUBSTITUTE GOODS OR SERVICES; LOSS OF USE, DATA OR PROFITS; OR BUSINESS
    38                           ; INTERRUPTION) HOWSOEVER CAUSED AND ON ANY THEORY OF LIABILITY, WHETHER IN CONTRACT, ST
      +                          RICT
    39                           ; LIABILITY, OR TORT (INCLUDING NEGLIGENCE OR OTHERWISE) ARISING IN ANY WAY OUT OF THE U
      +                          SE OF
    40                           ; THIS SOFTWARE, EVEN IF ADVISED OF THE POSSIBILITY OF SUCH DAMAGE.
    41                           ; 
    42                           ; 
    43                           ; Code-generator required, PIC18F4550 Definitions
    44                           ; 
    45                           ; SFR Addresses
    46  0000                     _PORTDbits	set	3971
    47  0000                     _PORTCbits	set	3970
    48  0000                     _TRISDbits	set	3989
    49                           
    50                           ; #config settings
    51  0000                     
    52                           	psect	cinit
    53  007FA6                     __pcinit:
    54                           	opt stack 0
    55  007FA6                     start_initialization:
    56                           	opt stack 0
    57  007FA6                     __initialization:
    58                           	opt stack 0
    59  007FA6                     end_of_initialization:
    60                           	opt stack 0
    61  007FA6                     __end_of__initialization:
    62                           	opt stack 0
    63  007FA6  0100               	movlb	0
    64  007FA8  EFE2  F03F         	goto	_main	;jump to C main() function
    65                           
    66                           	psect	cstackCOMRAM
    67  000001                     __pcstackCOMRAM:
    68                           	opt stack 0
    69  000001                     display@valor:
    70                           	opt stack 0
    71                           
    72                           ; 1 bytes @ 0x0
    73  000001                     	ds	1
    74  000002                     ??_main:
    75                           
    76                           ; 1 bytes @ 0x1
    77  000002                     	ds	1
    78  000003                     main@cont:
    79                           	opt stack 0
    80                           
    81                           ; 1 bytes @ 0x2
    82  000003                     	ds	1
    83                           
    84 ;;
    85 ;;Main: autosize = 0, tempsize = 1, incstack = 0, save=0
    86 ;;
    87 ;; *************** function _main *****************
    88 ;; Defined at:
    89 ;;		line 43 in file "Hola_7.c"
    90 ;; Parameters:    Size  Location     Type
    91 ;;		None
    92 ;; Auto vars:     Size  Location     Type
    93 ;;  cont            1    2[COMRAM] unsigned char 
    94 ;; Return value:  Size  Location     Type
    95 ;;                  1    wreg      void 
    96 ;; Registers used:
    97 ;;		wreg, status,2, status,0, cstack
    98 ;; Tracked objects:
    99 ;;		On entry : 0/0
   100 ;;		On exit  : 0/0
   101 ;;		Unchanged: 0/0
   102 ;; Data sizes:     COMRAM   BANK0   BANK1   BANK2   BANK3   BANK4   BANK5   BANK6   BANK7
   103 ;;      Params:         0       0       0       0       0       0       0       0       0
   104 ;;      Locals:         1       0       0       0       0       0       0       0       0
   105 ;;      Temps:          1       0       0       0       0       0       0       0       0
   106 ;;      Totals:         2       0       0       0       0       0       0       0       0
   107 ;;Total ram usage:        2 bytes
   108 ;; Hardware stack levels required when called:    1
   109 ;; This function calls:
   110 ;;		_display
   111 ;; This function is called by:
   112 ;;		Startup code after reset
   113 ;; This function uses a non-reentrant model
   114 ;;
   115                           
   116                           	psect	text0
   117  007FC4                     __ptext0:
   118                           	opt stack 0
   119  007FC4                     _main:
   120                           	opt stack 30
   121                           
   122                           ;Hola_7.c: 46: unsigned char cont = 0;
   123                           
   124                           ;incstack = 0
   125  007FC4  0E00               	movlw	0
   126  007FC6  6E03               	movwf	main@cont,c
   127                           
   128                           ;Hola_7.c: 48: TRISDbits.RD0 = 0;
   129  007FC8  9095               	bcf	3989,0,c	;volatile
   130                           
   131                           ;Hola_7.c: 49: TRISDbits.RD1 = 0;
   132  007FCA  9295               	bcf	3989,1,c	;volatile
   133                           
   134                           ;Hola_7.c: 50: PORTCbits.RC0 = 1;
   135  007FCC  8082               	bsf	3970,0,c	;volatile
   136  007FCE                     
   137                           ;Hola_7.c: 53: {
   138                           ;Hola_7.c: 54: if(!PORTCbits.RC0)
   139  007FCE  B082               	btfsc	3970,0,c	;volatile
   140  007FD0  D013               	goto	u60
   141                           
   142                           ;Hola_7.c: 55: {
   143                           ;Hola_7.c: 56: _delay((unsigned long)((10)*(20000000/4000.0)));
   144  007FD2  0E41               	movlw	65
   145  007FD4  6E02               	movwf	??_main& (0+255),c
   146  007FD6  0EEE               	movlw	238
   147  007FD8                     u77:
   148  007FD8  2EE8               	decfsz	wreg,f,c
   149  007FDA  D7FE               	bra	u77
   150  007FDC  2E02               	decfsz	??_main& (0+255),f,c
   151  007FDE  D7FC               	bra	u77
   152  007FE0  D000               	nop2	
   153                           
   154                           ;Hola_7.c: 57: if(!PORTCbits.RC0)
   155  007FE2  B082               	btfsc	3970,0,c	;volatile
   156  007FE4  D009               	goto	u60
   157                           
   158                           ;Hola_7.c: 58: {
   159                           ;Hola_7.c: 59: if(cont >= 3)
   160  007FE6  0E02               	movlw	2
   161  007FE8  6403               	cpfsgt	main@cont,c
   162  007FEA  D003               	goto	l18
   163                           
   164                           ;Hola_7.c: 60: {
   165                           ;Hola_7.c: 61: cont = 0;
   166  007FEC  0E00               	movlw	0
   167  007FEE  6E03               	movwf	main@cont,c
   168                           
   169                           ;Hola_7.c: 62: }
   170  007FF0  D001               	goto	l19
   171  007FF2                     l18:
   172                           
   173                           ;Hola_7.c: 63: else
   174                           ;Hola_7.c: 64: {
   175                           ;Hola_7.c: 65: cont++;
   176  007FF2  2A03               	incf	main@cont,f,c
   177  007FF4                     l19:
   178                           
   179                           ;Hola_7.c: 66: }
   180                           ;Hola_7.c: 67: while(!PORTCbits.RC0);
   181  007FF4  A082               	btfss	3970,0,c	;volatile
   182  007FF6  D7FE               	goto	l19
   183  007FF8                     u60:
   184                           
   185                           ;Hola_7.c: 68: }
   186                           ;Hola_7.c: 69: }
   187                           ;Hola_7.c: 70: display(cont);
   188  007FF8  5003               	movf	main@cont,w,c
   189  007FFA  ECD6  F03F         	call	_display
   190  007FFE  D7E7               	goto	l15
   191  008000                     __end_of_main:
   192                           	opt stack 0
   193                           wreg	equ	0xFE8
   194                           
   195 ;; *************** function _display *****************
   196 ;; Defined at:
   197 ;;		line 75 in file "Hola_7.c"
   198 ;; Parameters:    Size  Location     Type
   199 ;;  valor           1    wreg     unsigned char 
   200 ;; Auto vars:     Size  Location     Type
   201 ;;  valor           1    0[COMRAM] unsigned char 
   202 ;; Return value:  Size  Location     Type
   203 ;;                  1    wreg      void 
   204 ;; Registers used:
   205 ;;		wreg
   206 ;; Tracked objects:
   207 ;;		On entry : 0/0
   208 ;;		On exit  : 0/0
   209 ;;		Unchanged: 0/0
   210 ;; Data sizes:     COMRAM   BANK0   BANK1   BANK2   BANK3   BANK4   BANK5   BANK6   BANK7
   211 ;;      Params:         0       0       0       0       0       0       0       0       0
   212 ;;      Locals:         1       0       0       0       0       0       0       0       0
   213 ;;      Temps:          0       0       0       0       0       0       0       0       0
   214 ;;      Totals:         1       0       0       0       0       0       0       0       0
   215 ;;Total ram usage:        1 bytes
   216 ;; Hardware stack levels used:    1
   217 ;; This function calls:
   218 ;;		Nothing
   219 ;; This function is called by:
   220 ;;		_main
   221 ;; This function uses a non-reentrant model
   222 ;;
   223                           
   224                           	psect	text1
   225  007FAC                     __ptext1:
   226                           	opt stack 0
   227  007FAC                     _display:
   228                           	opt stack 30
   229                           
   230                           ;incstack = 0
   231                           ;display@valor stored from wreg
   232  007FAC  6E01               	movwf	display@valor,c
   233                           
   234                           ;Hola_7.c: 78: if (valor & (1 << 0)) PORTDbits.RD0 = 1;
   235  007FAE  A001               	btfss	display@valor,0,c
   236  007FB0  D002               	goto	l28
   237  007FB2  8083               	bsf	3971,0,c	;volatile
   238  007FB4  D001               	goto	l29
   239  007FB6                     l28:
   240                           
   241                           ;Hola_7.c: 79: else PORTDbits.RD0 = 0;
   242  007FB6  9083               	bcf	3971,0,c	;volatile
   243  007FB8                     l29:
   244                           
   245                           ;Hola_7.c: 81: if (valor & (1 << 1)) PORTDbits.RD1 = 1;
   246  007FB8  A201               	btfss	display@valor,1,c
   247  007FBA  D002               	goto	l30
   248  007FBC  8283               	bsf	3971,1,c	;volatile
   249  007FBE  0012               	return	
   250  007FC0                     l30:
   251                           
   252                           ;Hola_7.c: 82: else PORTDbits.RD1 = 0;
   253  007FC0  9283               	bcf	3971,1,c	;volatile
   254  007FC2  0012               	return	
   255  007FC4                     __end_of_display:
   256                           	opt stack 0
   257  0000                     wreg	equ	0xFE8
   258                           wreg	equ	0xFE8
   259                           
   260                           	psect	rparam
   261  0000                     wreg	equ	0xFE8


Data Sizes:
    Strings     0
    Constant    0
    Data        0
    BSS         0
    Persistent  0
    Stack       0

Auto Spaces:
    Space          Size  Autos    Used
    COMRAM           95      3       3
    BANK0           160      0       0
    BANK1           256      0       0
    BANK2           256      0       0
    BANK3           256      0       0
    BANK4           256      0       0
    BANK5           256      0       0
    BANK6           256      0       0
    BANK7           256      0       0

Pointer List with Targets:

    None.

Critical Paths under _main in COMRAM

    _main->_display

Critical Paths under _main in BANK0

    None.

Critical Paths under _main in BANK1

    None.

Critical Paths under _main in BANK2

    None.

Critical Paths under _main in BANK3

    None.

Critical Paths under _main in BANK4

    None.

Critical Paths under _main in BANK5

    None.

Critical Paths under _main in BANK6

    None.

Critical Paths under _main in BANK7

    None.

Call Graph Tables:

 ---------------------------------------------------------------------------------
 (Depth) Function   	        Calls       Base Space   Used Autos Params    Refs
 ---------------------------------------------------------------------------------
 (0) _main                                                 2     2      0      60
                                              1 COMRAM     2     2      0
                            _display
 ---------------------------------------------------------------------------------
 (1) _display                                              1     1      0      30
                                              0 COMRAM     1     1      0
 ---------------------------------------------------------------------------------
 Estimated maximum stack depth 1
 ---------------------------------------------------------------------------------

 Call Graph Graphs:

 _main (ROOT)
   _display

 Address spaces:
Name               Size   Autos  Total    Cost      Usage
BITCOMRAM           5F      0       0       0        0.0%
EEDATA             100      0       0       0        0.0%
NULL                 0      0       0       0        0.0%
CODE                 0      0       0       0        0.0%
COMRAM              5F      3       3       1        3.2%
STACK                0      0       0       2        0.0%
DATA                 0      0       0       3        0.0%
BITBANK0            A0      0       0       4        0.0%
BANK0               A0      0       0       5        0.0%
BITBANK1           100      0       0       6        0.0%
BANK1              100      0       0       7        0.0%
BITBANK2           100      0       0       8        0.0%
BANK2              100      0       0       9        0.0%
BITBANK3           100      0       0      10        0.0%
BANK3              100      0       0      11        0.0%
BITBANK4           100      0       0      12        0.0%
BANK4              100      0       0      13        0.0%
BITBANK5           100      0       0      14        0.0%
BANK5              100      0       0      15        0.0%
BITBANK6           100      0       0      16        0.0%
BANK6              100      0       0      17        0.0%
BITBANK7           100      0       0      18        0.0%
BANK7              100      0       0      19        0.0%
ABS                  0      0       0      20        0.0%
BIGRAM             7FF      0       0      21        0.0%
BITSFR               0      0       0     200        0.0%
SFR                  0      0       0     200        0.0%


Microchip Technology PIC18 Macro Assembler V1.44 build -154322312 
Symbol Table                                                                                   Mon Jan 15 18:39:51 2018

                     l30 7FC0                       l15 7FCE                       l18 7FF2  
                     l19 7FF4                       l28 7FB6                       l29 7FB8  
                     u60 7FF8                       u77 7FD8              __CFG_BORV$3 000000  
           __CFG_CP0$OFF 000000             __CFG_CP1$OFF 000000             __CFG_CP2$OFF 000000  
           __CFG_CP3$OFF 000000             __CFG_CPB$OFF 000000             __CFG_CPD$OFF 000000  
           __CFG_BOR$OFF 000000                      wreg 000FE8             __CFG_FOSC$HS 000000  
           __CFG_LVP$OFF 000000             __CFG_WDT$OFF 000000             __CFG_PWRT$ON 000000  
                   _main 7FC4                     start 0000            __CFG_IESO$OFF 000000  
          __CFG_MCLRE$ON 000000             ___param_bank 000000            __CFG_PLLDIV$2 000000  
                  ?_main 0001            __CFG_USBDIV$1 000000            __CFG_WRT0$OFF 000000  
          __CFG_WRT1$OFF 000000            __CFG_WRT2$OFF 000000            __CFG_WRT3$OFF 000000  
         __CFG_EBTR0$OFF 000000           __CFG_FCMEN$OFF 000000           __CFG_EBTR1$OFF 000000  
         __CFG_EBTR2$OFF 000000           __CFG_EBTR3$OFF 000000            __CFG_WRTB$OFF 000000  
        __end_of_display 7FC4            __CFG_WRTC$OFF 000000            __CFG_WRTD$OFF 000000  
           display@valor 0001           __CFG_EBTRB$OFF 000000           __CFG_ICPRT$OFF 000000  
        __initialization 7FA6             __end_of_main 8000                   ??_main 0002  
          __activetblptr 000000          __CFG_CCP2MX$OFF 000000           __CFG_XINST$OFF 000000  
         __CFG_STVREN$ON 000000                ??_display 0001               __accesstop 0060  
__end_of__initialization 7FA6          __CFG_PBADEN$OFF 000000            ___rparam_used 000001  
         __pcstackCOMRAM 0001          __CFG_VREGEN$OFF 000000                  __Hparam 0000  
                __Lparam 0000                  __pcinit 7FA6                  __ramtop 0800  
                __ptext0 7FC4                  __ptext1 7FAC                  _display 7FAC  
   end_of_initialization 7FA6                _PORTCbits 000F82                _PORTDbits 000F83  
              _TRISDbits 000F95      start_initialization 7FA6         __CFG_LPT1OSC$OFF 000000  
               ?_display 0001         __CFG_WDTPS$32768 000000                 __Hrparam 0000  
               __Lrparam 0000         __size_of_display 0018            __size_of_main 003C  
               main@cont 0003    __CFG_CPUDIV$OSC1_PLL2 000000  
