

Microchip Technology PIC18 LITE Macro Assembler V1.44 build -154322312 
                                                                                               Tue Jan  9 06:05:35 2018

Microchip Technology Omniscient Code Generator v1.44 (Free mode) build 201709140600
     1                           	processor	18F452
     2                           	fnconf	rparam,??,?,0
     3                           	opt	pw 120
     4                           	opt	lm
     5                           	psect	cinit,global,reloc=2,class=CODE,delta=1
     6                           	psect	cstackCOMRAM,global,class=COMRAM,space=1,delta=1,noexec
     7                           	psect	text0,global,reloc=2,class=CODE,delta=1
     8                           	psect	intsave_regs,global,class=BIGRAM,space=1,delta=1,noexec
     9                           	psect	rparam,global,class=COMRAM,space=1,delta=1,noexec
    10  0000                     
    11                           ; Version 1.44
    12                           ; Generated 14/09/2017 GMT
    13                           ; 
    14                           ; Copyright © 2017, Microchip Technology Inc. and its subsidiaries ("Microchip")
    15                           ; All rights reserved.
    16                           ; 
    17                           ; This software is developed by Microchip Technology Inc. and its subsidiaries ("Microch
      +                          ip").
    18                           ; 
    19                           ; Redistribution and use in source and binary forms, with or without modification, are
    20                           ; permitted provided that the following conditions are met:
    21                           ; 
    22                           ;     1. Redistributions of source code must retain the above copyright notice, this lis
      +                          t of
    23                           ;        conditions and the following disclaimer.
    24                           ; 
    25                           ;     2. Redistributions in binary form must reproduce the above copyright notice, this 
      +                          list
    26                           ;        of conditions and the following disclaimer in the documentation and/or other
    27                           ;        materials provided with the distribution.
    28                           ; 
    29                           ;     3. Microchip's name may not be used to endorse or promote products derived from th
      +                          is
    30                           ;        software without specific prior written permission.
    31                           ; 
    32                           ; THIS SOFTWARE IS PROVIDED BY MICROCHIP "AS IS" AND ANY EXPRESS OR IMPLIED WARRANTIES,
    33                           ; INCLUDING, BUT NOT LIMITED TO, THE IMPLIED WARRANTIES OF MERCHANTABILITY AND FITNESS F
      +                          OR
    34                           ; PURPOSE ARE DISCLAIMED.  IN NO EVENT SHALL MICROCHIP BE LIABLE FOR ANY DIRECT, INDIREC
      +                          T,
    35                           ; INCIDENTAL, SPECIAL, EXEMPLARY, OR CONSEQUENTIAL DAMAGES (INCLUDING BUT NOT LIMITED TO
    36                           ; PROCUREMENT OF SUBSTITUTE GOODS OR SERVICES; LOSS OF USE, DATA OR PROFITS; OR BUSINESS
    37                           ; INTERRUPTION) HOWSOEVER CAUSED AND ON ANY THEORY OF LIABILITY, WHETHER IN CONTRACT, ST
      +                          RICT
    38                           ; LIABILITY, OR TORT (INCLUDING NEGLIGENCE OR OTHERWISE) ARISING IN ANY WAY OUT OF THE U
      +                          SE OF
    39                           ; THIS SOFTWARE, EVEN IF ADVISED OF THE POSSIBILITY OF SUCH DAMAGE.
    40                           ; 
    41                           ; 
    42                           ; Code-generator required, PIC18F452 Definitions
    43                           ; 
    44                           ; SFR Addresses
    45  0000                     _PORTDbits	set	3971
    46  0000                     _LATDbits	set	3980
    47  0000                     _LATBbits	set	3978
    48  0000                     _INTCON2bits	set	4081
    49  0000                     _TRISB	set	3987
    50  0000                     _TRISD	set	3989
    51  0000                     _LATB	set	3978
    52  0000                     _LATD	set	3980
    53                           
    54                           ; #config settings
    55  0000                     
    56                           	psect	cinit
    57  003FAE                     __pcinit:
    58                           	opt stack 0
    59  003FAE                     start_initialization:
    60                           	opt stack 0
    61  003FAE                     __initialization:
    62                           	opt stack 0
    63  003FAE                     end_of_initialization:
    64                           	opt stack 0
    65  003FAE                     __end_of__initialization:
    66                           	opt stack 0
    67  003FAE  0100               	movlb	0
    68  003FB0  EFDA  F01F         	goto	_main	;jump to C main() function
    69                           
    70                           	psect	cstackCOMRAM
    71  000000                     __pcstackCOMRAM:
    72                           	opt stack 0
    73  000000                     
    74                           ; 1 bytes @ 0x0
    75 ;;
    76 ;;Main: autosize = 0, tempsize = 0, incstack = 0, save=0
    77 ;;
    78 ;; *************** function _main *****************
    79 ;; Defined at:
    80 ;;		line 36 in file "Hola_5.c"
    81 ;; Parameters:    Size  Location     Type
    82 ;;		None
    83 ;; Auto vars:     Size  Location     Type
    84 ;;		None
    85 ;; Return value:  Size  Location     Type
    86 ;;                  1    wreg      void 
    87 ;; Registers used:
    88 ;;		wreg, status,2
    89 ;; Tracked objects:
    90 ;;		On entry : 0/0
    91 ;;		On exit  : 0/0
    92 ;;		Unchanged: 0/0
    93 ;; Data sizes:     COMRAM   BANK0   BANK1   BANK2   BANK3   BANK4   BANK5
    94 ;;      Params:         0       0       0       0       0       0       0
    95 ;;      Locals:         0       0       0       0       0       0       0
    96 ;;      Temps:          0       0       0       0       0       0       0
    97 ;;      Totals:         0       0       0       0       0       0       0
    98 ;;Total ram usage:        0 bytes
    99 ;; This function calls:
   100 ;;		Nothing
   101 ;; This function is called by:
   102 ;;		Startup code after reset
   103 ;; This function uses a non-reentrant model
   104 ;;
   105                           
   106                           	psect	text0
   107  003FB4                     __ptext0:
   108                           	opt stack 0
   109  003FB4                     _main:
   110                           	opt stack 0
   111  003FB4  FFFF               	dw	65535	; assembler added errata NOP
   112                           
   113                           ;Hola_5.c: 39: LATD = 0x0;
   114                           
   115                           ;incstack = 0
   116  003FB6  0E00               	movlw	0
   117  003FB8  6E8C               	movwf	3980,c	;volatile
   118                           
   119                           ;Hola_5.c: 40: LATB = 0x0;
   120  003FBA  0E00               	movlw	0
   121  003FBC  6E8A               	movwf	3978,c	;volatile
   122                           
   123                           ;Hola_5.c: 42: TRISD = 0x7F;
   124  003FBE  0E7F               	movlw	127
   125  003FC0  6E95               	movwf	3989,c	;volatile
   126                           
   127                           ;Hola_5.c: 43: TRISB = 0xFE;
   128  003FC2  0EFE               	movlw	254
   129  003FC4  6E93               	movwf	3987,c	;volatile
   130                           
   131                           ;Hola_5.c: 50: INTCON2bits.RBPU = 0;
   132  003FC6  9EF1               	bcf	intcon2,7,c	;volatile
   133                           
   134                           ;Hola_5.c: 54: LATBbits.LATB0 = 0;
   135  003FC8  908A               	bcf	3978,0,c	;volatile
   136                           
   137                           ;Hola_5.c: 55: LATDbits.LATD7 = 0;
   138  003FCA  9E8C               	bcf	3980,7,c	;volatile
   139  003FCC  FFFF               	dw	65535	; assembler added errata NOP
   140                           
   141                           ;Hola_5.c: 57: {
   142                           ;Hola_5.c: 58: if(PORTDbits.RD2 && PORTDbits.RD3 )
   143  003FCE  B483               	btfsc	3971,2,c	;volatile
   144  003FD0  A683               	btfss	3971,3,c	;volatile
   145  003FD2  D002               	goto	l22
   146                           
   147                           ;Hola_5.c: 59: {
   148                           ;Hola_5.c: 60: LATDbits.LATD7 = 0;
   149  003FD4  9E8C               	bcf	3980,7,c	;volatile
   150  003FD6  D00B               	goto	L1
   151  003FD8                     l22:
   152  003FD8  FFFF               	dw	65535	; assembler added errata NOP
   153                           
   154                           ;Hola_5.c: 63: else if((PORTDbits.RD2) && !(PORTDbits.RD3))
   155  003FDA  B483               	btfsc	3971,2,c	;volatile
   156  003FDC  B683               	btfsc	3971,3,c	;volatile
   157  003FDE  D002               	goto	l24
   158                           
   159                           ;Hola_5.c: 64: {
   160                           ;Hola_5.c: 65: LATDbits.LATD7 = 1;
   161  003FE0  8E8C               	bsf	3980,7,c	;volatile
   162  003FE2  D00A               	goto	L2
   163  003FE4                     l24:
   164  003FE4  FFFF               	dw	65535	; assembler added errata NOP
   165                           
   166                           ;Hola_5.c: 68: else if(!(PORTDbits.RD2) && (PORTDbits.RD3))
   167  003FE6  A483               	btfss	3971,2,c	;volatile
   168  003FE8  A683               	btfss	3971,3,c	;volatile
   169  003FEA  D004               	goto	l26
   170                           
   171                           ;Hola_5.c: 69: {
   172                           ;Hola_5.c: 70: LATDbits.LATD7 = 1;
   173  003FEC  8E8C               	bsf	3980,7,c	;volatile
   174  003FEE                     L1:
   175  003FEE  FFFF               	dw	65535	; assembler added errata NOP
   176                           
   177                           ;Hola_5.c: 71: LATBbits.LATB0 = 1;
   178  003FF0  808A               	bsf	3978,0,c	;volatile
   179                           
   180                           ;Hola_5.c: 72: }
   181  003FF2  D7EC               	goto	l21
   182  003FF4                     l26:
   183  003FF4  FFFF               	dw	65535	; assembler added errata NOP
   184                           
   185                           ;Hola_5.c: 73: else
   186                           ;Hola_5.c: 74: {
   187                           ;Hola_5.c: 75: LATDbits.LATD7 = 0;
   188  003FF6  9E8C               	bcf	3980,7,c	;volatile
   189  003FF8                     L2:
   190  003FF8  FFFF               	dw	65535	; assembler added errata NOP
   191                           
   192                           ;Hola_5.c: 76: LATBbits.LATB0 = 0;
   193  003FFA  908A               	bcf	3978,0,c	;volatile
   194  003FFC  D7E7               	goto	l21
   195  003FFE                     __end_of_main:
   196                           	opt stack 0
   197  003FFE  FFFF               	dw	65535	; assembler added errata NOP
   198                           intcon2	equ	0xFF1
   199                           intcon2	equ	0xFF1
   200                           
   201                           	psect	rparam
   202  0000                     intcon2	equ	0xFF1


Data Sizes:
    Strings     0
    Constant    0
    Data        0
    BSS         0
    Persistent  0
    Stack       0

Auto Spaces:
    Space          Size  Autos    Used
    COMRAM          127      0       0
    BANK0           128      0       0
    BANK1           256      0       0
    BANK2           256      0       0
    BANK3           256      0       0
    BANK4           256      0       0
    BANK5           256      0       0

Pointer List with Targets:

    None.

Critical Paths under _main in COMRAM

    None.

Critical Paths under _main in BANK0

    None.

Critical Paths under _main in BANK1

    None.

Critical Paths under _main in BANK2

    None.

Critical Paths under _main in BANK3

    None.

Critical Paths under _main in BANK4

    None.

Critical Paths under _main in BANK5

    None.

Call Graph Tables:

 ---------------------------------------------------------------------------------
 (Depth) Function   	        Calls       Base Space   Used Autos Params    Refs
 ---------------------------------------------------------------------------------
 (0) _main                                                 0     0      0       0
 ---------------------------------------------------------------------------------
 Estimated maximum stack depth 0
 ---------------------------------------------------------------------------------

 Call Graph Graphs:

 _main (ROOT)

 Address spaces:
Name               Size   Autos  Total    Cost      Usage
BITCOMRAM           7F      0       0       0        0.0%
EEDATA             100      0       0       0        0.0%
NULL                 0      0       0       0        0.0%
CODE                 0      0       0       0        0.0%
COMRAM              7F      0       0       1        0.0%
STACK                0      0       0       2        0.0%
DATA                 0      0       0       3        0.0%
BITBANK0            80      0       0       4        0.0%
BANK0               80      0       0       5        0.0%
BITBANK1           100      0       0       6        0.0%
BANK1              100      0       0       7        0.0%
BITBANK2           100      0       0       8        0.0%
BANK2              100      0       0       9        0.0%
BITBANK3           100      0       0      10        0.0%
BANK3              100      0       0      11        0.0%
BITBANK4           100      0       0      12        0.0%
BANK4              100      0       0      13        0.0%
BANK5              100      0       0      14        0.0%
ABS                  0      0       0      15        0.0%
BITBANK5           100      0       0      16        0.0%
BIGRAM             5FF      0       0      17        0.0%
BITSFR               0      0       0     200        0.0%
SFR                  0      0       0     200        0.0%


Microchip Technology PIC18 Macro Assembler V1.44 build -154322312 
Symbol Table                                                                                   Tue Jan  9 06:05:35 2018

                                                             l21 3FCC  
                                                             l22 3FD8  
                                                             l24 3FE4  
                                                             l26 3FF4  
                                                   __CFG_CP0$OFF 000000  
                                                   __CFG_CP1$OFF 000000  
                                                   __CFG_CP2$OFF 000000  
                                                   __CFG_CP3$OFF 000000  
                                                    __CFG_OSC$HS 000000  
                                                   __CFG_CPB$OFF 000000  
                                                   __CFG_CPD$OFF 000000  
                                                   __CFG_BOR$OFF 000000  
                                                   __CFG_BORV$20 000000  
                                                   __CFG_LVP$OFF 000000  
                                                   __CFG_WDT$OFF 000000  
                                                           _LATB 000F8A  
                                                           _LATD 000F8C  
                                                   __CFG_PWRT$ON 000000  
                                                           _main 3FB4  
                                                           start 0002  
                                                   ___param_bank 000000  
                                                  __CFG_OSCS$OFF 000000  
                                                          ?_main 0000  
                                                          _TRISB 000F93  
                                                          _TRISD 000F95  
                                                  __CFG_WRT0$OFF 000000  
                                                  __CFG_WRT1$OFF 000000  
                                                  __CFG_WRT2$OFF 000000  
                                                  __CFG_WRT3$OFF 000000  
                                                 __CFG_EBTR0$OFF 000000  
                                                 __CFG_EBTR1$OFF 000000  
                                                 __CFG_EBTR2$OFF 000000  
                                                 __CFG_EBTR3$OFF 000000  
                                                  __CFG_STVR$OFF 000000  
                                                  __CFG_WRTB$OFF 000000  
                                                  __CFG_WRTC$OFF 000000  
                                                  __CFG_WRTD$OFF 000000  
                                                 __CFG_EBTRB$OFF 000000  
                                                __initialization 3FAE  
                                                   __end_of_main 3FFE  
                                                         ??_main 0000  
                                                  __activetblptr 000000  
                                                 __CFG_WDTPS$128 000000  
                                                     __accesstop 0080  
                                        __end_of__initialization 3FAE  
                                                  ___rparam_used 000001  
                                                 __pcstackCOMRAM 0000  
                                               __CFG_CCP2MUX$OFF 000000  
                                                        __Hparam 0000  
                                                        __Lparam 0000  
                                                        __pcinit 3FAE  
                                                        __ramtop 0600  
                                                        __ptext0 3FB4  
                                           end_of_initialization 3FAE  
                                                      _PORTDbits 000F83  
                                            start_initialization 3FAE  
                                                       _LATBbits 000F8A  
                                                       _LATDbits 000F8C  
                                                    _INTCON2bits 000FF1  
                                                       __Hrparam 0000  
                                                       __Lrparam 0000  
                                                  __size_of_main 004A  
